954000 891000
1238000 900000
1555000 669000
1424000 1112000
1290000 1262000
1224000 1272000
1085000 781000
981000 786000
561000 817000
1459000 1117000
676000 950000
611000 843000
1260000 975000
965000 806000
857000 516000
450000 832000
517000 722000
973000 984000
831000 899000
1258000 671000
581000 573000
1443000 1229000
307000 1293000
1083000 1331000
943000 591000
709000 1086000
518000 794000
1062000 1391000
719000 389000
903000 692000
648000 558000
1148000 1218000
1093000 988000
726000 943000
755000 1045000
849000 801000
1272000 930000
714000 935000
795000 758000
929000 1128000
521000 1002000
914000 1307000
441000 885000
1225000 1034000
1061000 1088000
686000 641000
1395000 975000
253000 638000
859000 747000
509000 1161000
714000 559000
1663000 686000
1361000 1240000
1291000 960000
1686000 1011000
844000 929000
1002000 1233000
788000 1044000
681000 1041000
752000 1136000
1329000 1103000
879000 906000
1264000 1965000
837000 414000
1382000 1046000
878000 513000
1162000 1666000
733000 947000
712000 1348000
597000 1709000
1097000 837000
1621000 1291000
732000 737000
1099000 1095000
652000 796000
644000 1065000
578000 704000
609000 1453000
855000 1040000
1253000 542000
784000 1214000
490000 1192000
1084000 1742000
1919000 401000
860000 1075000
142000 1461000
1103000 1051000
859000 1282000
1107000 830000
632000 681000
582000 683000
758000 796000
745000 894000
1360000 1132000
1175000 1594000
736000 1139000
927000 1202000
845000 661000
987000 473000
1188000 1045000
204000 1359000
1003000 1084000
1192000 915000
931000 1238000
1073000 822000
555000 1008000
1365000 1066000
1325000 837000
191000 622000
1239000 715000
518000 1177000
1010000 933000
1653000 1398000
942000 837000
138000 790000
551000 1187000
576000 1227000
931000 1731000
603000 1342000
1057000 540000
1126000 804000
757000 630000
955000 761000
1101000 1275000
700000 1033000
1091000 1205000
1136000 653000
1360000 1040000
618000 959000
829000 1158000
1144000 985000
1203000 1441000
1043000 928000
1461000 1030000
738000 1169000
964000 289000
987000 1431000
1183000 1340000
1170000 1510000
1645000 1089000
1437000 658000
971000 1356000
327000 480000
1165000 590000
347000 1408000
989000 1200000
1795000 1577000
996000 283000
1195000 1143000
860000 888000
980000 1073000
204000 975000
619000 910000
1243000 761000
847000 687000
1137000 996000
816000 995000
1022000 846000
675000 998000
1148000 416000
1288000 347000
919000 1299000
696000 391000
1039000 1123000
700000 542000
937000 838000
629000 942000
935000 813000
559000 856000
1143000 1422000
753000 884000
761000 902000
756000 823000
789000 1024000
505000 898000
978000 1557000
876000 314000
897000 1137000
685000 1029000
1421000 1468000
785000 1663000
616000 1051000
1455000 1017000
999000 1011000
835000 1180000
863000 880000
979000 652000
430000 1166000
1014000 567000
1091000 1216000
529000 509000
1554000 958000
1226000 1231000
929000 1118000
628000 1122000
1284000 1145000
615000 945000
1069000 1241000
681000 854000
785000 1048000
1189000 923000
1172000 325000
878000 958000
589000 853000
858000 647000
98000 1212000
1122000 1446000
749000 1430000
479000 861000
1648000 1332000
830000 1327000
1286000 1285000
611000 575000
298000 757000
1095000 1038000
1284000 1746000
1012000 1232000
1088000 910000
1302000 1005000
475000 1074000
849000 521000
1424000 1275000
757000 1149000
746000 533000
885000 1064000
986000 813000
538000 1085000
785000 614000
982000 1607000
452000 728000
702000 918000
815000 723000
594000 612000
1002000 386000
892000 830000
626000 964000
820000 1326000
572000 439000
641000 470000
811000 1344000
1188000 357000
1187000 1405000
1230000 956000
871000 799000
702000 755000
720000 1507000
645000 1630000
1121000 816000
1478000 1192000
529000 1254000
943000 883000
551000 1247000
126000 1127000
971000 936000
1569000 809000
501000 1151000
709000 940000
546000 1349000
1302000 724000
306000 847000
930000 943000
588000 913000
522000 956000
755000 2013000
823000 1287000
1318000 689000
159000 1142000
402000 1107000
776000 1006000
494000 1280000
836000 679000
1347000 866000
837000 857000
474000 541000
935000 1111000
1646000 473000
421000 1257000
777000 1366000
747000 850000
761000 469000
843000 500000
975000 650000
1524000 1620000
1392000 1065000
1344000 646000
812000 1083000
974000 877000
822000 832000
1557000 1013000
533000 784000
996000 767000
1659000 993000
868000 708000
478000 889000
809000 1604000
1322000 993000
847000 1012000
1174000 1223000
1081000 1324000
801000 1548000
1109000 572000
1245000 818000
1232000 1175000
1085000 1012000
1138000 979000
880000 855000
1264000 1030000
1413000 530000
1060000 978000
549000 653000
442000 932000
1323000 387000
1236000 993000
744000 895000
1293000 966000
1112000 805000
381000 602000
667000 1278000
639000 548000
1041000 1154000
880000 1098000
1221000 1160000
504000 1516000
1282000 466000
898000 1178000
1082000 1189000
690000 833000
775000 1357000
857000 1079000
1063000 461000
943000 1196000
958000 857000
663000 1289000
1489000 768000
946000 960000
1126000 913000
949000 922000
643000 593000
546000 621000
1383000 767000
546000 807000
1215000 1078000
693000 1199000
897000 568000
925000 590000
681000 1020000
1184000 1285000
833000 980000
726000 415000
570000 990000
670000 771000
994000 1448000
517000 1140000
1108000 1815000
612000 978000
561000 846000
1152000 1168000
786000 1160000
1060000 911000
1220000 1204000
1436000 954000
623000 533000
1641000 1393000
726000 906000
1210000 1188000
880000 921000
1393000 938000
1076000 729000
935000 769000
897000 979000
832000 1229000
1389000 854000
1323000 1206000
970000 657000
1078000 1617000
1728000 1129000
860000 706000
987000 1258000
867000 677000
1222000 674000
689000 509000
422000 700000
1000000 697000
1194000 1068000
1211000 1054000
1089000 703000
804000 1714000
1222000 1388000
586000 1724000
992000 316000
752000 1001000
510000 323000
1065000 1186000
1019000 953000
1190000 682000
944000 1078000
1115000 614000
1574000 1574000
563000 920000
1024000 1376000
1036000 887000
1399000 635000
802000 562000
463000 828000
804000 1082000
1012000 527000
292000 1480000
713000 946000
1289000 1010000
144000 1442000
853000 829000
1288000 1137000
1370000 1084000
445000 1290000
714000 914000
944000 803000
607000 1265000
891000 659000
960000 495000
830000 1437000
855000 1308000
1027000 594000
870000 1163000
796000 908000
1198000 930000
884000 666000
938000 867000
425000 1231000
820000 834000
1203000 702000
962000 938000
544000 993000
1044000 914000
961000 1523000
1448000 1110000
942000 730000
682000 705000
597000 554000
1571000 1092000
801000 787000
672000 791000
1199000 595000
1200000 436000
1186000 1463000
1219000 1038000
1266000 1033000
1338000 623000
1103000 1404000
637000 1031000
1096000 1006000
299000 693000
694000 1564000
877000 965000
1312000 172000
975000 971000
1159000 1173000
612000 810000
1018000 780000
981000 858000
313000 1314000
1147000 735000
868000 1104000
760000 994000
921000 779000
959000 715000
632000 1274000
557000 1291000
850000 852000
1261000 1135000
838000 380000
1029000 610000
500000 748000
895000 1605000
599000 682000
651000 1099000
1079000 719000
777000 676000
877000 982000
1041000 974000
914000 719000
631000 470000
1246000 1332000
302000 1204000
1139000 880000
629000 1297000
825000 1585000
480000 733000
369000 981000
1477000 748000
1396000 740000
791000 1100000
427000 1057000
568000 1417000
633000 870000
717000 1023000
609000 250000
918000 651000
911000 722000
777000 1025000
1542000 1450000
433000 785000
702000 724000
1057000 1610000
803000 972000
998000 863000
1263000 502000
823000 1459000
551000 1007000
618000 763000
1547000 944000
648000 1030000
1139000 1193000
624000 1207000
147000 851000
854000 1276000
65000 1390000
831000 334000
662000 704000
461000 1088000
922000 647000
980000 902000
687000 242000
810000 936000
893000 774000
824000 789000
759000 608000
1095000 1019000
713000 1184000
811000 1451000
1664000 543000
886000 757000
786000 666000
920000 526000
666000 1155000
1008000 1894000
1341000 978000
423000 783000
999000 622000
705000 971000
839000 535000
939000 792000
858000 278000
1341000 1194000
1305000 912000
888000 1332000
1130000 842000
447000 1162000
1116000 973000
530000 915000
1171000 903000
1444000 1168000
959000 765000
924000 816000
1174000 628000
1309000 1024000
1028000 1429000
649000 899000
1217000 1553000
1037000 861000
802000 985000
715000 962000
861000 1271000
79000 907000
1114000 703000
1595000 921000
685000 527000
931000 922000
799000 933000
998000 1323000
819000 785000
1224000 1283000
844000 493000
966000 1209000
1343000 975000
926000 997000
870000 1121000
456000 688000
1074000 543000
1209000 597000
924000 1266000
1104000 520000
697000 571000
543000 1039000
859000 620000
591000 1211000
1414000 413000
818000 647000
870000 915000
1324000 1285000
905000 944000
798000 580000
1229000 1228000
1476000 986000
1408000 1125000
482000 702000
1166000 1000000
1341000 1056000
978000 660000
709000 1043000
976000 738000
904000 586000
679000 1267000
1007000 807000
492000 562000
911000 1117000
1097000 1149000
816000 1333000
834000 1292000
872000 1195000
890000 914000
1021000 834000
941000 1487000
685000 927000
483000 897000
66000 1087000
1136000 855000
817000 556000
977000 1411000
823000 1906000
861000 827000
1158000 593000
907000 1481000
734000 930000
1267000 977000
822000 1371000
659000 1612000
890000 1109000
758000 778000
792000 976000
293000 1210000
1500000 1214000
497000 1171000
860000 493000
337000 592000
1254000 1202000
743000 1319000
873000 1743000
1107000 670000
1218000 1208000
264000 848000
1403000 1304000
1578000 1060000
1324000 955000
506000 689000
874000 589000
1321000 1083000
750000 538000
1685000 1312000
681000 1387000
1443000 1498000
1047000 1047000
592000 492000
963000 1452000
964000 678000
995000 903000
265000 770000
1234000 1066000
1430000 717000
983000 1000000
1095000 761000
567000 1119000
1138000 1082000
834000 1492000
513000 1421000
974000 1130000
1148000 1193000
848000 668000
1213000 1245000
1052000 1116000
1200000 1051000
503000 1067000
871000 1328000
430000 1700000
534000 724000
1380000 1082000
846000 885000
420000 891000
840000 1286000
754000 820000
8000 1188000
1066000 619000
673000 1225000
978000 706000
994000 754000
987000 1108000
628000 1248000
980000 503000
1070000 1154000
1062000 1179000
1038000 807000
1008000 823000
934000 1555000
465000 819000
1219000 1199000
1174000 1341000
1009000 769000
481000 715000
961000 1172000
745000 716000
1231000 953000
964000 1415000
963000 1477000
864000 1066000
969000 662000
1187000 1203000
848000 749000
1036000 921000
1039000 1302000
714000 1513000
698000 645000
536000 1318000
1137000 524000
1271000 951000
669000 1791000
1142000 1288000
1192000 399000
722000 862000
705000 1115000
854000 718000
1543000 1366000
791000 763000
525000 831000
380000 1434000
464000 974000
926000 1399000
912000 788000
1255000 1015000
1093000 784000
681000 1021000
575000 766000
684000 1269000
1147000 1262000
830000 496000
551000 799000
884000 1198000
806000 916000
912000 701000
998000 1518000
580000 769000
733000 1406000
770000 1403000
755000 703000
656000 999000
633000 1186000
491000 1367000
984000 1175000
1032000 763000
926000 905000
1115000 1132000
897000 1377000
695000 789000
947000 1194000
786000 1170000
865000 3000
833000 750000
642000 1544000
1023000 870000
1304000 1302000
851000 801000
869000 926000
1173000 871000
1227000 1496000
659000 768000
611000 1120000
857000 376000
869000 743000
1279000 1440000
1121000 987000
729000 1053000
294000 1329000
1597000 848000
572000 638000
542000 1153000
1004000 747000
774000 1249000
756000 1537000
1165000 481000
1233000 888000
977000 1208000
643000 1124000
1250000 841000
1006000 614000
1072000 833000
963000 1042000
570000 869000
750000 1554000
1317000 943000
609000 1392000
789000 820000
1109000 1503000
567000 1351000
632000 1228000
1150000 572000
853000 1090000
738000 841000
1361000 870000
794000 901000
883000 992000
1558000 576000
1435000 1022000
705000 961000
1289000 1194000
331000 840000
1161000 828000
1082000 1036000
1433000 1164000
929000 1581000
536000 1220000
1439000 187000
906000 1035000
995000 1350000
1443000 783000
1693000 1138000
384000 1270000
759000 503000
242000 739000
1315000 1229000
1292000 948000
984000 1094000
734000 877000
910000 931000
919000 700000
1147000 915000
1053000 1298000
807000 923000
622000 599000
1067000 1830000
743000 230000
513000 890000
1311000 642000
704000 1028000
718000 1201000
823000 769000
781000 1010000
624000 672000
839000 1616000
765000 844000
706000 497000
1153000 1016000
959000 1116000
579000 615000
1594000 1011000
834000 1268000
950000 785000
683000 1103000
718000 856000
681000 332000
1330000 610000
611000 1454000
730000 1309000
1245000 1324000
364000 1294000
663000 1563000
626000 525000
1137000 283000
541000 443000
841000 934000
930000 1147000
455000 903000
1284000 970000
972000 464000
897000 1425000
699000 944000
433000 512000
934000 1237000
1092000 1091000
1490000 768000
354000 459000
1043000 600000
907000 689000
1298000 1494000
775000 843000
747000 1102000
1197000 925000
933000 1034000
790000 478000
601000 677000
1429000 965000
864000 700000
1045000 896000
1216000 988000
771000 753000
660000 436000
790000 754000
952000 1224000
751000 755000
884000 951000
837000 1223000
347000 1577000
1412000 1295000
889000 1179000
979000 1398000
615000 1239000
612000 742000
366000 676000
617000 924000
1143000 1094000
794000 1081000
868000 426000
1116000 1253000
650000 511000
365000 233000
315000 1627000
1283000 1410000
1541000 1265000
1029000 823000
662000 1250000
804000 820000
893000 1491000
913000 634000
911000 815000
1195000 1264000
1149000 1126000
1290000 1020000
742000 827000
1048000 699000
1108000 826000
1071000 1007000
1001000 1077000
401000 702000
1050000 1060000
812000 953000
538000 821000
1284000 1820000
762000 1148000
1274000 766000
1223000 1254000
245000 549000
866000 796000
1240000 718000
464000 1261000
1118000 1161000
805000 841000
1134000 928000
1049000 914000
1170000 987000
646000 711000
846000 1138000
1106000 1191000
1097000 744000
1367000 1154000
821000 668000
697000 1129000
1358000 1043000
862000 830000
737000 709000
772000 1512000
745000 1439000
1073000 1338000
693000 386000
1199000 990000
1043000 1438000
953000 1058000
1244000 1562000
1029000 1056000
1171000 845000
806000 659000
1038000 863000
837000 743000
1273000 1141000
914000 1106000
1344000 1454000
823000 886000
950000 951000
1084000 954000
1361000 1203000
1100000 1300000
553000 1062000
668000 868000
1508000 924000
785000 795000
1050000 1006000
794000 952000
797000 1157000
533000 1036000
980000 868000
1362000 647000
697000 1281000
1033000 1150000
864000 1445000
672000 550000
822000 1312000
1001000 926000
933000 737000
854000 374000
390000 1242000
666000 705000
1251000 1546000
1320000 1349000
704000 1407000
849000 900000
1227000 755000
917000 682000
503000 1240000
1068000 1322000
790000 966000
1227000 593000
664000 857000
1011000 613000
681000 973000

