16407000 16544000
16649000 15979000
16725000 16232000
16136000 16257000
16716000 15825000
16713000 15649000
15916000 16602000
16154000 16436000
15718000 16369000
15647000 16496000
16237000 15961000
15889000 16457000
16597000 15711000
16351000 16130000
15882000 15851000
16525000 15688000
16336000 16124000
16426000 16218000
16185000 16258000
16391000 16221000
16258000 15949000
16337000 16332000
16645000 16222000
16515000 16400000
16633000 16256000
16853000 16032000
16161000 16302000
16708000 16299000
16349000 15984000
16475000 16376000
16162000 16103000
15813000 16481000
16243000 15953000
16617000 16256000
16433000 15954000
16829000 16425000
16588000 15866000
16200000 15960000
16165000 16458000
15713000 16248000
15918000 16324000
16726000 15865000
16633000 16101000
15594000 16688000
16008000 16299000
16830000 15350000
16262000 16089000
16247000 16370000
16019000 16381000
16036000 16182000
16707000 15868000
16714000 16050000
16589000 15807000
16721000 15937000
16119000 16123000
15792000 16309000
16438000 16058000
15887000 16370000
16375000 16325000
16698000 15860000
16225000 16172000
16580000 15405000
16108000 16303000
16460000 15695000
16162000 16345000
16645000 16070000
16672000 15907000
16612000 15747000
16225000 15955000
16162000 16339000
16119000 15966000
15803000 16199000
16646000 16396000
15438000 16674000
16589000 15694000
16177000 15571000
16457000 16185000
15852000 16193000
16652000 15952000
16424000 15483000
16139000 16181000
16315000 16310000
16629000 16457000
16144000 16419000
16244000 16297000
16446000 15853000
16195000 15985000
16254000 16052000
16013000 16219000
16832000 16013000
16411000 16336000
16441000 16278000
16092000 16193000
16481000 16115000
16700000 15906000
16494000 16303000
16317000 15575000
16134000 16241000
16224000 15553000
16165000 16544000
15928000 16237000
16400000 16359000
16108000 16336000
16316000 16009000
16539000 16400000
16174000 16307000
16131000 16250000
16048000 15906000
16620000 16461000
15853000 15955000
16168000 16152000
16250000 15569000
16843000 16286000
16062000 16294000
16097000 16398000
16279000 15934000
16406000 16327000
16215000 16241000
16184000 16337000
16471000 15995000
16217000 16369000
16487000 16253000
16896000 15648000
16503000 16022000
16245000 16007000
16364000 15736000
16186000 16753000
15897000 16584000
16242000 16304000
16392000 16032000
16719000 16409000
16265000 16086000
16882000 15890000
16295000 16328000
16320000 15966000
16424000 16259000
16403000 16243000
16079000 16362000
16298000 15875000
16264000 16027000
16079000 16216000
16315000 16368000
16036000 16326000
16723000 16077000
16704000 16196000
16172000 16335000
16047000 16336000
15917000 15996000
16104000 16009000
16699000 16119000
16093000 16148000
16560000 16163000
16353000 16239000
16055000 16371000
16633000 16105000
16028000 16567000
16194000 16415000
16457000 15710000
16215000 16158000
16279000 16023000
15827000 16236000
16585000 16608000
16555000 15920000
16321000 16694000
15961000 16205000
16171000 16322000
16014000 16014000
16449000 16180000
16616000 15843000
16345000 16309000
16150000 15896000
16192000 16255000
16030000 16381000
16409000 16215000
16736000 16192000
16399000 16414000
16346000 16476000
15945000 16305000
16243000 16238000
16147000 16296000
16497000 15887000
16218000 16106000
16194000 16399000
15986000 16547000
15981000 15750000
16387000 15924000
15821000 16308000
16062000 16113000
16825000 16128000
16091000 16351000
16046000 16219000
16257000 15829000
15909000 16158000
15943000 16183000
16799000 16025000
16543000 15769000
16857000 15364000
16104000 16425000
16688000 16323000
15938000 16352000
15795000 16185000
16496000 15790000
16586000 16352000
16436000 16398000
16254000 16453000
16930000 15920000
16653000 16459000
16361000 16424000
15777000 16043000
15655000 16484000
16345000 15976000
16668000 16031000
16001000 16597000
16596000 16437000
16061000 16291000
16255000 16273000
16173000 16385000
16633000 15505000
16258000 16457000
16667000 15961000
16058000 16100000
16314000 16316000
16726000 15670000
16148000 16130000
16814000 16101000
16824000 16054000
16389000 16388000
16522000 16013000
16258000 16248000
16572000 16003000
16552000 16368000
15699000 16295000
16001000 16176000
16468000 16579000
16475000 15471000
16497000 16260000
16404000 16336000
16619000 16234000
15940000 16303000
16292000 16042000
15886000 16348000
16258000 16446000
16353000 16275000
16589000 15713000
16060000 15938000
16498000 16609000
16859000 16194000
16695000 16322000
16397000 16264000
16323000 15732000
16320000 16160000
16117000 16093000
16134000 16320000
15910000 16201000
16457000 15727000
16225000 16108000
15616000 16495000
15404000 16248000
16016000 16200000
16502000 16456000
16635000 16194000
16031000 16590000
16104000 16338000
15950000 16087000
16289000 16430000
16790000 16322000
16451000 16318000
16632000 16257000
16248000 16317000
16365000 16456000
16497000 16120000
16556000 15833000
16533000 15802000
15912000 15957000
16023000 16250000
16893000 16111000
15943000 16587000
16090000 15480000
16455000 15809000
15925000 15942000
16510000 16539000
16553000 16003000
16255000 16318000
16079000 16316000
16810000 15743000
15917000 16593000
16886000 16123000
16278000 16251000
15981000 16607000
15913000 15872000
16265000 15955000
16458000 16296000
16616000 15952000
16703000 15961000
16246000 16607000
16093000 16166000
15632000 16311000
16347000 16423000
15920000 15864000
16033000 16025000
16523000 16281000
16245000 16368000
16525000 15968000
16322000 16117000
16252000 16456000
16460000 16415000
15645000 16318000
15862000 16415000
16417000 16038000
15995000 16304000
16016000 16011000
16267000 16261000
16282000 15683000
16047000 16316000
16286000 16179000
16098000 16014000
15987000 16117000
16017000 16194000
16207000 16124000
16497000 15793000
16627000 16227000
16681000 15956000
16635000 16120000
16276000 16322000
16850000 16328000
16316000 16280000
16204000 16346000
16541000 16105000
16644000 15793000
16455000 15972000
16494000 16075000
16277000 16003000
16317000 16457000
16085000 16250000
16509000 16005000
16580000 16119000
16109000 16204000
16455000 16178000
15712000 15757000
15981000 16399000
16743000 15983000
16277000 16351000
16647000 15582000
16291000 15920000
16324000 16007000
15788000 16184000
15469000 16207000
16722000 16385000
15881000 16305000
15977000 15999000
16458000 16217000
16410000 16319000
15834000 16213000
16322000 15773000
16235000 16360000
16352000 15856000
16470000 16456000
16117000 16091000
16270000 16329000
16154000 16309000
16127000 16232000
16237000 16311000
16406000 16459000
16256000 16184000
16202000 16317000
16312000 16149000
16313000 16064000
15983000 16254000
16637000 15552000
16773000 16119000
16740000 15856000
16356000 16350000
16059000 15933000
16225000 15723000
16377000 16018000
16026000 16199000
16612000 15801000
16039000 16368000
16323000 15921000
15319000 16209000
16101000 16288000
16315000 16166000
16222000 16211000
16048000 15822000
16363000 16372000
16233000 16303000
15910000 16388000
15927000 16459000
16230000 16489000
16498000 15911000
16250000 16127000
16309000 16306000
16227000 15750000
16290000 16301000
15859000 16188000
16155000 16322000
16000000 16268000
16602000 16567000
16128000 16185000
16415000 16288000
15977000 16404000
16494000 15976000
16188000 16346000
16026000 16325000
15953000 15766000
16851000 16695000
15788000 16032000
15927000 16186000
16753000 15803000
16427000 15417000
15979000 16200000
16395000 16318000
16290000 16334000
16465000 16459000
16255000 16369000
16017000 15950000
15586000 16351000
16286000 16371000
16012000 16305000
15918000 15854000
16028000 16381000
16407000 16068000
16521000 16457000
15992000 15595000
16479000 16578000
16181000 16321000
16162000 16519000
15694000 16328000
16455000 16149000
16217000 16303000
16240000 16039000
16030000 16318000
16320000 16219000
16273000 15915000
16323000 16122000
16320000 16043000
15799000 16194000
16194000 16045000
15955000 16299000
16366000 16576000
16096000 16094000
15825000 16562000
16244000 16320000
16036000 16180000
16118000 16350000
15885000 15976000
15985000 16336000
16400000 16401000
16314000 16207000
16358000 15637000
16113000 16335000
16162000 16530000
15981000 16339000
16258000 15624000
16605000 15834000
16033000 16324000
16505000 16450000
15728000 16198000
16086000 16456000
16091000 16704000
16684000 16640000
16669000 16221000
16032000 16185000
15509000 16370000
16258000 15976000
16119000 16181000
15936000 16351000
16912000 15547000
16320000 15636000
16455000 15879000
16564000 16050000
16271000 16065000
16048000 16034000
16233000 16248000
16295000 16249000
16163000 16561000
16657000 15844000
15992000 16369000
16238000 15774000
16327000 15912000
16083000 16347000
16563000 15923000
16317000 16317000
15971000 16405000
15640000 16564000
16772000 15692000
16386000 16216000
16458000 16494000
15860000 16588000
16251000 16213000
16335000 16300000
16442000 16382000
16634000 15814000
16314000 16326000
16741000 16093000
15957000 16802000
15837000 16249000
16257000 15906000
16485000 16281000
16279000 16354000
16110000 16044000
16486000 16026000
16359000 16413000
16197000 15818000
15945000 16416000
16703000 15845000
16605000 16305000
16266000 16248000
16186000 16237000
16020000 16326000
15938000 16126000
15547000 16184000
16092000 16315000
15967000 16514000
16511000 16586000
16267000 16343000
16115000 16172000
16469000 16014000
15979000 16300000
16205000 16177000
16225000 16459000
15604000 16564000
16247000 16354000
16589000 15461000
16399000 16325000
16784000 15747000
15964000 16178000
16113000 16260000
16454000 16399000
16551000 15820000
16183000 16442000
16057000 15999000
16572000 15965000
16287000 16430000
16807000 16207000
15958000 16302000
16253000 15852000
16433000 16403000
16481000 16172000
16577000 16065000
16103000 15380000
15760000 16150000
16552000 15808000
16571000 15817000
16111000 16347000
15749000 16414000
16324000 15676000
16017000 16138000
16707000 16427000
15928000 16197000
16499000 16369000
16643000 16371000
16098000 16456000
16032000 16301000
16266000 16260000
16382000 16035000
16761000 16025000
16366000 16256000
16534000 16352000
16439000 16317000
16356000 16286000
15822000 15603000
16886000 16859000
16149000 16304000
15768000 16299000
15812000 16199000
16156000 16029000
16031000 15921000
16188000 16123000
16232000 16735000
16064000 15877000
16268000 15973000
16202000 16520000
16444000 15801000
16258000 16142000
16334000 16319000
16254000 16734000
16498000 16184000
16548000 15727000
16318000 16336000
16095000 16236000
16259000 16028000
15787000 16199000
16650000 16036000
16241000 16243000
15897000 16220000
16600000 16291000
16282000 16076000
16504000 15933000
15959000 16142000
16480000 16073000
15775000 16096000
16022000 16299000
16742000 16157000
16390000 16413000
16027000 16104000
16432000 16264000
16155000 16484000
16150000 16200000
16231000 16063000
16548000 16079000
16446000 16122000
15996000 16138000
16449000 16130000
16645000 16062000
16457000 16167000
16802000 16268000
16132000 16128000
16276000 15692000
16155000 15925000
15968000 16184000
16110000 16197000
16254000 16310000
16399000 16381000
16041000 15987000
15963000 16240000
15392000 16180000
15945000 16417000
16320000 16174000
16236000 16577000
16021000 16370000
16126000 16250000
16536000 15434000
15926000 16368000
16134000 16321000
16224000 16720000
16338000 16370000
15976000 16208000
16186000 16258000
16857000 15924000
16213000 16283000
16542000 16090000
16860000 16016000
16323000 16224000
16632000 15638000
16462000 16170000
16384000 16174000
15757000 16082000
16166000 16188000
16464000 16147000
16086000 16326000
16373000 16342000
16637000 15960000
15702000 16088000
16257000 16414000
15943000 16053000
16221000 16301000
16074000 16236000
15951000 16646000
16120000 16378000
16754000 16132000
16438000 16422000
16132000 16310000
16218000 16324000
16081000 16622000
16562000 16456000
16303000 16447000
16391000 16113000
16326000 16325000
16414000 15866000
16384000 16381000
16118000 16608000
15817000 16107000
16220000 15840000
16118000 16316000
16348000 16571000
15807000 16313000
16792000 16134000
16361000 16219000
16394000 16193000
16459000 15991000
16226000 16131000
16142000 15833000
16180000 16012000
16320000 16184000
16780000 16312000
16125000 16160000
16459000 15785000
15985000 16212000
16050000 16299000
16279000 16087000
16294000 16566000
16408000 16370000
15833000 16035000
16680000 16124000
16714000 16011000
15747000 16302000
16227000 16248000
16553000 15918000
16709000 15872000
15859000 16187000
16525000 15932000
15613000 16234000
16220000 15725000
16244000 16313000
16360000 16246000
15750000 16398000
15640000 16671000
16023000 16458000
16553000 16484000
16207000 16012000
16144000 16308000
16280000 16306000
15671000 16193000
16048000 15545000
15972000 16319000
16573000 16170000
16023000 16401000
16175000 16068000
16375000 16703000
16097000 15999000
16631000 16297000
15916000 16037000
15880000 16442000
16165000 16206000
16305000 16243000
16552000 15699000
16263000 15903000
16495000 16244000
16824000 16404000
16458000 16008000
16716000 16286000
15860000 16710000
16701000 15853000
16593000 15927000
16230000 16322000
16621000 16414000
15747000 16350000
16452000 16114000
16295000 15669000
16475000 16125000
15592000 16928000
16475000 16089000
15923000 16315000
16352000 16196000
16401000 16353000
16204000 16264000
15855000 16460000
16546000 15860000
15958000 16350000
16385000 15959000
16077000 16308000
16361000 16308000
16468000 15979000
15717000 15817000
16574000 15872000
16284000 16351000
16002000 16281000
15971000 16566000
16046000 16371000
16315000 15850000
16428000 15707000
15773000 16447000
15611000 16310000
16572000 16398000
15924000 16078000
15820000 16308000
16024000 16835000
16406000 15853000
16616000 15990000
16449000 15914000
16378000 16372000
16669000 16027000
15993000 16147000
16641000 15522000
16290000 16282000
15931000 16202000
16615000 16224000
16923000 16099000
16729000 16193000
16418000 16645000
15945000 16633000
15880000 16275000
16101000 16307000
16623000 16237000
16524000 16106000
15895000 16499000
16265000 16477000
16107000 16540000
16579000 15889000
15948000 16263000
16328000 16447000
15725000 16034000
17063000 15426000
16566000 16417000
16454000 16522000
16339000 16429000
16028000 16445000
16060000 16400000
16299000 16003000
16727000 15686000
16234000 16364000
16136000 15683000
16454000 15977000
16038000 16408000
16478000 16287000
16406000 16273000
16737000 15875000
16452000 15903000
16470000 15684000
15984000 16370000
16219000 16369000
16015000 16113000
16497000 16370000
16629000 16147000
16382000 16455000
16640000 15644000
16106000 16403000
16135000 16218000
16220000 16824000
16012000 16414000
16355000 16162000
16203000 16189000
15968000 15999000
16673000 15702000
16524000 16175000
16099000 16575000
16285000 16116000
16711000 15893000
16513000 16241000
16079000 16417000
16780000 15746000
16087000 16275000
16131000 16066000
16714000 15877000
16317000 16252000
16424000 16129000
16550000 15996000
16062000 16165000
16000000 16390000
16409000 16461000
16353000 16052000
16647000 15902000
15885000 16433000
15859000 16362000
16497000 16036000
16363000 16089000
16298000 16449000
16200000 16244000
16168000 16616000
15913000 16326000
16035000 16462000
16199000 16298000
16033000 16057000
16573000 15975000
16196000 16217000
15874000 16345000
16693000 15852000
16257000 16175000
16392000 16541000
15594000 16207000
16602000 16422000
16376000 16080000
16455000 15930000
16481000 16152000
16225000 16133000
15989000 16216000
16087000 16331000
16572000 16414000
16456000 16177000
16143000 16325000
16544000 15699000
16052000 16397000
16687000 16291000
15899000 16146000
16465000 15060000
15996000 15884000
16438000 15950000
16548000 15849000
15791000 16235000
16312000 16219000
16319000 16131000
15888000 16260000
16455000 16115000
16143000 16076000
16341000 16337000
16174000 16456000
16133000 15457000
16240000 16238000
16442000 16351000
16561000 16273000
15968000 16386000
16226000 16143000
16108000 16285000
16338000 15949000
15734000 16036000
16020000 15639000
16386000 16007000
16265000 16371000
16830000 15957000
15974000 16319000
16417000 16401000
16356000 16185000
15940000 16188000
16458000 15819000
16635000 16243000
15452000 16237000
16525000 16266000
16270000 15997000
16305000 16301000
16270000 16037000
16080000 15558000
16063000 16459000
16688000 16091000
16484000 16237000
16317000 16109000
16475000 15793000
16418000 16455000
16130000 15663000
16682000 15998000
15994000 16200000
16198000 16310000
16337000 15962000
16548000 16183000
16051000 16434000
16096000 16307000
16280000 16323000
16133000 16260000
16524000 16325000
16034000 16248000
16216000 16388000
16244000 16123000
16310000 16204000
16053000 16416000
16291000 16019000
15953000 16520000
16477000 16456000
16726000 16259000
16516000 16045000
16376000 15667000
16181000 16052000
16563000 16095000
16781000 15626000
16367000 16374000
16131000 16752000
15954000 16370000
16323000 16299000
16360000 15495000
16633000 15735000
16458000 15888000
16002000 16126000
16476000 15818000
15865000 15991000
16356000 16380000
16419000 16116000
16573000 16224000
16515000 16262000
16099000 16234000
16012000 16259000
16441000 16337000
16231000 16320000
16338000 16403000
16080000 16329000
16265000 16424000
16638000 15576000
16372000 16225000
15604000 16167000
16852000 16720000
16209000 16249000
16617000 16218000
15772000 16271000
16156000 16389000
16480000 16267000
16377000 16329000
16105000 16178000
15863000 16370000
16641000 16149000
16380000 15650000
16642000 16018000
16769000 16439000
16124000 16102000
16501000 16199000
15690000 16098000
15656000 16322000
16635000 16304000
15945000 16199000
15884000 16193000
16087000 15800000
16220000 16371000
16607000 16276000
15946000 16169000
16368000 15843000
16005000 16147000
16138000 16380000
16437000 16060000
16497000 16014000
16339000 16311000
16416000 15820000
16731000 16193000
16635000 15903000
16247000 16020000
15990000 16249000
16691000 15705000
16275000 16148000
16119000 16017000
16628000 16132000
15983000 16152000
15937000 16487000
15948000 16213000
16086000 15641000
16256000 16018000
15548000 15991000
16786000 16318000
16535000 16224000
16358000 16402000
16294000 16125000
16550000 16403000
16241000 16162000
16640000 15677000
16386000 16228000
16356000 16102000
16120000 16972000
16058000 15687000
15781000 16354000
15577000 16035000
15916000 16226000
16041000 16515000
16229000 15799000
16271000 16389000
16313000 16123000
15927000 15872000
16377000 16293000
16270000 16455000
16239000 16404000
16651000 16241000
16400000 16074000
16383000 15899000
15972000 16073000
16716000 16276000
16566000 16779000
16468000 16184000
16232000 16261000
16198000 16033000
15779000 16369000
16743000 16461000
16130000 16327000
16047000 15673000
16140000 15807000
15969000 16274000
16272000 16064000
16497000 16089000
16383000 16485000
16165000 16475000
15909000 16165000
15771000 16408000
15957000 16386000
16485000 15882000
16320000 16168000
16697000 16600000
16218000 15967000
16812000 16313000
16357000 16314000
16551000 16036000
16320000 16275000
15982000 15536000
16260000 16160000
15814000 16151000
16512000 16268000
16007000 16128000
16711000 15770000
16083000 15805000
15981000 16246000
15972000 15781000
15778000 16543000
16105000 16205000
16156000 16752000
16414000 15862000
16257000 15988000
16844000 16299000
16052000 16310000
16769000 16015000
16081000 15685000
16662000 15914000
15977000 16027000
15534000 16307000
16391000 16288000
16428000 16402000
16354000 16301000
16155000 16048000
16204000 16305000
15843000 16314000
16388000 16248000
16254000 16128000
16633000 15459000
16732000 15799000
16470000 16802000
16021000 16431000
16258000 16078000
15877000 16455000
16077000 15870000
16364000 16456000
16509000 16189000
16261000 16260000
15963000 16602000
16337000 16113000
16611000 16244000
15951000 16072000
16570000 16454000
15873000 16344000
16500000 15936000
15870000 16141000
16110000 16524000
16242000 15965000
16093000 16479000
16598000 16577000
15409000 16315000
15898000 16217000
16398000 16322000
16736000 15763000
15913000 16242000
16521000 16257000
16022000 16447000
16471000 15786000
15843000 16055000
15805000 16455000
16041000 16185000
16224000 16351000
16332000 16323000
16624000 16063000
15886000 16459000
16258000 16004000
16211000 16540000
16792000 16143000
16455000 15743000
16064000 16497000
16048000 16295000
16635000 16066000
16097000 16322000
15861000 16369000
16309000 16171000
15996000 15971000
16384000 16112000
16234000 15995000
16109000 16369000
16258000 15818000
16337000 15749000
16348000 16411000
16046000 16485000
16173000 16213000
16640000 15965000
16391000 15868000
15799000 16271000
16256000 16403000
16251000 16238000
16096000 16300000
16189000 16323000
16034000 16393000
15792000 16200000
15896000 16068000
16609000 16416000
16233000 15660000
16558000 16456000
16599000 16026000
16382000 16243000
15868000 16249000
16019000 16193000
16811000 16331000
15990000 16117000
15920000 16109000
16751000 16214000
16157000 16326000
16584000 15924000
16494000 16228000
16460000 16016000
15675000 16325000
16536000 15377000
16404000 15735000
16687000 16120000
16216000 16324000
15831000 16248000
15933000 16320000
15856000 16350000
16780000 15542000
15912000 16305000
16352000 15722000
16550000 16307000
16705000 16165000
16129000 16203000
16278000 16145000
16363000 16023000
16488000 15916000
16635000 16041000
15994000 16374000
16639000 16213000
16848000 16187000
16513000 16456000
16427000 16250000
16053000 16572000
15860000 16251000
16271000 16284000
16128000 16467000
16190000 16516000
16091000 16546000
16172000 16228000
16519000 16371000
16673000 16202000
16079000 16460000
15820000 16602000
16221000 16412000
16167000 16318000
16540000 15616000
16135000 16371000
16676000 15843000
15456000 16372000
16396000 16321000
16004000 16368000
16615000 16115000
16085000 16318000
16492000 15744000
16284000 15889000
15973000 16316000
16172000 16369000
16317000 16598000
16235000 16402000
16723000 16176000
16555000 16055000
16454000 16070000
16966000 16130000
16347000 16464000
16087000 15926000
16090000 16443000
16340000 15885000
16318000 15909000
16711000 15808000
16497000 16330000
16535000 16076000
16996000 16094000
16718000 16148000
16222000 16591000
16227000 15814000
16037000 16299000
16315000 16105000
15957000 16115000
16225000 16369000
16128000 16036000
16015000 16215000
16244000 16423000
15633000 16326000
15834000 15995000
16292000 15891000
15937000 16247000
16636000 16159000
16207000 16051000
16488000 16400000
16529000 16069000
16745000 16109000
16716000 15404000
16397000 16820000
16852000 15957000
16329000 15890000
15801000 16492000
15896000 16153000
16573000 16161000
16178000 16238000
16353000 16470000
16460000 16196000
16251000 16263000
16777000 15979000
16370000 16368000
16462000 16508000
16246000 16241000
16626000 15785000
16049000 16143000
15962000 16414000
16843000 16296000
16356000 16370000
16645000 15884000
16098000 16086000
16197000 16354000
16135000 16268000
16432000 15597000
16480000 16264000
16593000 16336000
16626000 16611000
16140000 15943000
16220000 15945000
16674000 16262000
16005000 16854000
16723000 16447000
16225000 15950000
16155000 16604000
16362000 16033000
16632000 15980000
16484000 15964000
16249000 16009000
15866000 15817000
16307000 16606000
16714000 15939000
16114000 16303000
16209000 16317000
15880000 16577000
15841000 16517000
16185000 16204000
16150000 16029000
16588000 16047000
16182000 16371000
16161000 16312000
15972000 15959000
16317000 16262000
16337000 16312000
16131000 16175000
16717000 16228000
16593000 16028000
16313000 16326000
16443000 16699000
16129000 16459000
16040000 16183000
16098000 15846000
16318000 15998000
15850000 16236000
16660000 16449000
16182000 15896000
16204000 16451000
16357000 16370000
16527000 15623000
16429000 16112000
15940000 16249000
16320000 15791000
16389000 15902000
16498000 16127000
15822000 16297000
16295000 16090000
16269000 16300000
16212000 16305000
16110000 16306000
16870000 15828000
16046000 15990000
16706000 16370000
16163000 15630000
16213000 16351000
16266000 16077000
16968000 15687000
16237000 16159000
16449000 15621000
16671000 16353000
16474000 15929000
16708000 16166000
16492000 16252000
16253000 16082000
16130000 15983000
16484000 16371000
16351000 16293000
16340000 16398000
16743000 16240000
16117000 15848000
16598000 16005000
16370000 16457000
16687000 15370000
16135000 16198000
15831000 16101000
16788000 15892000
16587000 16114000
16613000 15968000
16353000 15899000
16589000 16265000
16299000 16371000
16370000 16368000
16415000 16315000
16806000 16056000
15656000 16189000
16160000 15971000
16786000 16712000
15934000 16148000
15934000 16309000
16422000 16208000
16594000 16476000
15764000 16418000
16564000 16469000
15872000 16103000
16550000 15832000
16309000 16301000
16474000 16073000
16189000 16792000
15951000 16198000
16382000 16319000
16231000 15851000
15824000 16325000
16542000 15923000
15808000 16147000
15744000 16207000
15922000 16435000
16314000 16413000
16525000 16423000
16231000 16322000
16144000 16238000
16009000 16321000
15800000 16262000
16693000 16230000
16255000 16326000
15786000 16484000
16787000 16272000
16034000 16321000
15584000 16380000
16925000 15960000
16140000 16309000
16363000 16053000
16221000 16257000
15744000 16339000
16314000 16010000
16168000 16203000
16171000 16151000
16477000 16370000
16905000 16292000
16531000 16200000
16113000 15963000
16586000 15425000
16323000 16402000
16384000 16226000
16285000 15821000
16481000 16308000
16042000 16127000
16024000 16417000
16068000 16268000
16118000 16263000
16596000 16407000
16145000 16544000
16778000 15520000
16560000 16459000
16293000 15949000
16286000 16248000
15973000 16284000
15760000 16399000
16468000 16590000
16610000 16327000
16365000 16388000
16490000 15658000
16254000 16456000
16437000 15656000
16417000 16173000
15915000 16199000
16142000 16263000
16712000 15714000
16553000 16069000
15888000 16256000
16104000 16104000
15655000 16335000
16334000 16301000
16393000 15603000
15772000 16198000
16292000 16146000
16215000 16351000
16328000 15780000
15696000 16351000
16167000 15990000
16544000 16266000
15790000 15766000
15876000 16743000
16552000 15755000
16311000 16397000
16060000 16202000
16140000 16263000
16455000 16117000
16294000 15890000
16574000 16260000
16550000 16334000
16716000 16096000
16298000 16300000
16440000 15837000
16231000 16082000
16515000 16503000
16727000 15438000
16065000 15687000
16456000 16160000
16501000 15909000
16140000 16238000
16137000 16336000
16664000 16288000
16112000 16626000
15856000 16368000
16362000 15744000
16370000 15781000
16822000 16375000
16321000 16216000
16046000 16250000
16311000 16521000
16096000 16138000
16321000 16125000
16802000 15813000
15696000 16344000
16468000 15364000
16727000 15297000
16588000 15702000
16283000 16215000
16572000 15713000
16637000 16089000
16769000 15757000
16554000 16297000
16406000 16027000
16493000 15831000
15780000 16399000
16351000 16221000
16285000 15997000
16189000 15443000
16171000 16353000
16425000 15820000
16099000 16239000
16090000 16186000
16393000 15826000
16551000 16548000
15774000 17040000
16157000 16332000
16323000 15972000
16623000 15980000
16430000 16078000
16263000 16322000
15826000 15982000
15985000 16234000
16216000 16313000
16376000 16214000
16572000 15975000
16553000 15861000
16218000 16412000
16358000 16211000
16395000 16325000
15760000 16296000
16103000 15755000
16275000 16403000
16599000 16322000
16573000 15606000
16456000 15458000
16234000 16335000
17020000 16352000
16313000 15957000
16299000 16216000
16358000 16015000
16321000 16300000
15918000 16123000
16134000 16307000
16177000 16775000
16201000 16208000
16611000 15920000
15823000 16213000
16528000 15934000
16240000 16455000
16086000 16320000
15635000 16266000
16130000 16141000
16207000 16098000
16089000 15607000
16499000 16011000
16113000 16006000
15737000 16414000
16736000 15753000
16416000 16332000
16313000 16003000
15610000 16347000
16307000 16458000
16257000 16319000
15896000 16225000
16149000 15852000
16481000 15803000
15911000 16298000
16257000 16085000
16196000 16485000
16315000 15563000
16477000 16013000
15877000 16359000
16721000 16322000
16109000 16507000
16779000 15734000
16184000 16339000
15740000 16322000
16454000 16075000
15714000 16257000
16640000 16423000
16518000 16532000
16156000 15874000
16588000 15925000
16630000 16195000
16151000 16258000
16469000 16458000
16094000 16193000
16498000 15891000
16284000 16323000
16362000 16160000
16499000 16024000
16526000 16016000
16403000 15902000
15871000 15713000
16472000 16329000
16768000 16234000
16423000 16464000
16372000 15772000
16160000 16085000
16454000 15644000
16062000 16134000
16068000 16327000
16384000 15754000
16776000 15968000
16589000 16003000
16619000 16282000
16538000 16033000
16281000 15790000
16893000 15794000
16202000 16338000
16332000 16371000
16632000 16317000
16359000 16037000
16024000 16324000
15797000 16077000
16295000 16404000
16348000 16417000
16457000 16155000
16456000 15432000
16217000 16250000
15941000 16112000
16370000 16122000
16402000 15940000
15841000 16084000
16675000 16140000
16477000 16359000
16312000 16832000
16723000 16030000
16143000 16313000
15593000 16320000
16498000 15732000
16240000 16097000
16607000 15653000
16362000 16268000
16373000 16237000
16356000 15730000
16653000 16176000
16591000 16839000
15693000 16304000
16285000 16259000
16260000 16209000
16317000 15934000
16565000 16133000
15589000 16463000
16024000 16140000
15872000 16235000
15790000 16337000
16312000 16241000
16225000 16121000
16602000 15583000
16541000 16417000
16513000 16363000
16846000 15524000
16644000 16115000
16115000 16527000
16144000 16249000
16521000 15956000
16119000 16212000
16139000 16548000
16149000 16552000
15827000 16234000
16640000 15423000
16381000 16281000
15888000 16107000
15583000 16497000
16687000 15744000
16592000 16143000
16591000 15940000
15719000 16318000
16091000 16316000
16480000 15454000
16742000 16145000
16406000 15859000
16481000 16222000
15576000 16413000
15768000 16204000
15949000 16425000
16325000 16402000
15745000 16634000
16042000 16838000
16044000 16236000
16081000 16016000
16109000 16149000
16293000 16161000
16228000 16227000
16320000 16230000
16473000 16448000
16412000 16336000
15942000 16549000
15990000 16400000
16207000 16116000
15950000 16320000
16281000 16145000
16225000 16389000
16611000 16266000
15879000 16158000
16737000 15571000
16221000 15970000
16175000 16157000
15894000 16455000
15925000 16402000
15946000 16457000
16248000 16109000
16032000 16570000
16766000 16048000
16481000 15373000
16847000 16067000
16420000 16408000
16551000 15198000
15920000 16405000
16375000 16404000
16210000 16315000
16030000 16199000
16361000 16313000
16933000 15861000
16462000 16311000
16482000 16256000
15909000 16478000
16880000 16237000
15898000 16250000
16047000 16197000
16168000 16171000
15960000 16404000
16637000 16131000
16337000 15883000
16107000 15785000
16177000 15874000
16632000 16201000
16237000 16437000
16327000 15943000
16065000 16328000
15883000 16222000
16554000 16053000
16076000 16277000
16174000 15924000
16097000 16014000
16467000 15785000
16293000 16083000
15990000 16277000
16358000 16333000
16134000 15999000
16097000 16218000
16349000 16066000
16262000 16271000
16101000 16248000
16319000 15939000
15991000 16246000
16551000 16074000
16552000 16306000
16250000 16300000
16765000 16114000
16331000 16323000
15997000 16129000
16375000 15684000
16594000 16029000
16019000 16016000
16713000 15810000
16274000 16252000
16227000 16082000
16631000 15635000
16368000 16118000
16237000 16416000
15936000 15944000
16153000 16198000
16194000 15812000
16463000 15378000
16305000 15716000
16718000 15963000
16044000 16192000
16485000 15526000
15931000 16422000
16550000 15452000
16485000 16166000
16811000 16194000
15952000 16249000
16304000 15841000
15553000 16275000
16715000 15981000
16398000 15561000
16323000 16233000
16103000 16351000
16084000 16253000
16645000 15935000
16348000 16283000
16318000 16299000
16238000 16213000
15962000 16379000
16632000 15612000
16018000 16369000
16188000 16225000
16210000 16241000
16087000 16110000
16464000 16162000
16131000 15651000
16602000 15725000
16018000 16312000
16497000 16329000
15987000 16015000
16043000 15833000
16064000 16188000
16262000 16318000
16017000 16138000
16274000 16046000
16144000 16615000
16399000 16317000
16295000 15776000
16242000 16073000
16431000 15581000
16210000 16329000
15990000 15949000
16008000 16336000
16235000 15945000
16148000 15634000
16327000 16199000
16354000 16093000
16106000 15996000
16109000 16306000
16767000 16116000
16250000 15788000
16368000 16184000
15780000 16417000
16258000 16110000
16418000 16336000
15646000 16210000
16367000 16330000
15945000 15880000
15956000 16402000
16861000 16580000
16514000 15868000
16259000 15966000
16232000 16547000
16279000 16396000
16057000 16188000
17059000 16175000
16886000 15977000
16091000 16253000
16049000 16298000
16386000 15753000
16246000 16339000
16685000 16219000
16347000 15866000
16525000 16264000
16241000 15910000
15522000 16120000
15107000 16670000
16638000 15854000
16300000 16324000
16080000 16691000
16900000 15566000
16252000 16376000
16562000 16256000
16316000 16021000
16383000 16335000
16319000 16257000
16226000 16150000
16257000 15700000
16892000 15554000
16195000 16257000
16744000 15771000
16225000 16126000
16163000 16373000
16167000 15987000
16273000 16156000
16279000 16294000
16418000 16350000
16322000 16271000
16633000 15601000
16421000 16259000
16510000 16459000
16315000 15910000
16113000 16537000
16087000 15962000
16359000 16023000
16494000 16294000
16277000 16311000
16810000 15788000
15970000 16252000
16302000 16792000
16475000 16264000
16499000 16456000
16457000 16263000
16827000 16114000
16050000 15608000
16653000 15644000
16318000 16347000
16432000 15878000
16714000 16299000
16176000 16346000
16092000 16370000
16212000 16413000
16590000 15953000
16106000 16255000
15958000 16287000
16282000 15995000
16398000 16237000
15629000 16089000
16159000 16188000
16745000 15955000
15904000 16369000
16058000 16325000
15961000 16077000
16531000 16094000
16405000 16264000
16474000 15948000
16297000 15481000
16069000 15710000
16586000 15473000
16349000 16320000
16377000 16239000
16734000 15747000
16049000 15888000
16046000 16358000
16137000 16249000
16544000 15913000
16298000 16131000
16258000 15842000
16177000 16318000
16131000 16301000
16251000 15781000
16637000 15852000
16256000 16339000
15874000 16306000
16648000 16206000
16492000 16407000
16632000 15860000
16369000 15982000
15764000 16239000
16411000 15709000
16185000 16301000
16495000 16105000
15941000 16140000
16498000 15790000
15979000 16107000
16260000 16325000
16355000 15967000
16410000 16438000
16524000 16053000
16783000 16340000
15940000 16239000
16073000 16441000
16570000 15930000
16170000 16022000
16353000 15923000
16425000 16084000
15909000 16200000
16050000 16371000
16659000 15638000
16334000 16343000
16629000 16069000
16552000 15881000
15842000 16401000
15819000 16250000
16658000 15893000
16501000 16210000
15999000 16256000
16010000 16426000
16432000 16163000
16323000 16097000
16592000 16357000
16792000 15753000
15990000 16306000
16103000 16030000
15403000 16541000
15923000 16370000
16357000 15949000
16316000 16260000
16397000 15812000
16121000 16056000
16720000 15830000
15913000 16360000
16298000 16416000
16637000 15869000
16045000 16369000
16446000 16444000
16174000 16250000
15841000 16641000
16320000 16196000
16224000 16111000
16321000 16600000
16499000 15994000
16719000 16202000
16351000 16337000
15861000 16369000
16105000 16043000
15756000 16321000
16404000 16270000
16597000 16078000
16119000 16178000
16359000 16014000
15933000 16322000
15972000 16128000
16713000 15828000
16259000 16021000
16337000 16302000
15998000 16319000
16513000 15890000
16592000 16062000
16855000 16385000
16258000 16445000
15763000 16184000
16234000 16763000
15842000 16372000
16549000 16091000
16481000 16093000
16257000 15928000
16796000 16349000
16443000 16401000
16048000 16313000
16208000 16192000
15795000 16593000
16737000 16216000
16319000 15909000
16392000 15892000
15922000 16625000
16027000 16216000
15862000 16148000
16404000 16237000
15847000 16369000
16533000 16527000
16818000 16214000
15835000 16197000
16382000 15677000
16386000 16142000
16257000 16021000
16464000 16398000
16361000 16328000
16210000 16476000
16416000 16369000
16782000 15625000
16328000 16312000
16185000 16198000
16656000 16063000
15996000 16086000
15631000 16262000
15627000 16553000
16327000 16104000
16363000 16345000
16682000 16212000
16138000 16258000
16065000 16284000
16345000 15782000
16249000 16370000
16487000 15752000
16718000 15954000
15988000 16011000
16086000 16402000
16302000 16371000
15821000 16308000
16422000 16276000
16351000 16458000
15927000 16295000
16476000 15969000
16636000 15815000
16031000 16226000
16501000 15961000
16315000 16545000
16302000 16312000
16158000 16356000
16807000 15693000
16196000 16159000
16006000 16515000
16103000 16188000
15989000 16402000
16476000 15828000
16321000 15974000
16648000 15912000
16239000 16214000
16555000 16144000
16069000 16341000
16463000 16016000
16203000 16323000
16097000 16164000
16731000 16061000
16687000 16067000
16485000 16248000
16401000 16165000
16587000 15989000
16456000 16240000
15897000 16283000
16153000 15734000
15996000 16042000
16601000 15954000
16451000 16447000
16727000 16071000
16397000 15927000
16097000 16236000
16146000 16352000
16074000 15948000
16327000 16372000
16814000 16411000
16362000 15897000
16020000 16460000
16564000 16037000
16185000 16372000
16430000 16375000
16241000 15761000
16728000 16104000
16047000 16275000
16634000 16296000
16265000 16299000
16590000 15683000
16552000 16565000
16296000 16248000
16714000 16083000
16039000 16199000
15873000 16297000
16480000 16099000
16254000 16092000
15875000 16309000
16127000 16420000
16242000 16141000
16377000 16308000
16393000 16053000
16770000 16038000
16319000 15618000
16588000 16068000
16572000 15620000
16369000 16403000
15582000 16195000
15927000 16306000
16561000 15905000
16547000 16135000
16478000 15741000
16083000 16515000
16294000 16001000
16534000 16265000
16323000 15845000
16137000 16651000
16489000 16367000
16250000 16256000
16364000 16625000
15759000 16573000
15701000 16465000
16704000 16208000
16248000 16042000
16566000 16366000
16240000 15958000
16305000 16315000
16329000 16336000
16149000 15930000
16813000 15910000
16154000 15948000
16295000 16745000
16748000 15778000
15993000 16237000
16454000 15848000
16315000 16138000
16368000 16397000
16871000 15911000
16674000 15525000
16066000 16307000
16715000 16136000
16150000 16350000
16707000 16044000
16140000 16116000
16058000 16238000
16527000 16652000
16115000 16109000
16276000 16364000
16172000 15848000
16138000 16226000
16717000 16369000
16103000 16383000
16417000 16186000
16268000 15687000
16051000 16316000
15766000 16405000
16498000 16023000
15970000 16301000
16951000 15769000
16460000 16186000
16457000 16121000
16322000 16117000
15997000 16303000
16817000 16350000
15658000 16540000
16638000 16563000
16368000 15593000
16715000 16278000
16493000 16300000
16407000 16375000
16303000 16371000
16573000 15822000
16093000 16655000
15774000 16206000
15838000 16370000
16207000 15962000
16661000 15702000
16685000 16262000
16312000 16131000
15985000 16300000
16020000 16269000
16391000 15736000
16114000 16123000
16009000 16184000
16270000 16320000
16340000 16442000
16710000 15901000
16313000 16220000
16087000 16338000
16256000 16062000
16551000 16380000
16216000 16248000
15909000 16451000
16457000 16136000
16248000 16307000
16857000 16296000
16127000 15884000
15964000 16350000
16397000 15865000
16602000 16381000
16591000 16456000
16539000 16239000
16721000 15819000
16519000 15982000
16145000 16171000
16465000 15923000
15945000 16295000
16584000 15945000
16301000 16316000
16118000 15941000
16486000 15674000
16760000 15952000
16219000 15708000
16212000 16441000
16539000 16447000
16210000 15880000
15830000 16606000
16526000 15786000
16094000 16180000
16481000 16176000
16240000 15830000
15478000 16249000
16877000 15875000
16019000 16010000
16771000 16706000
16391000 16247000
15906000 16687000
15742000 16329000
15769000 16248000
16298000 16416000
15422000 16281000
16061000 16364000
16467000 16077000
16103000 16398000
16034000 16528000
16126000 16402000
16505000 16195000
16568000 16294000
16281000 15989000
16285000 16368000
15984000 16197000
16371000 16416000
16845000 15766000
16416000 16416000
16065000 15923000
16841000 15673000
16434000 16062000
16268000 16282000
16225000 16323000
16379000 16396000
16479000 16053000
16216000 16176000
16317000 15897000
16522000 16058000
16364000 15831000
16032000 16081000
16088000 16303000
15819000 16270000
16634000 16118000
16014000 16082000
16844000 16339000
16216000 16214000
16308000 16421000
16472000 16140000
16104000 16322000
16604000 16139000
16128000 16200000
16424000 16150000
16069000 16047000
16107000 15618000
16552000 16358000
16236000 16322000
16825000 15964000
16110000 16195000
16013000 16460000
16319000 16328000
16751000 16110000
15913000 16527000
16133000 16324000
16306000 16065000
16122000 16319000
16854000 16308000
16384000 16405000
16022000 16509000
16167000 16338000
16561000 15769000
16564000 16362000
16640000 16283000
16427000 16062000
15881000 15821000
16044000 16192000
16499000 16368000
16193000 16216000
16594000 15869000
16587000 15852000
16221000 16397000
16068000 16000000
16264000 16600000
16131000 16247000
16434000 16336000
16283000 16336000
16258000 16087000
16224000 16137000
16249000 16081000
15902000 16149000
16157000 16459000
16719000 15419000
16502000 16073000
15910000 16325000
16384000 16016000
15832000 16414000
16268000 16272000
16279000 16454000
16544000 16016000
16146000 16199000
15989000 16321000
16359000 16145000
15881000 16054000
16839000 16247000
16441000 16090000
15945000 16492000
16518000 16192000
15875000 15909000
16569000 16416000
16310000 16372000
16480000 16294000
16501000 15845000
16307000 16395000
16494000 15910000
16486000 16270000
16001000 16196000
16497000 16571000
16438000 15556000
16224000 16169000
16226000 16131000
16321000 16026000
16500000 16599000
16314000 16279000
16175000 16216000
15580000 16262000
16166000 16372000
16021000 16039000
15851000 16001000
16249000 15931000
15972000 16305000
15991000 16198000
16198000 15774000
16143000 16416000
15987000 16271000
16081000 16086000
16475000 15999000
16352000 16325000
16721000 16062000
16312000 16293000
15815000 16260000
16161000 15938000
16385000 15718000
16509000 16781000
16324000 15970000
16070000 16171000
16750000 15949000
16492000 16451000
16142000 16370000
15910000 16007000
15896000 16210000
16223000 16402000
16478000 16531000
16611000 16455000
16633000 16067000
15929000 16309000
16901000 15867000
16169000 16413000
16361000 16100000
16424000 15726000
15707000 16336000
16172000 16351000
16191000 16312000
16003000 16112000
15739000 16438000
15660000 16112000
16236000 16317000
15904000 16340000
16486000 15805000
15735000 16363000
16472000 16413000
16831000 16394000
16051000 16096000
16024000 16371000
16057000 16108000
16246000 15668000
16037000 16112000
15581000 16736000
16528000 16062000
16211000 16130000
16522000 16032000
16299000 16350000
16614000 16458000
16588000 16375000
16660000 15953000
16314000 16498000
16326000 16371000
16096000 16283000
16491000 15697000
16316000 16219000
16494000 15763000
15617000 16165000
16180000 15995000
16465000 16351000
16314000 16046000
16304000 16672000
16436000 16257000
16388000 16734000
16736000 16548000
16406000 16464000
16493000 15424000
16117000 16239000
16256000 16020000
16574000 16124000
16303000 16413000
16457000 16011000
16165000 16457000
16458000 16092000
16066000 16317000
15754000 16401000
15743000 16193000
15928000 16381000
16320000 16317000
16391000 16404000
16320000 15645000
15620000 16513000
16086000 16184000
15994000 16000000
16303000 16294000
15920000 16175000
15836000 16558000
16245000 16313000
16585000 16001000
16717000 15647000
16320000 16195000
16005000 16271000
16412000 16476000
16220000 16316000
15915000 16369000
16550000 16180000
16127000 16401000
16057000 16105000
16157000 15850000
16173000 16258000
16105000 16460000
16910000 15929000
16063000 15730000
15996000 16249000
16498000 15468000
16442000 16456000
15869000 16099000
16093000 16413000
16087000 16551000
16494000 16171000
16664000 15655000
16524000 16416000
16094000 16389000
16028000 16527000
16551000 15862000
16182000 16532000
16299000 15991000
15990000 16405000
16134000 16616000
16003000 16059000
16888000 15337000
16346000 16335000
16821000 15892000
16146000 16184000
16551000 16084000
15671000 16473000
16188000 15879000
16101000 16248000
16230000 16323000
16033000 15858000
16702000 15969000
16717000 15773000
15811000 16313000
16150000 16168000
16503000 16251000
16606000 15532000
16562000 15897000
16020000 15912000
16342000 16457000
16024000 16141000
16472000 16399000
16014000 16252000
16084000 16321000
16276000 16624000
15718000 16475000
16237000 16318000
16117000 15977000
16708000 16470000
16636000 16241000
15839000 16208000
16419000 16088000
16168000 16199000
16045000 16329000
15945000 16300000
16648000 15986000
16455000 15852000
16255000 15842000
15860000 15956000
16296000 16450000
16067000 15964000
16169000 16514000
16245000 16379000
16572000 16062000
16635000 16233000
16422000 16404000
15441000 16370000
16033000 16250000
16226000 16043000
16378000 15959000
16338000 16320000
16544000 15763000
16152000 15582000
16383000 16417000
16561000 15969000
16458000 15935000
16352000 15504000
16448000 15738000
15624000 15862000
16769000 16416000
16657000 15950000
16785000 15741000
16551000 16098000
15874000 15702000
16231000 16721000
16385000 16328000
16717000 16141000
16226000 16200000
16182000 16320000
15818000 16106000
16040000 16118000
16027000 16021000
16162000 16059000
16386000 16148000
16088000 16369000
16263000 16007000
16168000 16544000
16666000 16196000
16225000 16031000
16565000 16431000
16718000 16103000
16476000 15783000
16078000 16825000
15816000 16369000
16173000 16369000
15960000 16211000
16230000 16098000
16306000 16326000
16320000 15867000
16177000 16248000
16314000 16762000
16409000 16565000
16168000 16169000
16209000 16044000
16059000 16151000
15880000 16262000
15794000 16458000
15781000 16317000
16111000 16139000
16582000 16203000
16823000 15604000
16645000 16157000
15901000 16301000
16088000 16039000
16462000 16097000
16065000 16319000
16182000 16589000
15897000 15723000
16077000 16086000
16512000 16364000
15964000 16376000
16448000 15768000
16563000 15777000
16282000 16400000
16632000 16139000
16455000 16130000
15470000 16301000
16065000 16338000
16178000 16320000
15878000 16371000
16129000 16536000
16259000 16170000
15983000 15914000
16547000 16135000
15887000 16117000
16319000 16150000
16633000 15922000
16322000 16393000
15847000 16319000
16392000 16110000
16457000 15965000
16139000 16413000
16265000 16404000
16374000 16148000
15736000 16335000
16315000 16244000
16084000 16403000
16761000 15674000
15728000 16389000
16411000 15999000
16314000 15780000
16530000 16003000
16010000 16315000
16293000 16326000
16405000 16336000
16226000 16205000
16520000 16286000
16346000 16369000
16712000 16249000
16172000 16415000
15971000 16181000
16380000 16365000
16016000 16321000
16515000 15901000
15887000 16054000
16350000 15949000
16251000 16348000
16059000 16302000
16616000 16168000
15955000 16325000
16079000 15960000
16014000 16533000
16440000 16215000
16498000 16457000
16454000 16041000
16260000 16300000
16670000 16315000
15824000 16225000
16185000 16386000
16208000 16001000
16076000 16238000
16407000 16002000
16464000 16346000
16166000 16249000
16102000 16320000
15764000 16216000
16551000 16154000
16415000 15596000
15795000 16225000
16317000 16569000
16553000 16358000
16494000 16119000
16427000 16109000
15829000 16261000
16538000 15908000
16364000 15614000
16435000 15390000
16257000 16142000
16499000 15852000
16085000 16029000
16639000 16010000
16018000 15982000
15798000 16333000
16072000 16072000
16218000 16404000
15801000 16300000
16320000 16132000
16069000 15433000
16003000 16355000
16519000 16538000
16490000 15490000
16319000 15713000
16095000 16249000
16420000 15752000
15994000 16251000
17003000 15220000
16343000 16089000
16258000 15752000
16215000 16003000
16492000 16657000
16715000 15351000
16414000 15985000
16221000 15953000
16499000 16115000
16367000 16210000
15840000 16408000
16632000 15695000
16330000 16117000
16336000 16017000
15894000 16305000
16283000 16009000
16254000 16898000
16486000 16049000
16593000 15647000
15968000 15828000
16613000 15652000
16275000 15996000
16062000 16122000
16350000 16122000
16544000 15819000
16320000 16009000
16156000 16198000
16490000 16078000
16699000 16145000
16736000 16030000
15893000 15792000
15982000 16261000
16379000 16029000
16224000 16302000
15996000 16236000
16159000 16228000
16224000 16149000
15870000 16515000
16135000 16401000
16264000 16507000
16490000 15858000
16231000 15489000
15604000 16156000
16431000 16217000
16556000 15835000
16830000 16204000
16427000 16188000
16247000 16369000
16171000 16175000
16637000 15728000
16407000 16341000
16565000 16525000
16339000 16019000
16253000 15991000
16291000 16370000
16245000 16007000
15854000 16447000
16333000 15912000
16163000 16644000
16121000 16350000
16240000 16755000
16275000 16519000
16265000 16169000
16402000 16342000
16501000 16111000
16129000 16046000
16764000 15450000
16561000 15479000
16501000 16304000
16552000 15886000
16527000 16508000
15891000 15922000
16078000 16290000
16322000 15796000
16509000 16340000
16227000 16072000
15973000 15974000
15780000 16687000
16412000 16417000
15921000 16264000
16200000 16060000
16391000 16238000
15773000 16193000
16253000 16306000
16717000 15829000
16753000 16293000
16180000 16143000
15295000 16370000
16076000 16260000
16314000 15923000
16161000 15613000
16549000 16159000
16039000 16227000
16119000 16044000
16562000 15981000
15804000 16570000
16315000 15715000
15520000 16447000
15952000 16065000
16527000 16358000
15596000 16142000
16888000 16094000
16114000 16305000
16459000 15505000
16350000 16081000
16319000 16122000
16880000 16050000
15913000 16076000
16261000 16413000
15971000 16185000
16556000 16060000
16743000 16029000
16319000 16244000
15717000 16038000
16437000 16232000
16459000 16360000
16732000 15832000
16369000 16322000
16124000 16414000
16133000 16112000
16370000 16461000
16323000 16339000
16588000 15974000
16285000 16150000
16283000 15996000
16445000 16203000
16360000 16069000
16638000 16149000
16350000 16090000
16057000 16859000
15733000 16249000
16286000 16318000
16704000 16094000
16318000 16115000
16148000 16383000
16279000 16303000
16497000 15985000
16246000 15911000
16051000 16247000
16591000 15962000
16185000 16423000
16201000 16209000
15906000 16120000
16754000 16267000
16129000 16225000
16248000 16214000
15881000 16183000
16362000 15841000
15925000 16585000
16698000 16165000
16514000 16220000
16459000 16110000
16283000 15950000
16564000 15960000
15959000 16205000
16229000 16263000
16700000 15262000
16457000 15966000
15880000 16563000
16353000 16293000
16471000 16351000
16060000 16015000
16222000 16219000
16720000 16171000
16173000 16374000
15870000 16834000
16258000 16202000
16563000 16181000
16327000 16184000
16286000 16308000
16113000 15978000
15877000 16376000
16047000 16428000
16232000 15320000
16029000 16246000
16408000 15608000
16652000 16439000
16661000 15884000
16194000 16252000
16382000 16565000
16273000 16004000
16183000 16542000
16230000 16053000
16204000 16343000
16598000 15687000
16142000 16321000
16056000 16337000
15912000 16245000
16161000 15739000
16027000 16447000
15700000 16181000
16637000 15898000
16628000 15593000
16457000 16111000
16461000 16285000
16307000 16459000
16150000 16112000
16020000 16199000
16077000 16644000
16635000 16193000
16394000 16078000
16708000 15716000
16667000 15810000
15950000 16088000
16763000 16150000
16805000 16427000
15777000 15631000
16192000 16583000
16092000 16267000
16040000 16253000
16555000 16303000
16473000 16238000
16446000 16453000
16588000 15683000
16211000 16263000
16216000 16308000
16589000 15949000
16117000 16216000
16389000 15972000
16391000 16268000
16582000 16637000
16280000 16202000
16537000 16138000
15851000 16339000
16455000 15886000
16241000 15977000
16810000 16124000
16293000 16092000
16187000 16430000
16321000 16240000
16063000 16011000
16253000 16317000
16091000 16265000
16131000 16474000
16260000 16637000
15922000 16319000
16243000 16374000
16212000 15715000
16248000 16062000
16187000 16350000
16102000 16097000
16116000 15995000
16300000 16092000
15882000 16212000
16355000 16334000
16311000 16381000
15795000 16351000
16213000 16389000
15741000 16459000
16520000 16414000
16375000 15733000
16617000 16248000
16065000 16193000
15921000 16034000
16245000 16287000
16609000 16356000
16360000 16367000
16271000 16214000
16746000 15582000
16273000 16458000
16214000 16382000
16572000 15528000
16193000 16106000
16183000 16327000
16620000 16144000
16713000 15631000
15821000 16456000
16447000 16067000
16329000 16404000
16485000 15752000
16186000 16719000
16346000 16035000
15952000 16528000
15979000 16073000
16724000 15408000
16757000 16237000
16729000 16061000
16498000 15745000
16570000 16137000
16069000 16545000
15897000 16199000
16626000 15907000
15785000 16449000
16438000 15730000
16269000 16030000
15410000 16414000
15526000 16564000
16591000 16152000
15860000 16356000
16282000 16316000
16065000 16317000
15998000 16443000
16478000 15811000
16548000 15587000
16320000 16296000
16616000 16237000
16805000 15998000
16239000 16370000
16576000 16203000
16543000 15843000
16256000 16371000
16235000 16299000
16406000 16621000
16083000 16218000
16004000 16279000
16334000 15846000
16099000 16299000
16385000 15552000
15914000 16298000
16481000 15473000
16663000 16531000
16195000 16225000
16390000 16130000
16155000 16196000
16459000 16215000
16479000 16389000
16072000 16302000
16103000 15977000
16174000 16313000
16314000 16159000
16234000 16298000
15982000 15837000
16349000 15870000
17004000 15723000
16182000 16170000
16189000 16136000
16318000 15898000
16471000 15529000
16179000 16376000
16780000 15578000
16044000 16264000
15774000 16112000
16709000 16474000
15895000 16106000
15897000 16335000
16352000 16008000
16516000 16601000
15942000 16414000
16391000 16291000
16158000 15968000
15656000 16019000
15835000 16112000
16554000 16415000
16354000 16262000
16517000 16299000
16312000 15720000
16131000 16329000
16524000 16362000
15926000 16329000
16515000 16463000
16035000 16098000
16552000 16342000
16604000 15643000
16539000 15669000
16285000 15890000
16155000 16262000
16552000 15984000
16435000 16326000
16248000 15948000
15872000 15905000
16451000 16372000
16288000 16416000
16012000 16297000
16208000 16359000
16165000 16368000
16221000 16122000
16482000 16414000
16318000 16143000
16225000 16280000
15919000 16221000
16280000 16120000
16284000 15829000
16302000 15876000
16192000 16031000
16578000 16349000
16823000 15991000
16498000 16218000
15910000 16210000
16193000 16403000
16554000 16203000
16012000 16031000
16680000 15961000
16636000 15603000
15990000 15977000
16678000 15627000
16352000 16400000
16365000 15930000
17059000 15738000
16473000 16117000
16293000 16028000
16793000 16308000
16285000 16131000
16114000 15978000
16620000 16415000
16701000 16059000
15990000 16374000
16218000 16264000
15885000 16402000
16896000 15980000
16018000 16371000
16540000 16458000
16385000 16372000
16592000 15855000
16228000 16297000
16938000 16354000
16907000 16002000
16228000 15838000
16671000 15631000
16122000 15661000
16695000 16092000
16486000 16007000
16483000 16039000
16320000 16112000
16208000 16331000
16722000 16123000
16291000 16331000
16028000 16186000
16377000 15779000
15796000 16446000
16499000 16100000
16713000 15727000
15940000 16337000
16733000 15842000
15850000 16404000
16138000 16225000
16218000 15987000
16541000 16179000
16020000 16552000
15688000 16414000
16455000 16223000
16456000 16147000
16736000 16446000
16314000 16139000
16075000 16400000
16399000 16414000
16103000 15857000
16630000 16266000
16718000 16039000
16248000 16708000
16225000 15904000
16812000 16180000
16362000 15898000
16106000 16261000
16554000 16286000
16048000 15927000
16286000 16567000
16265000 15893000
16475000 16456000
16851000 16277000
15585000 16108000
16242000 16248000
15831000 16219000
15872000 16249000
15669000 16372000
16163000 16337000
16406000 15794000
16222000 16350000
16709000 16061000
16623000 15612000
16245000 15808000
16206000 15584000
16316000 16498000
16203000 16235000
16221000 15846000
16398000 16251000
15851000 16446000
16786000 15629000
16389000 15620000
16948000 15935000
15880000 16261000
16258000 16317000
16110000 16590000
16121000 16235000
16358000 16198000
16087000 16473000
15767000 16515000
16591000 16457000
16856000 15832000
16635000 16133000
15997000 16200000
16544000 16523000
16227000 16198000
16331000 16137000
16014000 16294000
16411000 16415000
16104000 15773000
16724000 15767000
16528000 15653000
16108000 16070000
16383000 16192000
16455000 16097000
16168000 16250000
16005000 16325000
16829000 16489000
16188000 16174000
16083000 16162000
16480000 16200000
16029000 16370000
15881000 16415000
15894000 16386000
15845000 16223000
16043000 16352000
16927000 15110000
16265000 16206000
15918000 16290000
16497000 15936000
15880000 16107000
15951000 16249000
16163000 16292000
16204000 16387000
16173000 16368000
15935000 16091000
16051000 16321000
16230000 16456000
16155000 16351000
15943000 16123000
16362000 15790000
16242000 16350000
16252000 15900000
16371000 16217000
16525000 15387000
16350000 15464000
16769000 15552000
16515000 16421000
16457000 16051000
16403000 16088000
16572000 16101000
16596000 16458000
16263000 16299000
16237000 16460000
16585000 16045000
16342000 15991000
15909000 16327000
16714000 15987000
16079000 16325000
16288000 15792000
16289000 16062000
16123000 16057000
16136000 16451000
16320000 16542000
16180000 16219000
16392000 16500000
16149000 16148000
15913000 16295000
16028000 16482000
16457000 16196000
16185000 15848000
16020000 16248000
15958000 16222000
16118000 15866000
16386000 16087000
15588000 16184000
16554000 16019000
16302000 16336000
16404000 16074000
16722000 16358000
16451000 16179000
16436000 16400000
16325000 16166000
15960000 16171000
16498000 15763000
16063000 16238000
16359000 16343000
16306000 15643000
15806000 16257000
16126000 15880000
16395000 16170000
16131000 16202000
16714000 16404000
16150000 16095000
16001000 16261000
16336000 16405000
16429000 16161000
16450000 15686000
15668000 16416000
16190000 16458000
16279000 16197000
16687000 16033000
16475000 16134000
16428000 16210000
16441000 16313000
15675000 16389000
16826000 15867000
16608000 15986000
16589000 15830000
16009000 16326000
15863000 16381000
16614000 16581000
16457000 16284000
15760000 16329000
16211000 15944000
16148000 15868000
16418000 15939000
16150000 16188000
15938000 16300000
16360000 16458000
16640000 16335000
16407000 16172000
16112000 16064000
16126000 16226000
15817000 15930000
16104000 16184000
16086000 15813000
16284000 16194000
16513000 16197000
16493000 16079000
16123000 16402000
16386000 16388000
16269000 16303000
16532000 15772000
16794000 16095000
16069000 16257000
16123000 16398000
16159000 16029000
16299000 15662000
16384000 16717000
16531000 15893000
16475000 16323000
16174000 16261000
15829000 16667000
16062000 16607000
16409000 16349000
16207000 16241000
16166000 16721000
15920000 16527000
15934000 16033000
16387000 16120000
16758000 16243000
16153000 16350000
16393000 16139000
16177000 16309000
16749000 16078000
16498000 16148000
16565000 15803000
16457000 15975000
16169000 16492000
16140000 16316000
16781000 15665000
16849000 16255000
16626000 16461000
16096000 16070000
16317000 16341000
16338000 16400000
15832000 16305000
16696000 16061000
16138000 16302000
16713000 16066000
16074000 16298000
16450000 16054000
16084000 15968000
16337000 16419000
16453000 15872000
16126000 16564000
16245000 16149000
16147000 15527000
16445000 16276000
16334000 16485000
16099000 16384000
16178000 16611000
16861000 15907000
16577000 16392000
15695000 16230000
16258000 15957000
16255000 16303000
16194000 16273000
16143000 16397000
16491000 16215000
16347000 16539000
15628000 16324000
16437000 15931000
16794000 15992000
16264000 16143000
16482000 16128000
16728000 16183000
16933000 16386000
16442000 15953000
16457000 15806000
15934000 16398000
16312000 16215000
16201000 16091000
15937000 16187000
16284000 16062000
16230000 15771000
16876000 16046000
16659000 16313000
16467000 16184000
16907000 16201000
16294000 15943000
16283000 15890000
16285000 16286000
16537000 15532000
16645000 16034000
16117000 15987000
15997000 16369000
16191000 15942000
16081000 16369000
16320000 15832000
15891000 16685000
16506000 16133000
16250000 16455000
16748000 16306000
16272000 16335000
16291000 16119000
16394000 15569000
16688000 16319000
15577000 16357000
16249000 16371000
16349000 16114000
16413000 16098000
15919000 16526000
17083000 15900000
16261000 16248000
16056000 16399000
16288000 16117000
15937000 16059000
15930000 16338000
16640000 16044000
15796000 16198000
16320000 16400000
16117000 15871000
15987000 16318000
15935000 16250000
16148000 16344000
16188000 16082000
16414000 16130000
16415000 16468000
16152000 16413000
16373000 16045000
16444000 16028000
15890000 16359000
16418000 16370000
16179000 15898000
16494000 16294000
16184000 16372000
15978000 16322000
16116000 15935000
16226000 16345000
16320000 15583000
16561000 16261000
15833000 16226000
15833000 16126000
16338000 16266000
16379000 16347000
16245000 16089000
15860000 16184000
16184000 16446000
16091000 16342000
16495000 15579000
15435000 16707000
16541000 16106000
15925000 15976000
16377000 16086000
16644000 16147000
16099000 16193000
16187000 15380000
16070000 16141000
16022000 16303000
15331000 16501000
16461000 16510000
17144000 16329000
16066000 16344000
16217000 15936000
16307000 16327000
16336000 16139000
16549000 15975000
16318000 16430000
16463000 16392000
16056000 16189000
16137000 16563000
16358000 16556000
16596000 15943000
16374000 16331000
16326000 16354000
15832000 16003000
16194000 15965000
16002000 16225000
16207000 16115000
16506000 16300000
16697000 16046000
16394000 15939000
16132000 16437000
15498000 16590000
15861000 16335000
16022000 15887000
16341000 16027000
16487000 16455000
16573000 16323000
16423000 16105000
16185000 16229000
16239000 16368000
16224000 16416000
16541000 16315000
16232000 16638000
16454000 15953000
15769000 16264000
16304000 16332000
16543000 16345000
16474000 16459000
16282000 15433000
16544000 16219000
16086000 16202000
15999000 16394000
15992000 16102000
16297000 15870000
15851000 16350000
16050000 16253000
16245000 16187000
15847000 16050000
15956000 16198000
16016000 16111000
15993000 16896000
16141000 15884000
16327000 15707000
16264000 16283000
16025000 16113000
16411000 16142000
16042000 16248000
16481000 16518000
16498000 16512000
15952000 16272000
16022000 16520000
16204000 16278000
16127000 16350000
16428000 16165000
16737000 16356000
16376000 16332000
16698000 15770000
16429000 16421000
16561000 16026000
16457000 15884000
16499000 15249000
16226000 16107000
16095000 16403000
16327000 16188000
16286000 16436000
16644000 16325000
16161000 16168000
16637000 16401000
16076000 16397000
15785000 16160000
16589000 16391000
16457000 16333000
16237000 16372000
16013000 16199000
16550000 16002000
16232000 15775000
16317000 16228000
15980000 16455000
16526000 16416000
16297000 16108000
16275000 16302000
16563000 15766000
16212000 16361000
16187000 16234000
16551000 16459000
16019000 16564000
16466000 16149000
16341000 16193000
16392000 15890000
15793000 16248000
16458000 16091000
16162000 16072000
16058000 15981000
16062000 15910000
16312000 16312000
15765000 16381000
16252000 16485000
15977000 16415000
16080000 16402000
16482000 15877000
16597000 16796000
16892000 16050000
16585000 15855000
16166000 16343000
16303000 16082000
16287000 16176000
16421000 16413000
16204000 16107000
16270000 16201000
16198000 16387000
16644000 16187000
15943000 16120000
15780000 16332000
16379000 16318000
16349000 16307000
16127000 16253000
16350000 16397000
15741000 16225000
16564000 16133000
16029000 16253000
16048000 16080000
16430000 16336000
16603000 16290000
16748000 16074000
16372000 15763000
15974000 16225000
16160000 16173000
15867000 16582000
16103000 15901000
16134000 16189000
16635000 15850000
16207000 16149000
15994000 16351000
16538000 15731000
16167000 15935000
16014000 16712000
16023000 16402000
16298000 15742000
15900000 16443000
16041000 15657000
16552000 15803000
16243000 16657000
16318000 16018000
16729000 15427000
16208000 15983000
16614000 16421000
16315000 16258000
15764000 15916000
16171000 16084000
15976000 16070000
16366000 16415000
16238000 16268000
16105000 16301000
16255000 16860000
16375000 15722000
16247000 16241000
16567000 15815000
16219000 16248000
16177000 16312000
16723000 15327000
15729000 16306000
16386000 16031000
16450000 15633000
16593000 15977000
16210000 16354000
15834000 16324000
16412000 16276000
16396000 16013000
15950000 16476000
15918000 15904000
16144000 15835000
16283000 15663000
16411000 16458000
16290000 16249000
16100000 16182000
15951000 16019000
16259000 16201000
16865000 15600000
16598000 15823000
16111000 16206000
16346000 16301000
16266000 16429000
16203000 16129000
16528000 16180000
16279000 16184000
16521000 15821000
16216000 16258000
16207000 16316000
15975000 16380000
15874000 16344000
16220000 16091000
16022000 15732000
16166000 16218000
16670000 15763000
16318000 16235000
16702000 15971000
15964000 16311000
16456000 15884000
16602000 15976000
16101000 16278000
16403000 15702000
16289000 15917000
15913000 16300000
16392000 16036000
16475000 15740000
16328000 16742000
16266000 16684000
16325000 16371000
15781000 16264000
16117000 16024000
16021000 16401000
16178000 16037000
16565000 16480000
16550000 16002000
16645000 15727000
15603000 16069000
16210000 16464000
16543000 15912000
16109000 16257000
16059000 16201000
15853000 16296000
16061000 16260000
16701000 16108000
16528000 15903000
16944000 16108000
16452000 15860000
16568000 16037000
16397000 16493000
15980000 16027000
16455000 16225000
16552000 16307000
16013000 16322000
15825000 16465000
16338000 16544000
16748000 15393000
15554000 16187000
16690000 16127000
16616000 16029000
16197000 16326000
15990000 16701000
16057000 16306000
15957000 16301000
16469000 16398000
16085000 16177000
15502000 16317000
16237000 16212000
16573000 15724000
15985000 16368000
16223000 16306000
16250000 16221000
16174000 16402000
16349000 15951000
16707000 16191000
16601000 16591000
16284000 16192000
16150000 15874000
15933000 16346000
16106000 16274000
16314000 16368000
16609000 16147000
16227000 16456000
16245000 15969000
16076000 15803000
16628000 16437000
16621000 16592000
16122000 16324000
15689000 16185000
16433000 16311000
16014000 16226000
16683000 15941000
16589000 15946000
16261000 16607000
16656000 16066000
16285000 15959000
16144000 16300000
15869000 16189000
15848000 15885000
16685000 15989000
16179000 16325000
16103000 16414000
16047000 15926000
15955000 16239000
16146000 16321000
15969000 16332000
15943000 15884000
16275000 16364000
16417000 15851000
16103000 16337000
15878000 15958000
16255000 16248000
16359000 16369000
16206000 15959000
16610000 15868000
16714000 16235000
16372000 16312000
16022000 16389000
16531000 15993000
16548000 15679000
15765000 15878000
15802000 16608000
16173000 16370000
16901000 15760000
16230000 16637000
16530000 16455000
16134000 16187000
16821000 15971000
16791000 16138000
16378000 16371000
16219000 15855000
16038000 16344000
16156000 16402000
16355000 16390000
15900000 16639000
16286000 16071000
16113000 16134000
16315000 16118000
15975000 16391000
16362000 16177000
16720000 16061000
16665000 16015000
16261000 15876000
15930000 16058000
16496000 16061000
16391000 16292000
16150000 15995000
16296000 16142000
16364000 16458000
15900000 16183000
15984000 16000000
16742000 15912000
16168000 16351000
16204000 15966000
16687000 16084000
15948000 16198000
16576000 16161000
16438000 16502000
16571000 16564000
15874000 16521000
16433000 15605000
16086000 16225000
16063000 16199000
15959000 16105000
16510000 16184000
16118000 16184000
16395000 15860000
16505000 16442000
16023000 16391000
16394000 16051000
15955000 15979000
16572000 16355000
15979000 16201000
16278000 16196000
16307000 16352000
15905000 16173000
15402000 16507000
16549000 16426000
16087000 16092000
15775000 16098000
16544000 16346000
16162000 16577000
15769000 16276000
15882000 16007000
16385000 15941000
16201000 15978000
16320000 15874000
15620000 16546000
16377000 16127000
15987000 16414000
16453000 16125000
16419000 16607000
16736000 16190000
16493000 16278000
16031000 16457000
16242000 16176000
16411000 16490000
16303000 16447000
16280000 16336000
16218000 16105000
16059000 15852000
16032000 16001000
15745000 16484000
16308000 15575000
16636000 15824000
16186000 16359000
15684000 16413000
16211000 16370000
15902000 16401000
16080000 16256000
16490000 16301000
15847000 16016000
16490000 16432000
16254000 16475000
15969000 15853000
16307000 16084000
16337000 16337000
15964000 16198000
15980000 16331000
16490000 16188000
15669000 16461000
16640000 16183000
16551000 16024000
16270000 16325000
16124000 16271000
16085000 16483000
16185000 16256000
16009000 16322000
15951000 16418000
16363000 16194000
16406000 16077000
16551000 15894000
16242000 15704000
16170000 16327000
16356000 16317000
16117000 16229000
16171000 16243000
16189000 15796000
16228000 16144000
16183000 16236000
16193000 15967000
16544000 16739000
16013000 16112000
16291000 15830000
16385000 16188000
16789000 16265000
16374000 16320000
16712000 16015000
16033000 16259000
16353000 15893000
16728000 15953000
15720000 16326000
16169000 16009000
16077000 15705000
15969000 15932000
16528000 16066000
15795000 16416000
16470000 16348000
16323000 15840000
15677000 16321000
16178000 16587000
15989000 16288000
16170000 16032000
15889000 16238000
16496000 15593000
16233000 16113000
16001000 16144000
16363000 16317000
16226000 16041000
16352000 16037000
16091000 16546000
16692000 16016000
15891000 16110000
15906000 16456000
16139000 16220000
16184000 15847000
16487000 16414000
16564000 15831000
16511000 15947000
16177000 15953000
16464000 16515000
16501000 16222000
16689000 16014000
16177000 16153000
16069000 16248000
16170000 16371000
16634000 16280000
16489000 15570000
15781000 16248000
16273000 16302000
16074000 16197000
16229000 16256000
16166000 16718000
16616000 16171000
16498000 16135000
16581000 15953000
15992000 16124000
16123000 16402000
16184000 16424000
16167000 15982000
16640000 15926000
15866000 16277000
16498000 16177000
16190000 16253000
16332000 16146000
16142000 16189000
16544000 16153000
15670000 16335000
16320000 16258000
16283000 15754000
16035000 16198000
16557000 15832000
16650000 16457000
16604000 16244000
16437000 15854000
16498000 15959000
16496000 16127000
16410000 16285000
16589000 16058000
15924000 16148000
15827000 16332000
16207000 16197000
16454000 16017000
16259000 16351000
16277000 16370000
15701000 16090000
15950000 16062000
15880000 16413000
16258000 16186000
16214000 16127000
15901000 15887000
16055000 16333000
15943000 16116000
16099000 16004000
15913000 16480000
16483000 16286000
16339000 16321000
16086000 16323000
16501000 15751000
16496000 15932000
16686000 16030000
15769000 16187000
16906000 15883000
16041000 16446000
16225000 15995000
16319000 15940000
16283000 15962000
16037000 16066000
16798000 15634000
16226000 16310000
16968000 16379000
16172000 15737000
16085000 16318000
16182000 16370000
16797000 16061000
16143000 16246000
16558000 16458000
16035000 16158000
16281000 16196000
16083000 16076000
16086000 16468000
16261000 16296000
16821000 15942000
15967000 16535000
16286000 16245000
16029000 15674000
16160000 16157000
16730000 16340000
16441000 15873000
16005000 16359000
16553000 16642000
16307000 16528000
16633000 16239000
16142000 16335000
16548000 16162000
15768000 16184000
16587000 15585000
16571000 16388000
16403000 15965000
16039000 16386000
16505000 16612000
16249000 16138000
15939000 16171000
16555000 16322000
15941000 16317000
16377000 15850000
16493000 15851000
16242000 16065000
16645000 16155000
16304000 16466000
16410000 16905000
15714000 16256000
16633000 16098000
15900000 16308000
16497000 16202000
15969000 16314000
16054000 16312000
16296000 16370000
16485000 16220000
16138000 16048000
16636000 15840000
16139000 16242000
16431000 16146000
16024000 16350000
16282000 15873000
16747000 16317000
16224000 15914000
16623000 16441000
16225000 16325000
16767000 15436000
16533000 16041000
16281000 16261000
15951000 16471000
16714000 15674000
16639000 15724000
16647000 15686000
16329000 16051000
16259000 15904000
16128000 16390000
16392000 16226000
16469000 16111000
16179000 16125000
16451000 16159000
16654000 15734000
16082000 16408000
15897000 16336000
15517000 16149000
16655000 15965000
15977000 16565000
16471000 16082000
16157000 16173000
16569000 16179000
16727000 15984000
16314000 15959000
16304000 15867000
16579000 16039000
16635000 16051000
16535000 15415000
16267000 16426000
16041000 17051000
16678000 16315000
16477000 15750000
16323000 16174000
16223000 16159000
16066000 16195000
16456000 15986000
15586000 16449000
16279000 16087000
16400000 16235000
16170000 16631000
16507000 16456000
16637000 16224000
15898000 16107000
15715000 16348000
16391000 15961000
16379000 16224000
16549000 16330000
16537000 15655000
16572000 16584000
16457000 15796000
16293000 16339000
16320000 15522000
16857000 15675000
16246000 16337000
16362000 16526000
16265000 16136000
16131000 16077000
16620000 16128000
16632000 15956000
16410000 16303000
16753000 16073000
16129000 16184000
15537000 16258000
16118000 16058000
16776000 16115000
16526000 16329000
16141000 16004000
16755000 15092000
16737000 16010000
16550000 16334000
16133000 16229000
16162000 16247000
15981000 15938000
16466000 16323000
16653000 15783000
16157000 16170000
16583000 16039000
16467000 15955000
16146000 15486000
16133000 16402000
16332000 16274000
16552000 16344000
16058000 16011000
15958000 16184000
16151000 16313000
16167000 15673000
16670000 15829000
16410000 15866000
16370000 15924000
16513000 16115000
16476000 15837000
16649000 15795000
16232000 16078000
16120000 16512000
16062000 16324000
16993000 16174000
16207000 15814000
15967000 16321000
15860000 16347000
16567000 15744000
16256000 15971000
16100000 16157000
15931000 16418000
15882000 16151000
16267000 16327000
16009000 16375000
16228000 16459000
16283000 16303000
16712000 16032000
15923000 16326000
16167000 16151000
16131000 16303000
16474000 16267000
15597000 16101000
16197000 16258000
16208000 16541000
16316000 15835000
16082000 16086000
16143000 16318000
15849000 16117000
16117000 16565000
16242000 16458000
16572000 15712000
16193000 16239000
16084000 16273000
15632000 16189000
16565000 16455000
16727000 16164000
16071000 16241000
16278000 15796000
16350000 16059000
16052000 15988000
16143000 16250000
16005000 16299000
16217000 16233000
16211000 15919000
16265000 16258000
16884000 16165000
16111000 16313000
16323000 16427000
16169000 15838000
16161000 16260000
16217000 16418000
16288000 16326000
16310000 16306000
16368000 16369000
16625000 16187000
16199000 16002000
16174000 16329000
16814000 16300000
16173000 16000000
16572000 16440000
16521000 16355000
15994000 16507000
16315000 16194000
16223000 15970000
16061000 16137000
16572000 16285000
15804000 16042000
15918000 16261000
16742000 15448000
16114000 15690000
16096000 16327000
16655000 16480000
15934000 16071000
16406000 16470000
16475000 16052000
16392000 16463000
16182000 16097000
16283000 16257000
16139000 16387000
16683000 16178000
15839000 16550000
16694000 16023000
16194000 16581000
16854000 15591000
15999000 15883000
16322000 15925000
16306000 16328000
16518000 15769000
16026000 16199000
16457000 15824000
16091000 15934000
16006000 16031000
16808000 16014000
15937000 16512000
16190000 16296000
15845000 16309000
16351000 16428000
16093000 16212000
15730000 16328000
16196000 16329000
16555000 16424000
16114000 16335000
16103000 16042000
16563000 15723000
16528000 16511000
15841000 16327000
16107000 16267000
16319000 16241000
16592000 15709000
16486000 16285000
16456000 16351000
16323000 16045000
16617000 15960000
16407000 16114000
15853000 16200000
16492000 15941000
16638000 15916000
16343000 16456000
16486000 16215000
16633000 15931000
15794000 16507000
16554000 15987000
16352000 15820000
16267000 15720000
16588000 16036000
15739000 16320000
16564000 16131000
15962000 16407000
16507000 16105000
15949000 16155000
16304000 16365000
16240000 16238000
16170000 16817000
16641000 15714000
16276000 16420000
15696000 16199000
15845000 16301000
16309000 16293000
16142000 16343000
16544000 16217000
16127000 16086000
15977000 16877000
16309000 16307000
15807000 15866000
16529000 15776000
16428000 16424000
15798000 15751000
16065000 16385000
16614000 16041000
16780000 15850000
16052000 16263000
15890000 15737000
17081000 15564000
16657000 15695000
15505000 16082000
16327000 16393000
16249000 16446000
16169000 15992000
16305000 16197000
15936000 16157000
16282000 15974000
16395000 16051000
16156000 16134000
16049000 16212000
15812000 16246000
16256000 16292000
16864000 16561000
16250000 16370000
16482000 16376000
15759000 15788000
16251000 16580000
15994000 15859000
16632000 16252000
16355000 16322000
16589000 15980000
16167000 16029000
16061000 16056000
16461000 15936000
16465000 16379000
16476000 16325000
16649000 16041000
16106000 16207000
16941000 15905000
15944000 15755000
16524000 16211000
16777000 15924000
16573000 15991000
16209000 15575000
16392000 16045000
15901000 16112000
16513000 16152000
16253000 15943000
16618000 15726000
16092000 16330000
16119000 16321000
16323000 16263000
16560000 15413000
16025000 16136000
16361000 16213000
16824000 16262000
16805000 16356000
16091000 16171000
16353000 16149000
16427000 16112000
15938000 16397000
15805000 16396000
16460000 16387000
15897000 16256000
15563000 16554000
16073000 16311000
16259000 16233000
16362000 16260000
16248000 16197000
15936000 16315000
16517000 16230000
16575000 16025000
16464000 16371000
16028000 16235000
15698000 16416000
16185000 16274000
15767000 16213000
16767000 16099000
16245000 16242000
16091000 16263000
15778000 16409000
16352000 15894000
16397000 16062000
16193000 16320000
16162000 16295000
16248000 16456000
16224000 16150000
16088000 16315000
16162000 16200000
16425000 16370000
16207000 16220000
16527000 15645000
16021000 16700000
16062000 16311000
16236000 16219000
16228000 15941000
16124000 16218000
15919000 15574000
16012000 16491000
16050000 16307000
16040000 15702000
16206000 16248000
16368000 16414000
16193000 15598000
16405000 16339000
16351000 15990000
16202000 15958000
16515000 16357000
15909000 16034000
16175000 16390000
16061000 16580000
16150000 16234000
16484000 16119000
16427000 16265000
16091000 16203000
16156000 16421000
16510000 16375000
15819000 16227000
16538000 16347000
16320000 15915000
16741000 16101000
16319000 16097000
16286000 16352000
16453000 16067000
16474000 16017000
15897000 16236000
16429000 15925000
15480000 16370000
15900000 16249000
15855000 16255000
15687000 16414000
15948000 16198000
16331000 16119000
15858000 16107000
16141000 15826000
16497000 15902000
15626000 16319000
16283000 16316000
16162000 16552000
15989000 15952000
16177000 16575000
16095000 16065000
16501000 15904000
15810000 16257000
16672000 16253000
16426000 16316000
16424000 16026000
16225000 15955000
16139000 15584000
16777000 15609000
16131000 15910000
16008000 16328000
15959000 16303000
16316000 16247000
16603000 16308000
16321000 16170000
16319000 16129000
16748000 15731000
16464000 15728000
16762000 16293000
16277000 16192000
16309000 16176000
15924000 15952000
16097000 16451000
16476000 16266000
16474000 16372000
16225000 16313000
15939000 16300000
16459000 16541000
15961000 16129000
16942000 15662000
16640000 16158000
16288000 16414000
16474000 15916000
16435000 16146000
16335000 16346000
15884000 16203000
15806000 16159000
16351000 15928000
16530000 16361000
16188000 15825000
16315000 15949000
16425000 15926000
16300000 16538000
16026000 16184000
16277000 16279000
16385000 15694000
16376000 15548000
16460000 15614000
15526000 16686000
16292000 15914000
16759000 15690000
16277000 16344000
16579000 16452000
16233000 16081000
16461000 16104000
16063000 16528000
15980000 15632000
16028000 16301000
16313000 16101000
16067000 16142000
16551000 15597000
16645000 15828000
16551000 16416000
15683000 16201000
16220000 16105000
16456000 16148000
16421000 16048000
16521000 15537000
16316000 15982000
16548000 16008000
16001000 16325000
16477000 16226000
16342000 16190000
15837000 16174000
16472000 15917000
16716000 15950000
16798000 15459000
16247000 16442000
16441000 16380000
15759000 16771000
16481000 16263000
16500000 16051000
16452000 16368000
16600000 16253000
16369000 16422000
16207000 16128000
16247000 16321000
16181000 16310000
16322000 16426000
15836000 16108000
16471000 16158000
16731000 15945000
16686000 15326000
16292000 15919000
16256000 16247000
16490000 16159000
16167000 16066000
16159000 16200000
16322000 15942000
16369000 16354000
15887000 16238000
15848000 16397000
16135000 16121000
16220000 16368000
16087000 16280000
16455000 16030000
16160000 15947000
16765000 15388000
16399000 15651000
16304000 15950000
15889000 16404000
15980000 16198000
15871000 16063000
16067000 16351000
16065000 16113000
16662000 16369000
16283000 15836000
15904000 16338000
16404000 16085000
15860000 15928000
15917000 16351000
16546000 16371000
16407000 16162000
16591000 15941000
16830000 16023000
16359000 15927000
15595000 16317000
16474000 16107000
16377000 16603000
15982000 16464000
16209000 16439000
16194000 16426000
16201000 15892000
16359000 16609000
15627000 16762000
16151000 15925000
16316000 16201000
15827000 16184000
16125000 15899000
16558000 15563000
16043000 16369000
15628000 16260000
16198000 16370000
16249000 16032000
16048000 16311000
16513000 16414000
16470000 15941000
15753000 16092000
16326000 16447000
16213000 16397000
16390000 16121000
16003000 16179000
15551000 16521000
15800000 16338000
16482000 16018000
16316000 16244000
16240000 16317000
16460000 16028000
15799000 16236000
15761000 16212000
16225000 16324000
16258000 16118000
16607000 16082000
15517000 16178000
16286000 15703000
16074000 16447000
15959000 16184000
15594000 16343000
15628000 16232000
16315000 16275000
16460000 15885000
16468000 16326000
16391000 16032000
16795000 15933000
16496000 16177000
16046000 16318000
16498000 16293000
16349000 16002000
16343000 16302000
16281000 16020000
15818000 16335000
16362000 15895000
16266000 16370000
16030000 16311000
15582000 16057000
16489000 15708000
16650000 16123000
16319000 15773000
16712000 15896000
16681000 15257000
16200000 16055000
16306000 16368000
16632000 16232000
16457000 15276000
16247000 16012000
16087000 16183000
16067000 16410000
16440000 16171000
16155000 16234000
16237000 16224000
16698000 15585000
16320000 16182000
15932000 16080000
15981000 16248000
15923000 16316000
16030000 16226000
16528000 15863000
16517000 16460000
16722000 16117000
16496000 15968000
16683000 16223000
16326000 15992000
16222000 16007000
16133000 16193000
16316000 16066000
16510000 15690000
16443000 16184000
16317000 16140000
16392000 16110000
16537000 16272000
16167000 16400000
16277000 16296000
16371000 16321000
16248000 16304000
16264000 16044000
16774000 16143000
16162000 16351000
16057000 16268000
16131000 16078000
16624000 15975000
16507000 15893000
16167000 16026000
16120000 16389000
16735000 16339000
15776000 16457000
16335000 15936000
16250000 15727000
16158000 16296000
16816000 15388000
15712000 16258000
16721000 16107000
16128000 16322000
16062000 15978000
16183000 16046000
16389000 16302000
16302000 15771000
16499000 15998000
16023000 16313000
16218000 16351000
16351000 16010000
16269000 16323000
16163000 16077000
16175000 16035000
16626000 15756000
15974000 16202000
16213000 16234000
16698000 16393000
16224000 16322000
15990000 16267000
16312000 16053000
16086000 16185000
15696000 16033000
15835000 16303000
16283000 16095000
16242000 16582000
15397000 16226000
16454000 16280000
16303000 16332000
16360000 16459000
16645000 16341000
16636000 15734000
16169000 16666000
16555000 16218000
16337000 16455000
16364000 16026000
16551000 16247000
16104000 16195000
16726000 15862000
15996000 16316000
16347000 16515000
16498000 16086000
16136000 16345000
16276000 16398000
15933000 16248000
15870000 16308000
16490000 16030000
16659000 16391000
16486000 16319000
16575000 16229000
16133000 16151000
16364000 16316000
16406000 15717000
16716000 16220000
16659000 15908000
15934000 16351000
16115000 16180000
16244000 15973000
15917000 16458000
16167000 15615000
16631000 16417000
16109000 16372000
16110000 16377000
16309000 16381000
15781000 16488000
15963000 16021000
16083000 16188000
16323000 16274000
16164000 15904000
16186000 16273000
16131000 16124000
16389000 16344000
16319000 16074000
16454000 16606000
15770000 16236000
16321000 15667000
15686000 16135000
16281000 16003000
15975000 16483000
16250000 15969000
16328000 16240000
16552000 16177000
16437000 16243000
16672000 16217000
16759000 16348000
16053000 16231000
16462000 15951000
16770000 15901000
16637000 15604000
16183000 16424000
16317000 16063000
16446000 16335000
16840000 16065000
16395000 15919000
16385000 15951000
16428000 16086000
16071000 16351000
16715000 15952000
16340000 16414000
17032000 16097000
16222000 16238000
16298000 16269000
16682000 15951000
16771000 16374000
16457000 15770000
16096000 15862000
16475000 16217000
16714000 15824000
15803000 16289000
16123000 16405000
16394000 16374000
15880000 16055000
16561000 16287000
16362000 16086000
16742000 15813000
16480000 15945000
16331000 16332000
16487000 16384000
16752000 15771000
16070000 16066000
16473000 16195000
16232000 15952000
16017000 16184000
15892000 15873000
16433000 16333000
16415000 15990000
16205000 16065000
15632000 16360000
16579000 16149000
16646000 15944000
16198000 16042000
16857000 15808000
16160000 16319000
16476000 16195000
16361000 15755000
16214000 16370000
16359000 15965000
16027000 16198000
16142000 16236000
16589000 16230000
16502000 16521000
16024000 16344000
16185000 16283000
16047000 16250000
16097000 16071000
15806000 16200000
15618000 16189000
16183000 16336000
16723000 15666000
16500000 16370000
16456000 16012000
16553000 16123000
15613000 16518000
16494000 16044000
16315000 16415000
16365000 16198000
15998000 16166000
15805000 16447000
15991000 15926000
15619000 16274000
16168000 16301000
16154000 15929000
16110000 16336000
16250000 16075000
16604000 15896000
16279000 16452000
16237000 16436000
16476000 15865000
16192000 16472000
16260000 15859000
16426000 15972000
16416000 15676000
16559000 16297000
16296000 15619000
16020000 16237000
16496000 15811000
16385000 15910000
16207000 16336000
16256000 15990000
16193000 16061000
15845000 16752000
16438000 16509000
15997000 16370000
16130000 16329000
16274000 16305000
16357000 16558000
16717000 16027000
16319000 15961000
16937000 16321000
16165000 16314000
16394000 16401000
15968000 16318000
16326000 16156000
16100000 16350000
16334000 15787000
16483000 15650000
16447000 16087000
15881000 16322000
15985000 16399000
16798000 16260000
16198000 15991000
16231000 16312000
16117000 16119000
16565000 15622000
16640000 15409000
16221000 15956000
16114000 16047000
16176000 15762000
16069000 16424000
16455000 16181000
16554000 15980000
16351000 16185000
16311000 16197000
16383000 16161000
15744000 16271000
16482000 15770000
16793000 15388000
16244000 16338000
16314000 15410000
16639000 16305000
15859000 16226000
16514000 16342000
16508000 16082000
16343000 16320000
15927000 16099000
15763000 16311000
16385000 16124000
16498000 16108000
16385000 15845000
16052000 16343000
15814000 16403000
16286000 16381000
16102000 16238000
15548000 16642000
16490000 16337000
15586000 16474000
16522000 16035000
16731000 16087000
16301000 16055000
16036000 16263000
16551000 16119000
16130000 16224000
16774000 16009000
16456000 16032000
16720000 15644000
16089000 16197000
16505000 16519000
16276000 16617000
16413000 15882000
16292000 15867000
16327000 16231000
16005000 15983000
16285000 16258000
16207000 16145000
16501000 16148000
16153000 15762000
16801000 16137000
16264000 16319000
16182000 16484000
16292000 15806000
16638000 15713000
16387000 16342000
16573000 16351000
16456000 16023000
16363000 15926000
16369000 16366000
16130000 15911000
16439000 16118000
15832000 15868000
16302000 16298000
16189000 16073000
16481000 16405000
16263000 15825000
15860000 16202000
16638000 15832000
16781000 16149000
16263000 16240000
15937000 16323000
16073000 16168000
16014000 16320000
16030000 16506000
16299000 16263000
15758000 15922000
16457000 15795000
16505000 16332000
16583000 16754000
15714000 16263000
16181000 16371000
17042000 16079000
16456000 16212000
16388000 16102000
16360000 16255000
16474000 16313000
16351000 16371000
16411000 15940000
15955000 16368000
16379000 16336000
16782000 16299000
15653000 16350000
16138000 16321000
16455000 16221000
16770000 15753000
16165000 16236000
15858000 16337000
16475000 16086000
16722000 16008000
16432000 15566000
16131000 16115000
16084000 16578000
15954000 16199000
16394000 15786000
16606000 15558000
16339000 16251000
15794000 16239000
16486000 15623000
16033000 16012000
16246000 15758000
16166000 16445000
15877000 16406000
16389000 16246000
16544000 15782000
16403000 15793000
15925000 16070000
15944000 16350000
15747000 16199000
16724000 16277000
16417000 16255000
16033000 16320000
16316000 16195000
16314000 16036000
16554000 15839000
16614000 16447000
16151000 16338000
16059000 16096000
15971000 16390000
16707000 15830000
15938000 16336000
16136000 16348000
16344000 16201000
15984000 16372000
16251000 16207000
15675000 16196000
15828000 16032000
16176000 15857000
16566000 16400000
16023000 16024000
16348000 16249000
16162000 16236000
16494000 16120000
15731000 16031000
15728000 16798000
16316000 16214000
16669000 16229000
15702000 16456000
16229000 16459000
16405000 16322000
16180000 16128000
15793000 16300000

