34000 786000
17000 657000
16000 501000
13000 813000
17000 795000
28000 159000
25000 557000
46000 373000
10000 38000
22000 1017000
25000 766000
35000 256000
2000 559000
8000 634000
16000 294000
5000 859000
8000 733000
20000 333000
49000 235000
19000 577000
25000 379000
7000 157000
14000 891000
9000 104000
6000 379000
14000 790000
37000 174000
7000 614000
14000 999000
21000 587000
9000 963000
40000 281000
15000 597000
15000 255000
41000 14000
39000 678000
21000 967000
17000 738000
13000 968000
6000 593000
33000 245000
29000 532000
5000 952000
29000 919000
14000 700000
26000 437000
32000 274000
22000 895000
7000 400000
1000 291000
3000 382000
25000 95000
1000 195000
27000 1000
9000 232000
23000 534000
9000 577000
19000 730000
16000 897000
8000 754000
31000 571000
4000 320000
11000 965000
19000 793000
10000 667000
14000 686000
-1000 323000
3000 1018000
45000 1024000
33000 117000
8000 72000
8000 123000
24000 5000
19000 739000
30000 782000
9000 883000
14000 22000
11000 86000
2000 555000
7000 96000
14000 149000
9000 18000
8000 98000
20000 407000
-1000 76000
4000 574000
18000 278000
18000 736000
23000 496000
15000 454000
3000 646000
9000 541000
24000 541000
2000 26000
23000 204000
5000 322000
4000 52000
3000 250000
48000 349000
29000 983000
29000 346000
6000 887000
22000 538000
1000 461000
2000 778000
10000 763000
28000 874000
26000 933000
24000 853000
18000 426000
2000 79000
15000 571000
9000 512000
6000 575000
1000 60000
4000 553000
15000 450000
9000 271000
7000 336000
27000 110000
16000 222000
13000 450000
15000 813000
8000 548000
26000 395000
12000 946000
2000 129000
25000 59000
21000 311000
0 409000
35000 610000
8000 702000
12000 908000
10000 365000
32000 679000
25000 764000
16000 138000
42000 296000
3000 666000
24000 792000
3000 996000
11000 19000
9000 559000
1000 749000
0 281000
7000 629000
4000 609000
11000 101000
12000 335000
9000 869000
31000 826000
6000 902000
17000 325000
17000 713000
26000 1003000
25000 815000
8000 816000
3000 550000
16000 671000
24000 676000
7000 256000
27000 565000
1000 557000
8000 155000
15000 261000
6000 405000
23000 829000
10000 1014000
2000 342000
23000 334000
8000 549000
12000 471000
19000 433000
20000 398000
40000 429000
7000 545000
9000 241000
24000 393000
18000 683000
1000 958000
1000 393000
16000 752000
40000 697000
19000 431000
13000 226000
5000 358000
5000 638000
24000 719000
48000 523000
25000 569000
21000 526000
6000 743000
19000 977000
12000 462000
29000 442000
8000 918000
4000 406000
4000 290000
1000 87000
8000 255000
13000 858000
26000 560000
28000 935000
9000 147000
25000 545000
22000 304000
2000 1014000
30000 231000
12000 633000
7000 490000
38000 894000
50000 849000
20000 30000
0 575000
36000 204000
2000 816000
10000 467000
8000 605000
40000 520000
24000 720000
27000 609000
33000 629000
6000 1024000
22000 709000
16000 449000
6000 549000
8000 808000
12000 308000
21000 726000
30000 645000
4000 756000
45000 593000
4000 819000
18000 636000
17000 173000
24000 435000
31000 103000
19000 581000
53000 527000
3000 798000
11000 148000
17000 985000
39000 47000
31000 283000
3000 838000
20000 238000
14000 196000
1000 755000
33000 13000
6000 1000
11000 458000
11000 762000
11000 360000
0 643000
13000 421000
10000 181000
64000 196000
20000 301000
15000 986000
30000 354000
12000 917000
0 196000
17000 212000
34000 600000
27000 694000
0 528000
5000 1005000
23000 384000
32000 434000
0 1020000
17000 127000
16000 819000
4000 27000
22000 824000
28000 885000
10000 330000
6000 824000
8000 169000
42000 764000
11000 192000
6000 268000
16000 920000
19000 926000
20000 236000
3000 37000
37000 88000
10000 144000
7000 362000
20000 807000
31000 423000
6000 85000
9000 936000
29000 564000
4000 988000
2000 484000
36000 896000
36000 733000
8000 36000
12000 395000
10000 364000
5000 1015000
16000 32000
5000 936000
7000 726000
23000 152000
14000 45000
1000 938000
14000 713000
2000 881000
26000 396000
15000 548000
5000 208000
7000 687000
49000 348000
5000 174000
5000 273000
5000 47000
0 85000
10000 875000
25000 372000
19000 635000
3000 592000
9000 880000
23000 220000
7000 231000
13000 41000
30000 187000
24000 784000
7000 260000
7000 859000
13000 753000
2000 214000
8000 35000
41000 348000
16000 454000
13000 846000
15000 739000
8000 399000
23000 521000
14000 1024000
10000 721000
8000 994000
11000 443000
26000 1002000
5000 911000
45000 405000
52000 93000
12000 504000
-1000 306000
33000 343000
27000 152000
8000 656000
30000 410000
10000 170000
29000 974000
25000 443000
-1000 92000
54000 992000
8000 798000
-1000 439000
-1000 446000
14000 974000
9000 661000
15000 205000
31000 115000
18000 818000
12000 514000
13000 207000
0 233000
27000 312000
34000 225000
15000 644000
1000 488000
6000 799000
9000 526000
5000 623000
27000 69000
8000 170000
28000 646000
0 436000
1000 0
4000 961000
10000 454000
26000 621000
10000 107000
3000 735000
4000 931000
26000 903000
1000 518000
29000 1016000
10000 360000
13000 35000
18000 414000
4000 222000
2000 185000
18000 524000
4000 573000
11000 23000
15000 463000
4000 865000
12000 295000
4000 649000
42000 433000
11000 968000
19000 873000
6000 472000
5000 924000
19000 445000
3000 240000
7000 538000
5000 210000
12000 515000
12000 94000
26000 646000
8000 697000
5000 359000
9000 1009000
-1000 707000
3000 864000
17000 180000
28000 867000
11000 847000
19000 500000
23000 803000
17000 866000
12000 829000
8000 879000
8000 193000
28000 389000
24000 499000
4000 172000
49000 590000
8000 837000
13000 448000
13000 805000
9000 485000
49000 28000
5000 662000
20000 620000
7000 246000
0 95000
15000 288000
7000 510000
26000 754000
25000 65000
14000 351000
9000 547000
28000 24000
13000 548000
-1000 524000
46000 697000
23000 684000
29000 306000
1000 678000
8000 937000
17000 71000
6000 944000
1000 595000
-1000 926000
6000 223000
0 779000
0 293000
15000 703000
3000 807000
22000 9000
15000 638000
23000 285000
2000 832000
14000 748000
4000 627000
35000 124000
29000 290000
34000 683000
6000 196000
2000 620000
1000 872000
10000 944000
15000 562000
38000 712000
30000 57000
6000 297000
45000 257000
42000 474000
18000 47000
43000 201000
31000 691000
22000 402000
18000 463000
11000 209000
30000 923000
17000 202000
1000 243000
20000 529000
19000 383000
4000 861000
0 153000
9000 164000
4000 625000
4000 944000
3000 776000
3000 224000
3000 831000
17000 147000
-1000 369000
27000 498000
3000 54000
5000 723000
19000 644000
28000 931000
19000 307000
16000 711000
8000 871000
1000 877000
-1000 659000
18000 442000
19000 121000
5000 979000
35000 323000
12000 301000
1000 956000
-1000 835000
8000 1011000
30000 267000
9000 493000
20000 210000
3000 391000
18000 264000
29000 403000
4000 718000
4000 482000
48000 839000
9000 83000
46000 61000
35000 739000
15000 238000
1000 305000
0 492000
4000 560000
14000 163000
4000 591000
2000 142000
25000 691000
26000 609000
23000 745000
18000 488000
13000 767000
13000 840000
9000 693000
19000 90000
50000 273000
13000 779000
22000 803000
20000 852000
14000 915000
5000 805000
2000 99000
3000 176000
0 388000
5000 144000
32000 570000
30000 604000
19000 262000
0 186000
43000 379000
15000 34000
11000 746000
5000 507000
15000 235000
4000 127000
21000 984000
3000 456000
8000 964000
4000 740000
13000 683000
9000 669000
16000 316000
13000 411000
6000 675000
22000 378000
40000 430000
18000 612000
0 187000
2000 82000
39000 714000
8000 712000
10000 247000
14000 632000
4000 647000
3000 767000
3000 226000
14000 146000
3000 482000
14000 714000
1000 256000
22000 682000
15000 881000
7000 347000
0 717000
27000 941000
10000 654000
21000 923000
48000 973000
17000 663000
42000 788000
46000 811000
17000 617000
21000 936000
1000 566000
10000 245000
3000 251000
6000 813000
5000 97000
12000 863000
5000 398000
0 569000
0 363000
26000 151000
3000 72000
16000 112000
23000 145000
19000 776000
21000 907000
7000 100000
17000 20000
4000 41000
6000 327000
6000 884000
40000 536000
26000 209000
16000 998000
9000 145000
45000 425000
3000 68000
33000 877000
16000 753000
21000 675000
9000 345000
5000 540000
5000 33000
6000 935000
3000 177000
14000 685000
27000 360000
10000 786000
2000 106000
8000 520000
6000 168000
35000 339000
26000 556000
49000 1007000
6000 741000
41000 441000
26000 648000
9000 448000
32000 828000
28000 609000
17000 60000
9000 850000
21000 293000
18000 865000
38000 737000
29000 470000
10000 675000
15000 850000
31000 870000
4000 989000
7000 719000
2000 788000
17000 489000
10000 583000
18000 234000
29000 921000
26000 584000
5000 781000
2000 834000
25000 416000
1000 643000
5000 921000
27000 507000
-1000 161000
13000 893000
23000 594000
2000 84000
4000 216000
7000 206000
17000 790000
0 502000
7000 942000
7000 398000
39000 150000
28000 767000
31000 844000
14000 704000
2000 602000
11000 240000
44000 184000
-1000 993000
8000 913000
21000 580000
11000 465000
35000 63000
29000 742000
14000 376000
5000 658000
25000 919000
20000 953000
19000 544000
25000 380000
3000 626000
14000 320000
17000 835000
14000 589000
30000 550000
21000 484000
14000 95000
17000 615000
11000 99000
18000 445000
24000 569000
26000 959000
15000 624000
14000 861000
19000 595000
1000 1006000
13000 915000
17000 804000
17000 417000
17000 969000
13000 1010000
31000 935000
22000 480000
3000 57000
-1000 660000
22000 70000
22000 949000
5000 12000
1000 747000
6000 723000
33000 841000
32000 193000
3000 74000
0 755000
19000 269000
6000 831000
7000 591000
16000 960000
3000 137000
18000 989000
28000 112000
29000 77000
26000 310000
3000 43000
35000 383000
8000 530000
15000 706000
6000 780000
20000 622000
16000 374000
3000 943000
21000 959000
-1000 150000
11000 427000
7000 264000
48000 94000
18000 972000
29000 125000
11000 159000
5000 40000
9000 513000
7000 483000
12000 141000
14000 308000
14000 430000
23000 494000
6000 894000
12000 552000
15000 282000
5000 912000
12000 1003000
2000 677000
42000 642000
5000 126000
16000 760000
19000 901000
8000 649000
21000 248000
10000 932000
11000 316000
24000 419000
24000 642000
8000 200000
44000 431000
2000 481000
20000 88000
10000 369000
36000 56000
1000 581000
34000 835000
14000 61000
6000 225000
24000 172000
34000 712000
14000 926000
5000 261000
15000 674000
19000 183000
24000 852000
2000 722000
5000 973000
7000 991000
37000 22000
33000 961000
0 672000
12000 964000
15000 136000
16000 873000
20000 586000
0 946000
5000 966000
5000 66000
13000 238000
6000 848000
45000 952000
26000 845000
21000 673000
41000 643000
1000 845000
20000 560000
6000 971000
6000 294000
6000 693000
-1000 164000
34000 717000
11000 867000
15000 292000
2000 835000
13000 508000
28000 873000
6000 408000
3000 613000
18000 177000
36000 812000
9000 671000
4000 680000
7000 418000
13000 319000
26000 875000
17000 133000
10000 947000
10000 540000
5000 279000
32000 376000
1000 231000
24000 994000
45000 176000
38000 5000
29000 519000
3000 654000
7000 128000
1000 586000
25000 966000
33000 155000
32000 737000
13000 451000
14000 927000
11000 568000
52000 970000
4000 759000
13000 244000
0 782000
1000 424000
37000 383000
1000 328000
11000 299000
12000 69000
8000 723000
-1000 425000
9000 45000
26000 708000
14000 731000
20000 522000
17000 348000
21000 703000
24000 182000
11000 65000
5000 236000
1000 201000
15000 777000
46000 780000
4000 1007000
38000 830000
1000 5000
31000 286000
1000 992000
19000 336000
7000 331000
17000 165000
27000 336000
16000 117000
23000 861000
24000 1009000
27000 845000
23000 167000
13000 92000
31000 473000
28000 951000
36000 342000
54000 49000
-1000 661000
15000 982000
17000 129000
9000 214000
25000 344000
51000 157000
3000 1024000
11000 233000
17000 403000
10000 807000
35000 997000
25000 479000
8000 581000
30000 587000
23000 1009000
20000 802000
3000 296000
26000 974000
21000 324000
11000 848000
12000 757000
4000 790000
39000 579000
26000 298000
26000 583000
2000 56000
9000 132000
46000 181000
7000 179000
17000 939000
7000 553000
37000 1020000
17000 122000
16000 108000
18000 746000
33000 356000
25000 282000
27000 138000
7000 74000
15000 784000
27000 162000
27000 757000
31000 731000
13000 478000
12000 705000
33000 279000
12000 505000
2000 473000
20000 752000
19000 197000
22000 941000
18000 640000
15000 668000
25000 392000
1000 471000
17000 607000
-1000 253000
34000 562000
14000 225000
11000 213000
2000 109000
9000 990000
32000 409000
6000 905000
2000 969000
10000 818000
30000 415000
7000 823000
27000 817000
36000 258000
37000 742000
28000 176000
42000 103000
5000 637000
12000 864000
5000 414000
8000 978000
31000 74000
1000 433000
12000 385000
22000 914000
3000 135000
6000 3000
16000 607000
36000 381000
22000 728000
7000 927000
16000 306000
33000 580000
8000 622000
37000 369000
17000 229000
31000 68000
35000 938000
3000 458000
25000 67000
14000 660000
2000 351000
45000 92000
45000 52000
38000 19000
10000 912000
27000 809000
5000 215000
11000 139000
5000 771000
2000 346000
17000 1012000
32000 242000
4000 1009000
1000 540000
24000 992000
2000 178000
1000 349000
7000 721000
9000 672000
2000 1022000
22000 89000
22000 224000
7000 332000
16000 341000
18000 599000
33000 727000
31000 606000
10000 194000
23000 140000
39000 945000
3000 130000
0 387000
10000 83000
12000 415000
35000 791000
26000 841000
46000 446000
19000 779000
7000 491000
6000 592000
12000 306000
25000 893000
10000 373000
11000 770000
32000 164000
7000 694000
16000 637000
6000 39000
9000 517000
55000 308000
25000 238000
27000 816000
10000 796000
17000 693000
9000 437000
44000 707000
13000 772000
28000 370000
8000 62000
37000 604000
3000 457000
10000 372000
20000 864000
16000 16000
23000 394000
17000 459000
43000 700000
5000 515000
24000 700000
6000 102000
13000 219000
10000 870000
2000 361000
7000 204000
14000 564000
1000 483000
5000 158000
37000 803000
1000 315000
7000 950000
16000 764000
34000 565000
8000 498000
6000 321000
27000 328000
9000 527000
17000 791000
3000 870000
-1000 748000
17000 945000
15000 410000
14000 503000
20000 168000
-1000 629000
22000 486000
16000 885000
19000 214000
35000 55000
2000 378000
6000 843000
16000 22000
4000 8000
10000 910000
-1000 839000
9000 209000
45000 545000
8000 7000
30000 420000
23000 269000
6000 1018000
13000 407000
26000 106000
7000 650000
10000 390000
6000 189000
30000 725000
21000 14000
-1000 63000
29000 839000
20000 940000
2000 898000
21000 421000
6000 770000
22000 794000
13000 849000
20000 82000
13000 242000
49000 311000
29000 968000
30000 946000
15000 653000
0 719000
14000 680000
5000 755000
2000 108000
36000 596000
16000 283000
30000 940000
16000 775000
5000 908000
27000 851000
13000 347000
22000 249000
8000 664000
-1000 539000
3000 366000
6000 125000
0 841000
14000 53000
14000 882000
9000 600000
31000 456000
28000 233000
22000 652000
23000 980000
16000 120000
39000 738000
28000 62000
9000 943000
38000 338000
43000 110000
4000 305000
11000 315000
38000 375000
27000 29000
3000 951000
24000 508000
4000 202000
1000 912000
4000 107000
11000 90000
3000 1004000
10000 955000
29000 130000
35000 346000
31000 242000
31000 196000
25000 464000
13000 481000
1000 233000
3000 488000
13000 211000
1000 618000
23000 355000
24000 252000
5000 218000
-1000 322000
3000 77000
5000 849000
0 579000
27000 920000
7000 796000
8000 316000
9000 24000
33000 431000
16000 682000
9000 898000
40000 813000
16000 680000
35000 6000
9000 571000
26000 139000
4000 847000
17000 114000
12000 594000
9000 569000
17000 477000
16000 810000
5000 888000
3000 570000
4000 217000
14000 592000
42000 757000
16000 636000
7000 124000
10000 254000
42000 553000
17000 318000
11000 734000
43000 637000
27000 820000
8000 487000
17000 801000
12000 934000
12000 175000
2000 556000
40000 174000
18000 1001000
32000 982000
11000 464000
11000 12000
12000 549000
10000 836000
39000 58000
11000 536000
22000 975000
15000 17000
29000 718000
15000 621000
18000 964000
8000 558000
8000 288000
20000 995000
10000 231000
10000 199000
34000 109000
6000 476000
8000 527000
19000 888000
2000 165000
8000 420000
42000 309000
2000 252000
4000 564000
24000 773000
30000 317000
10000 440000
12000 862000
9000 700000
9000 468000
31000 250000
8000 83000
28000 535000
30000 177000
41000 406000
10000 21000
22000 2000
4000 401000
41000 565000
21000 476000
38000 796000
10000 880000
12000 805000
22000 699000
10000 15000
14000 422000
17000 800000
43000 639000
12000 1004000
30000 262000
0 479000
32000 179000
19000 710000
5000 537000
26000 148000
12000 251000
19000 747000
20000 669000
6000 107000
7000 853000
23000 978000
4000 452000
7000 761000
6000 641000
7000 856000
20000 397000
15000 956000
12000 78000
16000 832000
23000 624000
27000 216000
7000 892000
20000 750000
5000 742000
33000 614000
32000 790000
17000 25000
9000 598000
14000 807000
6000 455000
18000 116000
30000 382000
2000 383000
4000 925000
30000 396000
0 907000
16000 732000
0 543000
4000 860000
38000 253000
0 685000
0 533000
3000 352000
1000 98000
47000 605000
17000 860000
4000 639000
19000 537000
7000 494000
-1000 88000
3000 38000
42000 602000
1000 829000
9000 998000
16000 322000
4000 191000
29000 647000
9000 1001000
5000 46000
5000 8000
3000 201000
0 280000
37000 316000
22000 806000
41000 666000
36000 884000
26000 932000
7000 320000
5000 413000
23000 571000
4000 1020000
30000 511000
5000 519000
21000 0
2000 754000
18000 436000
9000 949000
41000 469000
6000 842000
46000 152000
26000 474000
41000 902000
24000 789000
9000 993000
24000 452000
7000 993000
9000 301000
17000 803000
11000 278000
4000 283000
24000 243000
29000 783000
12000 404000
14000 785000
51000 28000
11000 337000
21000 676000
29000 503000
10000 286000
24000 207000
28000 202000
6000 531000
2000 251000
38000 669000
26000 867000
12000 970000
7000 762000
18000 899000
11000 636000
9000 343000
7000 957000
22000 549000
26000 662000
30000 357000
4000 673000
26000 363000
18000 727000
3000 609000
44000 197000
36000 50000
22000 701000
41000 543000
6000 916000
10000 441000
20000 217000
39000 939000
19000 453000
9000 799000
5000 85000
10000 61000
29000 689000
21000 729000
24000 879000
27000 843000
21000 825000
2000 1017000
26000 211000
1000 444000
11000 989000
31000 339000
25000 185000
26000 15000
11000 237000
9000 266000
7000 724000
18000 158000
0 228000
24000 630000
9000 1019000
4000 554000
19000 182000
4000 115000
48000 1001000
17000 774000
59000 257000
25000 113000
53000 845000
15000 539000
6000 731000
6000 411000
9000 460000
5000 44000
15000 439000
11000 75000
24000 56000
31000 397000
9000 249000
11000 304000
3000 630000
6000 652000
14000 166000
7000 326000
18000 981000
2000 258000
19000 198000
4000 408000
29000 466000
6000 289000
43000 840000
8000 529000
34000 742000
22000 822000
25000 801000
0 5000
26000 690000
38000 707000
9000 830000
41000 765000
29000 842000
20000 86000
54000 909000
5000 13000
1000 177000
0 212000
10000 787000
27000 610000
17000 237000
8000 909000
19000 971000
20000 381000
10000 506000
22000 611000
3000 929000
11000 302000
32000 226000
20000 462000
4000 347000
15000 616000
43000 279000
3000 628000
14000 12000
2000 238000
4000 171000
29000 473000
22000 231000
5000 303000
40000 958000
31000 531000
8000 137000
7000 1016000
-1000 174000
30000 287000
46000 358000
34000 827000
48000 613000
21000 515000
4000 101000
9000 105000
3000 578000
1000 404000
13000 309000
15000 43000
39000 14000
4000 167000
24000 350000
14000 227000
4000 287000
5000 101000
20000 831000
16000 952000
1000 1016000
6000 989000
33000 698000
19000 955000
5000 651000
11000 46000
20000 340000
10000 11000
-1000 773000
29000 284000
2000 820000
4000 241000
16000 635000
16000 826000
17000 904000
0 298000
25000 473000
5000 412000
10000 143000
1000 1000000
4000 396000
34000 797000
51000 505000
3000 627000
4000 42000
32000 364000
28000 328000
35000 814000
8000 919000
18000 371000
38000 841000
7000 587000
11000 16000
34000 715000
11000 794000
0 368000
18000 81000
25000 929000
7000 149000
21000 401000
24000 502000
6000 755000
7000 243000
20000 56000
30000 613000
11000 542000
4000 469000
6000 269000
8000 507000
8000 428000
17000 854000
55000 196000
1000 247000
-1000 519000
10000 705000
16000 588000
16000 631000
9000 262000
10000 472000
17000 277000
25000 477000
1000 555000
20000 192000
7000 1005000
32000 791000
17000 94000
45000 391000
17000 47000
18000 722000
41000 516000
2000 207000
8000 939000
3000 351000
11000 736000
4000 444000
7000 58000
11000 466000
18000 930000
34000 566000
19000 601000
24000 313000
-1000 725000
18000 860000
4000 80000
16000 901000
32000 76000
0 423000
15000 535000
23000 843000
33000 674000
14000 572000
19000 976000
5000 844000
16000 746000
3000 617000
4000 668000
7000 384000
22000 837000
40000 793000
32000 850000
11000 897000
34000 760000
3000 21000
2000 757000
7000 665000
2000 386000
10000 492000
20000 868000
0 109000
11000 670000
1000 748000
1000 945000
3000 511000
22000 840000
14000 181000
21000 885000
49000 401000
17000 530000
29000 219000
3000 997000
17000 458000
1000 851000
30000 834000
6000 221000
-1000 84000
37000 62000
4000 893000
1000 624000
3000 103000
13000 270000
33000 118000
16000 188000
48000 353000
2000 688000
22000 740000
3000 549000
10000 655000
23000 260000
22000 377000
0 551000
29000 497000
15000 1003000
5000 121000
27000 377000
12000 756000
11000 857000
6000 833000
21000 170000
26000 575000
4000 694000
11000 106000
14000 101000
14000 184000
23000 528000
15000 681000
12000 444000
4000 411000
21000 573000
-1000 32000
11000 590000
10000 265000
3000 367000
38000 402000
24000 429000
31000 448000
15000 811000
4000 935000
14000 389000
40000 861000
4000 914000
5000 703000
4000 538000
33000 308000
5000 67000
4000 148000
4000 377000
23000 352000
16000 33000
16000 697000
11000 85000
6000 108000
0 489000
24000 618000
6000 923000
27000 749000
25000 161000
54000 834000
19000 947000
43000 998000
16000 773000
29000 111000
38000 610000
14000 497000
0 523000
43000 494000
11000 191000
51000 418000
12000 1000000
17000 514000
5000 221000
2000 49000
11000 889000
4000 901000
2000 241000
22000 892000
6000 12000
18000 576000
1000 333000
7000 54000
4000 890000
14000 878000
26000 587000
29000 714000
30000 132000
-1000 89000
2000 206000
31000 153000
1000 138000
19000 31000
18000 496000
10000 230000
33000 475000
4000 899000
24000 28000
6000 267000
15000 856000
3000 582000
6000 275000
6000 334000
36000 704000
21000 208000
15000 480000
37000 582000
19000 361000
18000 878000
21000 314000
48000 26000
11000 608000
11000 162000
20000 329000
29000 433000
21000 561000
4000 917000
0 697000
12000 566000
2000 858000
5000 809000
6000 151000
0 622000
4000 596000
20000 348000
17000 190000
7000 922000
29000 933000
26000 551000
10000 1006000
24000 933000
32000 634000
18000 100000
11000 954000
5000 48000
11000 338000
9000 645000
25000 876000
6000 359000
8000 218000
15000 733000
34000 1021000
26000 156000
32000 1018000
12000 386000
30000 879000
30000 603000
29000 257000
25000 75000
15000 527000
0 870000
0 568000
10000 928000
6000 946000
23000 744000
34000 705000
21000 735000
30000 914000
18000 771000
15000 887000
8000 806000
23000 228000
11000 930000
19000 516000
42000 213000
34000 303000
13000 64000
29000 716000
39000 349000
10000 839000
6000 987000
5000 272000
31000 533000
1000 873000
16000 334000
31000 32000
11000 263000
39000 838000
2000 136000
29000 766000
27000 64000
6000 906000
24000 681000
0 910000
33000 598000
1000 646000
8000 486000
-1000 91000
0 737000
13000 509000
12000 123000
13000 202000
1000 980000
5000 514000
30000 821000
1000 26000
19000 160000
10000 978000
11000 33000
29000 241000
6000 357000
26000 388000
5000 752000
26000 827000
8000 845000
1000 73000
23000 70000
3000 229000
10000 104000
6000 4000
28000 260000
11000 962000
25000 572000
13000 375000
9000 610000
8000 6000
34000 421000
7000 615000
36000 1011000
18000 495000
5000 78000
3000 965000
23000 865000
12000 692000
2000 760000
1000 348000
-1000 74000
8000 567000
16000 758000
42000 743000
2000 254000
5000 315000
46000 178000
37000 952000
9000 948000
23000 79000
43000 93000
11000 1008000
30000 447000
13000 847000
19000 821000
1000 676000
3000 45000
12000 855000
7000 161000
2000 955000
10000 557000
3000 426000
18000 8000
21000 886000
4000 344000
12000 928000
1000 130000
20000 621000
-1000 99000
10000 362000
25000 624000
-1000 72000
17000 699000
16000 318000
11000 769000
18000 135000
6000 764000
9000 300000
5000 400000
32000 80000
3000 800000
41000 148000
2000 219000
16000 751000
34000 784000
23000 886000
4000 525000
2000 324000
40000 466000
6000 657000
5000 560000
1000 506000
19000 857000
0 82000
4000 707000
29000 651000
42000 682000
16000 497000
34000 930000
8000 343000
23000 890000
20000 154000
22000 768000
10000 241000
15000 890000
11000 822000
30000 701000
9000 896000
14000 131000
21000 27000
7000 171000
46000 86000
51000 275000
32000 247000
29000 435000
18000 117000
29000 259000
4000 642000
3000 619000
7000 412000
26000 291000
10000 652000
6000 973000
18000 356000
8000 429000
21000 525000
12000 438000
6000 999000
14000 10000
20000 563000
38000 189000
25000 18000
7000 900000
0 462000
7000 696000
15000 334000
7000 81000
3000 445000
19000 695000
36000 708000
10000 991000
19000 585000
23000 119000
1000 603000
11000 134000
0 55000
10000 51000
10000 22000
16000 597000
13000 203000
33000 8000
3000 536000
30000 546000
19000 276000
11000 239000
32000 27000
30000 142000
21000 353000
-1000 360000
6000 757000
54000 195000
39000 432000
29000 688000

