263000 271000
618000 627000
128000 123000
766000 799000
1116000 1143000
1449000 1425000
11000 10000
411000 433000
466000 485000
193000 217000
1364000 1360000
516000 544000
1170000 1163000
1452000 1418000
1237000 1248000
1401000 1389000
967000 1013000
282000 301000
1040000 1043000
1233000 1247000
809000 856000
145000 153000
805000 812000
965000 1004000
1211000 1185000
201000 218000
1120000 1114000
158000 176000
925000 966000
1049000 1034000
111000 107000
593000 615000
1092000 1127000
383000 423000
1278000 1252000
1010000 1022000
537000 572000
1350000 1391000
1210000 1203000
1131000 1137000
1079000 1099000
798000 805000
60000 56000
1168000 1157000
723000 726000
889000 932000
567000 595000
107000 108000
459000 475000
853000 881000
449000 483000
512000 535000
1150000 1163000
1483000 1454000
255000 265000
304000 328000
1082000 1063000
610000 617000
719000 746000
1151000 1184000
1362000 1405000
637000 658000
1190000 1222000
850000 851000
790000 822000
680000 681000
1102000 1095000
1111000 1100000
984000 981000
816000 828000
510000 523000
737000 747000
1431000 1496000
962000 971000
486000 525000
1229000 1202000
449000 491000
1107000 1146000
1458000 1433000
758000 774000
1300000 1339000
468000 481000
740000 745000
711000 749000
1161000 1151000
92000 95000
96000 90000
473000 485000
1197000 1211000
887000 931000
133000 143000
1454000 1449000
397000 430000
1406000 1453000
83000 77000
822000 834000
121000 115000
1242000 1263000
1122000 1147000
1312000 1284000
553000 580000
1271000 1247000
297000 320000
391000 410000
1175000 1183000
300000 324000
601000 618000
1492000 1448000
298000 341000
123000 134000
400000 443000
626000 670000
1468000 1448000
1380000 1380000
839000 846000
1348000 1393000
750000 792000
362000 393000
523000 535000
1082000 1128000
1169000 1152000
1213000 1193000
925000 925000
1147000 1179000
76000 70000
92000 91000
827000 836000
752000 794000
1220000 1208000
754000 785000
914000 953000
933000 931000
82000 79000
193000 203000
5000 5000
489000 495000
811000 827000
263000 292000
1107000 1112000
852000 905000
784000 817000
1088000 1129000
1438000 1513000
836000 856000
1311000 1353000
594000 591000
397000 423000
217000 244000
1233000 1241000
746000 755000
1051000 1034000
1126000 1160000
1004000 1046000
790000 832000
1323000 1361000
260000 265000
1166000 1147000
1232000 1200000
817000 846000
1333000 1390000
442000 485000
1354000 1338000
365000 409000
559000 593000
1476000 1443000
1136000 1126000
660000 699000
810000 836000
14000 10000
278000 304000
599000 628000
937000 979000
2000 2000
422000 440000
223000 244000
196000 223000
1102000 1122000
725000 767000
881000 914000
595000 636000
967000 994000
392000 427000
182000 199000
277000 298000
199000 219000
1472000 1504000
786000 806000
310000 346000
26000 26000
24000 21000
163000 168000
588000 633000
1175000 1209000
167000 169000
124000 129000
1407000 1407000
1167000 1204000
734000 741000
75000 74000
1317000 1342000
16000 14000
349000 370000
425000 462000
185000 195000
1134000 1163000
820000 837000
647000 659000
547000 548000
1062000 1045000
704000 742000
1181000 1171000
1441000 1416000
1041000 1079000
655000 694000
592000 629000
1405000 1378000
496000 539000
311000 358000
298000 321000
1030000 1019000
485000 516000
808000 816000
693000 731000
441000 455000
1093000 1080000
1112000 1145000
1160000 1174000
1399000 1429000
1419000 1482000
21000 21000
1033000 1033000
1294000 1273000
1343000 1400000
678000 719000
170000 188000
1286000 1325000
515000 530000
397000 440000
62000 55000
318000 351000
48000 38000
1300000 1347000
138000 149000
418000 459000
1365000 1344000
971000 986000
1397000 1434000
1400000 1444000
1245000 1278000
785000 824000
111000 114000
749000 762000
1286000 1334000
396000 444000
722000 762000
1108000 1148000
890000 915000
883000 903000
893000 889000
838000 866000
542000 554000
1260000 1292000
1226000 1250000
219000 238000
177000 180000
493000 509000
463000 486000
383000 424000
322000 367000
891000 890000
390000 436000
810000 815000
212000 230000
1001000 1003000
793000 839000
963000 979000
808000 842000
1453000 1515000
254000 275000
55000 54000
152000 153000
626000 650000
215000 228000
634000 674000
1389000 1442000
305000 329000
286000 318000
1176000 1176000
63000 60000
1351000 1403000
191000 218000
482000 500000
325000 347000
145000 159000
1275000 1287000
44000 39000
38000 33000
744000 747000
541000 547000
26000 22000
62000 59000
402000 423000
604000 628000
66000 72000
489000 512000
240000 253000
1369000 1401000
663000 689000
932000 932000
976000 996000
1029000 1023000
938000 968000
55000 57000
593000 612000
1323000 1346000
1389000 1450000
210000 223000
332000 358000
1316000 1297000
73000 70000
230000 256000
671000 672000
819000 854000
1340000 1369000
1402000 1462000
1336000 1318000
1075000 1083000
1406000 1398000
420000 438000
401000 439000
1337000 1367000
51000 43000
219000 242000
655000 685000
825000 865000
106000 102000
1427000 1459000
825000 858000
1440000 1501000
1304000 1327000
263000 293000
1115000 1116000
817000 850000
1086000 1070000
765000 787000
9000 5000
1207000 1197000
481000 501000
1279000 1290000
413000 435000
1047000 1033000
1251000 1273000
625000 652000
1303000 1337000
1067000 1076000
1416000 1473000
1140000 1137000
472000 490000
131000 139000
321000 361000
691000 700000
1268000 1314000
1218000 1188000
323000 350000
543000 557000
356000 398000
1292000 1273000
40000 34000
311000 331000
909000 955000
161000 180000
1380000 1433000
646000 688000
1261000 1238000
791000 803000
1058000 1045000
213000 240000
708000 712000
526000 550000
1153000 1145000
184000 186000
784000 825000
209000 225000
274000 310000
69000 74000
590000 591000
1182000 1166000
1000000 999000
1062000 1104000
1323000 1352000
400000 432000
149000 162000
903000 942000
1307000 1328000
1296000 1341000
1370000 1347000
390000 412000
1166000 1203000
328000 369000
759000 802000
311000 357000
530000 536000
1263000 1300000
1239000 1209000
337000 387000
1043000 1077000
549000 564000
1214000 1234000
443000 469000
983000 1026000
745000 773000
590000 621000
836000 884000
1367000 1351000
493000 517000
1085000 1125000
98000 96000
106000 112000
643000 657000
1149000 1177000
1094000 1080000
480000 488000
89000 86000
265000 274000
902000 934000
393000 416000
1211000 1240000
499000 506000
494000 524000
477000 498000
1338000 1323000
526000 551000
370000 399000
1139000 1129000
626000 662000
23000 25000
583000 579000
1315000 1302000
318000 364000
1507000 1461000
250000 274000
135000 145000
1321000 1375000
455000 497000
892000 894000
1288000 1333000
339000 375000
1371000 1427000
1119000 1104000
1421000 1394000
1430000 1468000
230000 252000
267000 282000
997000 1034000
1446000 1493000
374000 415000
1333000 1350000
1168000 1200000
53000 49000
640000 683000
1187000 1164000
107000 113000
426000 443000
738000 755000
821000 839000
461000 488000
540000 565000
405000 451000
614000 646000
1270000 1309000
185000 209000
183000 190000
349000 395000
829000 871000
100000 99000
113000 123000
531000 546000
745000 778000
264000 284000
722000 723000
679000 691000
1456000 1444000
168000 170000
47000 42000
1022000 1028000
1024000 1014000
895000 900000
1122000 1119000
849000 856000
1462000 1514000
95000 88000
540000 559000
109000 110000
1329000 1317000
995000 1039000
146000 155000
434000 477000
277000 291000
700000 720000
1409000 1469000
1305000 1336000
1262000 1283000
161000 163000
800000 849000
1078000 1107000
399000 413000
446000 462000
206000 228000
603000 610000
269000 283000
36000 31000
1222000 1211000
604000 631000
205000 224000
744000 782000
57000 52000
235000 258000
91000 87000
1081000 1124000
229000 243000
85000 76000
1288000 1263000
920000 920000
435000 480000
251000 281000
470000 506000
483000 500000
355000 377000
408000 450000
489000 519000
8000 6000
905000 946000
448000 471000
4000 4000
579000 592000
146000 150000
739000 745000
59000 51000
1329000 1385000
154000 152000
212000 241000
1142000 1142000
942000 964000
43000 40000
1478000 1444000
713000 728000
923000 950000
853000 863000
22000 18000
192000 198000
634000 680000
896000 907000
500000 537000
278000 293000
501000 511000
77000 74000
1355000 1349000
1230000 1196000
978000 992000
179000 184000
867000 875000
403000 438000
557000 575000
684000 723000
55000 51000
1392000 1447000
197000 207000
881000 904000
966000 971000
850000 899000
781000 786000
1291000 1285000
1199000 1173000
778000 775000
723000 752000
11000 9000
1325000 1313000
42000 37000
1344000 1349000
1069000 1102000
102000 98000
335000 359000
824000 827000
1129000 1168000
404000 424000
395000 422000
262000 268000
1011000 1017000
452000 492000
1407000 1458000
520000 548000
403000 445000
607000 638000
709000 745000
1301000 1287000
1384000 1438000
1264000 1245000
1317000 1368000
346000 376000
587000 583000
632000 645000
353000 392000
267000 290000
130000 133000
278000 299000
874000 879000
838000 885000
1185000 1172000
760000 786000
1256000 1249000
175000 185000
1266000 1303000
699000 725000
933000 960000
506000 526000
101000 101000
815000 832000
574000 603000
486000 511000
591000 590000
1089000 1088000
513000 537000
1308000 1279000
323000 368000
725000 729000
57000 46000
1335000 1310000
585000 617000
160000 163000
261000 282000
780000 786000
691000 724000
859000 872000
1281000 1253000
141000 154000
817000 828000
1352000 1388000
470000 488000
430000 452000
629000 646000
1379000 1407000
924000 928000
138000 148000
829000 875000
914000 948000
189000 193000
87000 87000
191000 213000
329000 352000
436000 482000
1020000 1022000
807000 811000
1260000 1252000
1154000 1147000
831000 849000
264000 278000
918000 919000
606000 621000
408000 431000
716000 748000
387000 411000
1437000 1481000
811000 845000
405000 448000
1430000 1479000
1053000 1047000
822000 872000
489000 520000
1333000 1360000
1129000 1164000
1144000 1182000
193000 208000
1053000 1087000
291000 327000
1028000 1021000
586000 588000
143000 152000
1268000 1247000
8000 7000
434000 481000
534000 554000
573000 573000
991000 997000
1090000 1114000
775000 814000
1352000 1392000
1180000 1207000
690000 694000
651000 661000
1306000 1295000
693000 727000
1327000 1329000
139000 138000
14000 12000
792000 837000
1219000 1251000
567000 583000
1341000 1379000
7000 6000
1413000 1396000
145000 156000
794000 826000
343000 363000
1126000 1123000
784000 784000
936000 958000
954000 951000
846000 892000
132000 140000
338000 358000
886000 886000
1030000 1067000
612000 640000
1200000 1178000
1160000 1178000
901000 919000
676000 675000
1326000 1363000
619000 634000
313000 343000
161000 178000
490000 529000
977000 1020000
407000 431000
986000 1000000
1477000 1473000
1315000 1344000
466000 504000
884000 888000
43000 34000
418000 457000
1259000 1297000
225000 248000
927000 931000
35000 30000
983000 983000
1435000 1415000
1152000 1151000
232000 239000
1299000 1280000
1311000 1284000
1247000 1284000
605000 642000
434000 452000
755000 796000
1247000 1285000
717000 750000
1144000 1128000
604000 637000
877000 926000
1208000 1177000
1067000 1084000
710000 727000
1064000 1068000
29000 28000
670000 683000
1078000 1057000
260000 280000
1174000 1198000
919000 918000
791000 819000
975000 1005000
1208000 1237000
1471000 1439000
900000 919000
588000 584000
243000 253000
1354000 1404000
1432000 1434000
848000 876000
792000 828000
95000 101000
1127000 1152000
893000 922000
1383000 1435000
832000 838000
851000 888000
564000 566000
575000 577000
698000 738000
1378000 1415000
11000 7000
1406000 1432000
1101000 1135000
255000 283000
489000 514000
556000 584000
289000 308000
904000 908000
1366000 1350000
137000 147000
425000 440000
569000 568000
1416000 1464000
61000 55000
33000 29000
299000 323000
1145000 1142000
1017000 1059000
854000 854000
124000 125000
140000 142000
326000 363000
945000 990000
369000 401000
337000 372000
666000 691000
396000 411000
1258000 1232000
1258000 1298000
1064000 1103000
578000 602000
176000 192000
1380000 1411000
365000 410000
142000 151000
610000 655000
527000 537000
273000 286000
968000 983000
1249000 1260000
730000 730000
1267000 1245000
52000 43000
871000 906000
293000 315000
699000 720000
292000 320000
1428000 1486000
2000 3000
1192000 1202000
876000 877000
415000 434000
224000 246000
592000 634000
632000 660000
595000 597000
1083000 1096000
1077000 1061000
146000 160000
211000 230000
92000 94000
794000 833000
1285000 1257000
1363000 1386000
99000 94000
176000 196000
843000 878000
1065000 1105000
119000 120000
53000 45000
433000 450000
812000 822000
1269000 1272000
352000 391000
602000 635000
1035000 1068000
46000 44000
1124000 1155000
452000 481000
806000 824000
907000 939000
1371000 1355000
82000 81000
609000 627000
904000 945000
196000 211000
1276000 1321000
285000 305000
864000 903000
1496000 1478000
410000 438000
1453000 1417000
869000 911000
1115000 1133000
787000 786000
1409000 1401000
72000 68000
125000 126000
163000 172000
1440000 1451000
1266000 1306000
546000 570000
143000 141000
497000 522000
1392000 1368000
1428000 1396000
1013000 1001000
421000 442000
790000 830000
1257000 1279000
574000 588000
1205000 1192000
1297000 1283000
649000 674000
1049000 1089000
1315000 1338000
911000 919000
1100000 1102000
774000 809000
1189000 1206000
871000 892000
998000 1028000
96000 97000
664000 705000
1332000 1330000
1236000 1256000
249000 268000
288000 323000
1202000 1227000
39000 31000
1415000 1445000
145000 146000
639000 678000
340000 381000
438000 476000
845000 863000
955000 971000
296000 342000
817000 851000
3000 3000
1191000 1169000
258000 289000
642000 655000
1465000 1444000
310000 353000
1040000 1062000
147000 151000
639000 669000
594000 618000
360000 403000
93000 99000
784000 811000
1414000 1401000
137000 138000
988000 985000
250000 265000
788000 807000
1426000 1426000
653000 681000
976000 1017000
533000 537000
1210000 1232000
584000 606000
486000 526000
516000 554000
1377000 1378000
144000 148000
585000 596000
1376000 1371000
1198000 1223000
1007000 1009000
636000 651000
1015000 1058000
400000 427000
848000 849000
1151000 1154000
942000 983000
91000 89000
747000 748000
769000 791000
421000 464000
22000 22000
1400000 1399000
54000 45000
1311000 1326000
1347000 1345000
582000 585000
1122000 1161000
1220000 1246000
890000 924000
673000 688000
825000 859000
1252000 1272000
973000 982000
578000 613000
318000 356000
546000 567000
1087000 1131000
618000 651000
235000 242000
548000 555000
578000 616000
915000 943000
309000 352000
1500000 1479000
953000 1003000
242000 263000
1066000 1086000
1445000 1510000
830000 853000
859000 904000
465000 489000
408000 446000
1375000 1386000
1457000 1428000
1251000 1294000
1254000 1275000
1098000 1138000
110000 118000
1266000 1250000
46000 34000
1281000 1324000
942000 972000
610000 656000
454000 473000
1133000 1143000
1436000 1415000
467000 482000
1073000 1080000
339000 377000
1209000 1209000
546000 574000
1404000 1452000
1445000 1480000
201000 233000
785000 829000
1192000 1185000
977000 1019000
319000 346000
944000 991000
996000 1010000
1098000 1084000
1144000 1175000
116000 112000
5000 4000
697000 721000
705000 707000
1259000 1233000
547000 582000
1149000 1191000
414000 458000
1252000 1295000
1219000 1211000
1215000 1206000
18000 15000
31000 26000
471000 509000
1265000 1286000
795000 812000
114000 113000
950000 976000
1025000 1044000
252000 277000
486000 510000
624000 634000
953000 985000
612000 620000
186000 201000
1270000 1263000
207000 234000
1178000 1172000
1005000 1018000
1244000 1254000
1277000 1246000
1265000 1238000
969000 987000
157000 167000
1379000 1424000
1439000 1431000
282000 306000
863000 874000
790000 821000
1380000 1421000
887000 935000
1225000 1259000
244000 257000
877000 880000
1197000 1219000
165000 186000
344000 388000
546000 568000
1291000 1316000
248000 258000
1041000 1032000
1395000 1388000
1104000 1091000
796000 811000
786000 794000
1406000 1440000
1090000 1080000
1203000 1172000
1206000 1229000
1109000 1100000
846000 867000
631000 651000
950000 951000
460000 503000
1021000 1026000
1398000 1405000
1393000 1371000
1108000 1132000
1056000 1083000
402000 434000
170000 171000
1057000 1063000
1317000 1357000
587000 609000
905000 921000
741000 748000
1026000 1029000
256000 268000
1307000 1311000
1050000 1054000
750000 793000
701000 710000
353000 394000
622000 657000
993000 991000
1290000 1307000
301000 348000
1148000 1144000
66000 62000
377000 419000
1154000 1171000
194000 208000
368000 402000
1124000 1128000
729000 757000
953000 953000
664000 682000
311000 359000
1247000 1240000
308000 327000
620000 661000
1149000 1190000
191000 203000
1210000 1239000
1027000 1021000
479000 494000
1339000 1378000
589000 627000
1035000 1074000
336000 368000
1332000 1371000
93000 98000
172000 179000
937000 982000
131000 131000
1411000 1383000
1410000 1385000
1397000 1403000
870000 878000
170000 181000
402000 431000
222000 251000
653000 686000
70000 71000
1339000 1336000
837000 858000
585000 620000
15000 13000
616000 648000
206000 235000
840000 859000
779000 776000
714000 718000
241000 248000
655000 672000
1290000 1340000
1083000 1071000
1346000 1402000
1284000 1313000
234000 257000
993000 1018000
295000 321000
460000 498000
870000 897000
137000 146000
1116000 1144000
1362000 1352000
1402000 1460000
1082000 1126000
1163000 1163000
1087000 1108000
526000 534000
671000 708000
1282000 1256000
207000 239000
587000 608000
263000 288000
423000 445000
582000 605000
1106000 1137000
102000 106000
236000 252000
245000 265000
853000 890000
1226000 1199000
1117000 1111000
948000 952000
1388000 1443000
450000 470000
279000 289000
1039000 1071000
1328000 1313000
737000 761000
185000 206000
57000 53000
1136000 1157000
1127000 1172000
838000 873000
864000 907000
1014000 1012000
1460000 1451000
948000 993000
1134000 1166000
136000 138000
978000 1014000
665000 696000
861000 869000
1427000 1487000
1151000 1193000
570000 596000
284000 321000
1312000 1358000
541000 573000
96000 105000
1056000 1051000
834000 858000
1060000 1057000
224000 249000
862000 883000
138000 141000
366000 400000
792000 812000
1114000 1151000
1167000 1162000
1455000 1450000
1025000 1034000
449000 490000
1491000 1466000
1009000 1011000
745000 764000
1106000 1097000
942000 942000
296000 334000
672000 692000
916000 925000
1070000 1056000
837000 866000
979000 997000
157000 161000
386000 414000
372000 401000
938000 952000
1322000 1314000
1302000 1335000
727000 763000
762000 771000
13000 9000
126000 130000
292000 329000
1101000 1098000
1300000 1278000
155000 160000
934000 934000
987000 984000
424000 444000
1074000 1097000
1288000 1317000
1146000 1134000
1355000 1382000
249000 257000
1068000 1112000
186000 195000
563000 591000
160000 179000
1142000 1181000
122000 120000
612000 649000
986000 1011000
682000 687000
953000 974000
1134000 1119000
487000 508000
971000 1016000
252000 262000
245000 266000
1376000 1406000
363000 391000
1283000 1279000
621000 667000
37000 29000
274000 292000
608000 622000
270000 281000
19000 17000
26000 27000
589000 595000
706000 710000
1197000 1187000
903000 907000
773000 784000
12000 7000
1118000 1159000
1439000 1465000
906000 910000
1332000 1365000
1351000 1342000
1167000 1185000
498000 535000
1254000 1230000
460000 489000
216000 227000
291000 331000
231000 250000
1214000 1193000
576000 600000
1132000 1170000
401000 414000
445000 465000
49000 38000
424000 469000
1199000 1225000
732000 756000
429000 444000
1338000 1362000
638000 664000
218000 234000
173000 194000
725000 768000
1318000 1293000
480000 513000
666000 675000
253000 271000
436000 452000
326000 353000
993000 1033000
1437000 1512000
1352000 1361000
755000 761000
833000 856000
388000 414000
613000 632000
1469000 1448000
117000 117000
909000 952000
1470000 1452000
852000 851000
1308000 1331000
334000 356000
600000 615000
386000 420000
790000 787000
426000 471000
273000 309000
392000 418000
231000 243000
581000 598000
123000 127000
1159000 1161000
561000 575000
1484000 1444000
1167000 1201000
997000 1032000
835000 860000
176000 197000
1044000 1031000
1420000 1404000
351000 375000
823000 832000
703000 715000
1324000 1377000
411000 455000
464000 502000
1194000 1177000
876000 909000
1141000 1133000
664000 700000
690000 718000
1447000 1426000
27000 24000
879000 881000
280000 313000
432000 445000
564000 590000
860000 865000
615000 635000
521000 560000
1417000 1483000
1172000 1151000
1486000 1489000
729000 729000
1113000 1098000
739000 784000
521000 541000
616000 654000
878000 920000
888000 905000
1338000 1384000
87000 77000
992000 989000
230000 240000
394000 420000
1071000 1069000
675000 714000
1426000 1471000
537000 541000
1209000 1243000
1204000 1196000
961000 961000
955000 995000
1265000 1305000
298000 338000
607000 620000
507000 524000
125000 132000
1329000 1348000
273000 302000
381000 417000
80000 78000
956000 978000
366000 408000
853000 898000
1173000 1210000
818000 826000
1201000 1212000
337000 363000
1433000 1417000
419000 437000
321000 354000
294000 314000
839000 869000
82000 80000
718000 744000
66000 70000
580000 601000
809000 855000
685000 700000
317000 348000
542000 578000
602000 609000
829000 842000
611000 636000
498000 532000
1196000 1171000
315000 341000
1174000 1166000
301000 324000
1440000 1457000
1003000 1004000
857000 868000
271000 281000
1273000 1288000
1047000 1073000
1242000 1253000
492000 509000
337000 379000
117000 122000
224000 247000
108000 107000
613000 644000
544000 564000
1312000 1356000
1302000 1289000
1170000 1186000
130000 125000
627000 651000
813000 828000
915000 921000
1333000 1331000
310000 336000
1356000 1345000
369000 404000
887000 908000
763000 781000
280000 295000
214000 238000
1070000 1094000
403000 442000
1326000 1327000
1415000 1396000
1387000 1380000
206000 224000
427000 442000
1353000 1408000
1076000 1063000
347000 368000
1394000 1449000
292000 332000
776000 798000
1031000 1069000
1157000 1192000
113000 115000
1391000 1375000
32000 25000
474000 493000
1397000 1461000
475000 515000
889000 889000
195000 202000
539000 548000
681000 689000
445000 479000
995000 997000
361000 394000
148000 165000
435000 454000
948000 986000
290000 307000
803000 807000
38000 32000
508000 532000
178000 193000
716000 722000
934000 980000
41000 33000
946000 944000
584000 588000
560000 577000
1461000 1452000
292000 318000
583000 610000
1421000 1441000
912000 951000
1188000 1166000
528000 546000
1321000 1321000
49000 43000
1069000 1110000
928000 973000
614000 622000
444000 484000
625000 636000
251000 259000
49000 46000
1221000 1197000
757000 800000
375000 397000
660000 669000
1087000 1113000
526000 555000
1442000 1494000
1369000 1396000
93000 87000
919000 957000
1224000 1196000
1105000 1096000
126000 141000
1419000 1391000
996000 1035000
859000 901000
770000 772000
1087000 1070000
336000 384000
789000 802000
1055000 1060000
701000 732000
462000 478000
586000 630000
247000 255000
1018000 1030000
320000 347000
1248000 1243000
206000 237000
722000 765000
190000 200000
348000 375000
384000 406000
83000 82000
328000 348000
960000 992000
1103000 1094000
1078000 1119000
727000 738000
1247000 1261000
1384000 1420000
1479000 1451000
1221000 1249000
1395000 1451000
71000 65000
227000 246000
861000 896000
1011000 1048000
661000 679000
711000 720000
873000 873000
769000 774000
170000 183000
213000 232000
1016000 1004000
741000 781000
312000 339000
583000 614000
416000 442000
846000 895000
648000 668000
1085000 1078000
1403000 1382000
1201000 1191000
620000 645000
1227000 1235000
89000 84000
241000 259000
1114000 1149000
1430000 1434000
1437000 1495000
1305000 1290000
563000 570000
665000 707000
1467000 1445000
616000 658000
1197000 1217000
112000 109000
940000 950000
444000 465000
1235000 1219000
1269000 1315000
665000 683000
690000 710000
864000 910000
1055000 1093000
159000 169000
74000 73000
545000 560000
414000 444000
360000 389000
907000 938000
636000 666000
930000 930000
937000 949000
496000 519000
769000 801000
236000 260000
1448000 1443000
1370000 1414000
573000 599000
311000 355000
189000 207000
203000 217000
171000 182000
726000 743000
559000 562000
1062000 1092000
1381000 1417000
1425000 1414000
1363000 1348000
736000 766000
45000 35000
1271000 1318000
1178000 1197000
150000 152000
162000 171000
1095000 1091000
1407000 1463000
382000 402000
662000 667000
950000 970000
107000 117000
731000 775000
748000 788000
635000 646000
1262000 1289000
826000 852000
1193000 1185000
408000 454000
724000 739000
113000 107000
1079000 1066000
288000 324000
1171000 1180000
990000 993000
941000 981000
424000 468000
1251000 1293000
403000 424000
1424000 1396000
1450000 1430000
935000 931000
922000 939000
735000 750000
543000 577000
864000 875000
1416000 1402000
126000 125000
1082000 1115000
671000 704000
1385000 1392000
222000 241000
434000 472000
623000 648000
322000 346000
199000 216000
902000 923000
1368000 1366000
238000 251000
686000 715000
1317000 1301000
132000 136000
1333000 1383000
1369000 1368000
464000 478000
1418000 1394000
1431000 1490000
242000 259000
29000 26000
687000 706000
1374000 1423000
42000 33000
314000 344000
1305000 1343000
339000 360000
1236000 1228000
340000 383000
1123000 1138000
949000 955000
1278000 1323000
491000 512000
1381000 1395000
63000 64000
838000 874000
556000 556000
825000 846000
33000 30000
639000 663000
926000 936000
173000 182000
1235000 1244000
1287000 1271000
999000 1003000
566000 585000
833000 877000
274000 312000
354000 382000
316000 343000
486000 499000
1274000 1245000
772000 787000
299000 335000
675000 678000
495000 528000
1372000 1413000
664000 703000
791000 834000
187000 199000
782000 793000
935000 962000
737000 774000
1121000 1119000
15000 11000
349000 390000
409000 433000
998000 1000000
578000 582000
960000 968000
1482000 1468000
1097000 1080000
671000 702000
1205000 1218000
949000 988000
792000 831000
1417000 1393000
1348000 1372000
1396000 1405000
759000 772000
612000 639000
265000 287000
751000 787000
770000 803000
1463000 1499000
957000 953000
90000 80000
1249000 1234000
460000 480000
857000 882000
1324000 1380000
495000 536000
1334000 1374000
1421000 1491000
1185000 1213000
684000 702000
713000 747000
809000 812000
633000 664000
509000 524000
137000 150000
1158000 1159000
707000 719000
1446000 1509000
880000 927000
1000000 1029000
1051000 1082000
257000 269000
648000 675000
1080000 1080000
1389000 1367000
172000 190000
235000 255000
498000 506000
1069000 1090000
563000 592000
1079000 1121000
967000 998000
970000 976000
572000 571000
485000 492000
1013000 1052000
285000 326000
161000 174000
965000 976000
162000 168000
798000 843000
1162000 1147000
855000 874000
1000 1000
97000 94000
549000 566000
715000 727000
881000 908000
958000 956000
612000 647000
1334000 1351000
547000 575000
21000 18000
1407000 1466000
793000 808000
985000 994000
431000 475000
1183000 1162000
1399000 1378000
1116000 1153000
1000000 1037000
1190000 1205000
198000 227000
890000 901000
389000 428000
1241000 1233000
182000 186000
1078000 1117000
694000 702000
866000 865000
555000 589000
1240000 1257000
1279000 1256000
722000 751000
1002000 1008000
609000 653000
268000 277000
1024000 1057000
418000 448000
456000 477000
702000 715000
20000 18000
471000 496000
1132000 1158000
693000 700000
1308000 1332000
616000 630000
1189000 1185000
585000 619000
124000 136000
278000 311000
378000 398000
156000 166000
270000 297000
968000 1008000
1139000 1180000
1356000 1373000
306000 332000
791000 813000
932000 975000
283000 319000
378000 412000
1306000 1359000
488000 508000
1038000 1050000
1309000 1314000
1231000 1219000
639000 676000
1088000 1088000
25000 23000
941000 987000
1042000 1072000
699000 734000
1234000 1262000
931000 951000
756000 756000
120000 116000
568000 570000
309000 351000
541000 562000
697000 733000
272000 284000
677000 692000
246000 256000
808000 848000
1121000 1169000
1433000 1508000
1247000 1277000
281000 303000
169000 191000
717000 736000
1257000 1280000
1061000 1081000
357000 384000
663000 669000
959000 1002000
30000 25000
1227000 1255000
912000 919000
622000 632000
107000 106000
724000 769000
1132000 1162000
936000 984000
944000 943000
208000 220000
996000 1024000
56000 58000
300000 349000
752000 756000
516000 532000
431000 450000
1361000 1412000
1331000 1316000
202000 216000
109000 116000
601000 626000
497000 506000
1168000 1183000
1234000 1205000
727000 758000
44000 34000
826000 837000
169000 176000
1031000 1023000
69000 68000
997000 1004000
1337000 1389000
353000 399000
105000 109000
796000 841000
1429000 1410000
405000 426000
174000 179000
799000 813000
1296000 1276000
744000 789000
645000 662000
284000 295000
728000 727000
962000 989000
65000 62000
19000 16000
1084000 1075000
1068000 1063000
1355000 1410000
41000 38000
331000 352000
972000 973000
644000 679000
1195000 1177000
977000 986000
41000 36000
615000 645000
1394000 1439000
258000 267000
951000 997000
342000 373000
215000 243000
777000 774000
592000 604000
1341000 1370000
515000 542000
957000 999000
748000 748000
240000 267000
49000 41000
52000 50000
975000 1012000
300000 344000
1349000 1335000
1075000 1118000
981000 1022000
152000 164000
1350000 1398000
476000 499000
1065000 1052000
689000 700000
922000 967000
917000 939000
1019000 1053000
406000 430000
341000 371000
1459000 1429000
674000 709000
1445000 1488000
256000 279000
327000 353000
224000 243000
875000 897000
1447000 1497000
566000 597000
524000 544000
38000 30000
910000 923000
279000 307000
277000 300000
434000 474000
168000 184000
1434000 1416000
232000 254000
1334000 1309000
1006000 1022000
299000 333000
558000 570000
1253000 1223000
889000 940000
1340000 1335000
1130000 1123000
342000 385000
1333000 1366000
1240000 1216000
16000 11000
944000 977000
716000 753000
544000 558000
1064000 1101000
788000 804000
234000 253000
872000 919000
339000 386000
1442000 1420000
1381000 1369000
776000 777000
1474000 1446000
828000 853000
250000 278000
1072000 1070000
221000 233000
1382000 1426000
1037000 1025000
511000 549000
725000 754000
1012000 1000000
704000 735000
1257000 1244000
1359000 1335000
507000 540000
1036000 1028000
254000 270000
734000 772000
905000 947000
502000 530000
984000 1027000
1373000 1418000
703000 729000
880000 884000
617000 636000
1112000 1097000
1289000 1287000
798000 840000
237000 244000
367000 398000
1034000 1033000
198000 209000
275000 303000
1380000 1431000
885000 885000
177000 189000
743000 756000
1000000 1038000
642000 671000
783000 780000
736000 746000
1054000 1095000
379000 406000
806000 853000
278000 305000
1323000 1310000
159000 161000
491000 518000
766000 805000
678000 692000
1220000 1242000
367000 411000
449000 493000
545000 579000
644000 665000
1199000 1214000
1075000 1111000
1275000 1320000
135000 134000
186000 203000
1382000 1363000
733000 731000
1438000 1430000
1430000 1489000
720000 722000
1045000 1065000
1262000 1270000
500000 519000
504000 538000
792000 810000
16000 15000
199000 230000
234000 262000
508000 543000
1402000 1397000
207000 228000
702000 736000
302000 329000
68000 64000
1094000 1142000
1202000 1198000
567000 594000
967000 977000
1198000 1177000
1334000 1387000
980000 1000000
1345000 1358000
309000 335000
1099000 1139000
552000 587000
774000 782000
431000 470000
1019000 1013000
850000 883000
757000 754000
1035000 1038000
1276000 1256000
1206000 1220000
455000 487000
1108000 1099000
298000 345000
1348000 1360000
266000 283000
202000 220000
600000 625000
284000 308000
668000 683000
1384000 1389000
1061000 1063000
12000 11000
125000 128000
811000 863000
699000 715000
588000 604000
851000 854000
1238000 1213000
204000 217000
1227000 1196000
964000 981000
719000 722000
1344000 1399000
276000 286000
293000 328000
614000 650000
10000 7000
453000 482000
373000 407000
802000 844000
1181000 1208000
716000 743000
447000 475000
1473000 1443000
804000 808000
1451000 1435000
1394000 1419000
823000 870000
791000 838000
1436000 1492000
374000 399000
298000 336000
398000 437000
1206000 1188000
1227000 1258000
771000 773000
890000 912000
1372000 1422000
398000 424000
908000 930000
696000 705000
929000 953000
1051000 1088000
201000 221000
1275000 1312000
181000 185000
1216000 1230000
1147000 1140000
1114000 1119000
1397000 1455000
34000 27000
449000 466000
74000 71000
715000 755000
1011000 1047000
593000 599000
956000 996000
110000 111000
380000 398000
1218000 1228000
652000 669000
1342000 1352000
1039000 1037000
1324000 1321000
159000 177000
345000 375000
598000 607000
1423000 1401000
1273000 1254000
428000 467000
56000 49000
365000 383000
785000 790000
853000 889000
522000 545000
868000 883000
165000 173000
105000 105000
742000 752000
336000 382000
1180000 1170000
1090000 1130000
801000 804000
939000 938000
469000 501000
288000 315000
1106000 1141000
428000 457000
178000 195000
465000 500000
187000 210000
1459000 1507000
289000 322000
1284000 1274000
1026000 1066000
892000 933000
900000 949000
418000 463000
849000 894000
1157000 1159000
153000 157000
302000 347000
1201000 1221000
532000 545000
984000 1021000
1263000 1263000
874000 917000
307000 340000
887000 937000
1186000 1170000
1237000 1204000
74000 78000
420000 456000
1443000 1413000
479000 505000
330000 373000
455000 477000
975000 981000
571000 588000
1191000 1216000
697000 737000
1427000 1396000
198000 226000
1074000 1070000
296000 339000
202000 231000
1150000 1187000
1203000 1224000
497000 541000
824000 860000
1262000 1236000
918000 954000
104000 102000
1129000 1117000
78000 73000
621000 637000
158000 165000
364000 384000
844000 848000
1298000 1345000
885000 913000
1260000 1302000
633000 641000
686000 695000
156000 163000
858000 877000
698000 713000
216000 245000
813000 862000
952000 1001000
667000 692000
133000 137000
87000 88000
695000 708000
333000 371000
751000 790000
325000 365000
727000 770000
369000 407000
496000 527000
1092000 1083000
1250000 1264000
91000 90000
203000 225000
925000 965000
552000 583000
1329000 1376000
676000 698000
178000 184000
17000 11000
1370000 1409000
1232000 1268000
1217000 1193000
1118000 1125000
63000 55000
658000 672000
132000 144000
1231000 1266000
1243000 1220000
1046000 1055000
1008000 1010000
1059000 1091000
1240000 1245000
103000 100000
868000 902000
565000 581000
1224000 1236000
1313000 1307000
199000 213000
1099000 1100000
1242000 1271000
309000 354000
1081000 1081000
200000 208000
529000 547000
1259000 1308000
96000 102000
179000 200000
921000 938000
1024000 1063000
1259000 1299000
711000 739000
1372000 1381000
418000 461000
292000 325000
856000 887000
1030000 1054000
166000 168000
1319000 1291000
375000 418000
412000 447000
1304000 1294000
684000 711000
73000 75000
1506000 1485000
1155000 1153000
662000 693000
118000 115000
1462000 1447000
1137000 1156000
114000 120000
363000 397000
125000 137000
94000 87000
212000 236000
806000 847000
659000 695000
18000 16000
1090000 1109000
245000 262000
1303000 1322000
344000 373000
1063000 1052000
253000 264000
197000 215000
640000 682000
381000 398000
279000 314000
240000 264000
495000 509000
1135000 1134000
49000 48000
1239000 1269000
254000 276000
1098000 1136000
1048000 1046000
683000 690000
1329000 1355000
514000 547000
847000 860000
709000 716000
898000 914000
526000 561000
63000 66000
369000 414000
964000 1006000
1350000 1326000
1295000 1329000
1177000 1176000
580000 584000
1066000 1056000
777000 815000
300000 337000
843000 866000
1149000 1157000
1358000 1394000
1058000 1080000
1045000 1046000
1054000 1076000
705000 741000
445000 486000
1164000 1151000
1158000 1176000
1383000 1383000
440000 460000
153000 161000
314000 360000
675000 716000
897000 936000
721000 726000
1310000 1316000
228000 242000
1204000 1238000
640000 648000
274000 301000
517000 535000
1116000 1112000
1388000 1430000
737000 777000
811000 861000
494000 501000
180000 187000
1346000 1332000
802000 822000
738000 776000
1179000 1166000
897000 897000
750000 752000
751000 752000
607000 641000
1132000 1134000
301000 343000
909000 929000
732000 771000
1059000 1063000
1023000 1029000
1021000 1060000
660000 697000
571000 575000
239000 248000
202000 222000
1354000 1397000
1223000 1193000
1032000 1024000
1296000 1319000
1393000 1456000
1245000 1212000
126000 138000
570000 584000
1222000 1252000
332000 370000
718000 740000
442000 464000
245000 272000
439000 457000
1155000 1173000
689000 717000
911000 959000
1004000 1011000
393000 433000
760000 780000
1429000 1477000
619000 659000
358000 391000
1445000 1425000
356000 396000
1263000 1281000
1278000 1304000
590000 624000
630000 646000
1054000 1085000
951000 947000
1408000 1407000
124000 131000
115000 112000
284000 317000
514000 553000
127000 125000
468000 508000
1409000 1478000
22000 20000
615000 663000
1337000 1324000
800000 808000
883000 928000
421000 466000
342000 389000
217000 227000
856000 893000
233000 243000
225000 243000
28000 25000
1257000 1267000
1020000 1040000
352000 375000
959000 964000
376000 406000
753000 783000
885000 916000
196000 212000
1388000 1446000
1071000 1116000
1069000 1063000
389000 407000
856000 858000
1343000 1350000
899000 906000
195000 224000
485000 521000
786000 820000
686000 728000
1173000 1179000
634000 641000
62000 61000
761000 762000
1163000 1196000
1242000 1265000
764000 766000
1404000 1467000
118000 121000
1216000 1202000
952000 958000
982000 988000
656000 672000
1007000 1050000
417000 453000
599000 619000
39000 35000
1328000 1364000
422000 465000
1464000 1456000
1132000 1165000
904000 929000
797000 803000
9000 8000
524000 556000
1225000 1191000
456000 496000
1433000 1485000
123000 119000
899000 944000
327000 362000
1426000 1448000
1250000 1245000
768000 768000
1320000 1311000
1193000 1215000
296000 321000
1137000 1123000
362000 401000
736000 759000
1296000 1330000
1378000 1369000
461000 494000
1091000 1087000
790000 827000
275000 284000
1422000 1484000
331000 378000
907000 907000
22000 24000
923000 929000
349000 393000
255000 285000
1422000 1424000
350000 382000
1437000 1411000
442000 478000
630000 665000
1050000 1075000
876000 921000
628000 649000
1475000 1450000
244000 269000
366000 398000
739000 780000
196000 206000
510000 546000
581000 586000
646000 657000
1280000 1271000
69000 67000
1295000 1288000
1487000 1457000
1415000 1476000
994000 998000
841000 865000
1390000 1375000
66000 69000
287000 302000
51000 47000
226000 247000
385000 407000
493000 533000
753000 762000
124000 135000
1172000 1199000
23000 22000
940000 969000
484000 490000
919000 958000
872000 882000
1361000 1344000
1444000 1438000
974000 995000
1048000 1070000
263000 294000
412000 430000
205000 229000
1246000 1246000
1386000 1364000
894000 892000
1335000 1381000
390000 426000
855000 880000
1095000 1134000
649000 677000
36000 29000
654000 666000
731000 744000
692000 697000
417000 449000
368000 392000
1209000 1233000
340000 362000
421000 460000
1127000 1117000
1167000 1194000
1353000 1365000
333000 362000
1266000 1311000
698000 740000
101000 104000
1412000 1404000
688000 687000
941000 953000
670000 701000
169000 187000
550000 564000
1212000 1193000
1156000 1153000
433000 473000
1042000 1045000
653000 663000
669000 672000
1429000 1454000
261000 278000
1472000 1444000
945000 963000
1357000 1341000
1093000 1140000
149000 145000
274000 295000
1456000 1498000
47000 36000
540000 569000
878000 892000
1019000 1056000
141000 143000
80000 79000
1017000 1018000
458000 485000
475000 490000
653000 684000
698000 730000
1244000 1232000
518000 530000
1446000 1417000
58000 55000
1190000 1185000
660000 690000
492000 531000
1088000 1120000
188000 199000
878000 923000
863000 900000
549000 581000
650000 670000
94000 93000
952000 1000000
307000 332000
100000 107000
202000 232000
1255000 1296000
795000 823000
924000 961000
1172000 1188000
982000 1023000
935000 963000
259000 274000
1437000 1474000
981000 978000
110000 109000
357000 405000
889000 925000
511000 525000
973000 1010000
1394000 1393000
330000 359000
808000 857000
538000 539000
157000 168000
234000 248000
544000 571000
831000 864000
457000 470000
438000 465000
1251000 1224000
754000 774000
283000 298000
641000 656000
235000 261000
631000 672000
117000 119000
165000 166000
659000 667000
89000 92000
722000 764000
371000 403000
414000 452000
186000 202000
913000 921000
1341000 1321000
1052000 1040000
631000 673000
551000 560000
117000 126000
129000 125000
596000 596000
546000 564000
861000 891000
801000 835000
820000 867000
605000 621000
377000 398000
478000 490000
182000 198000
892000 941000
74000 77000
118000 125000
566000 577000
557000 576000
356000 384000
930000 971000
60000 65000
928000 929000
287000 316000
1129000 1174000
771000 797000
842000 854000
1366000 1416000
1252000 1233000
59000 62000
596000 632000
998000 1030000
577000 611000
1044000 1064000
685000 712000
1013000 1051000
888000 918000
1255000 1246000
1389000 1437000
1096000 1091000
1257000 1276000
959000 1009000
92000 85000
1227000 1231000
536000 537000
67000 66000
95000 96000
565000 586000
667000 674000
79000 74000
525000 542000
684000 713000
62000 67000
989000 995000
375000 413000
269000 296000
517000 545000
151000 156000
1311000 1349000
394000 441000
1005000 1041000
503000 524000
50000 45000
1165000 1172000
85000 83000
145000 163000
695000 726000
64000 61000
330000 374000
1445000 1503000
1049000 1078000
73000 76000
332000 380000
1028000 1045000
173000 185000
1156000 1195000
176000 181000
446000 488000
134000 142000
1272000 1271000
1412000 1475000
242000 270000
1054000 1058000
469000 483000
614000 643000
387000 422000
417000 448000
386000 421000
96000 100000
164000 168000
926000 956000
1128000 1115000
437000 452000
303000 326000
18000 18000
253000 273000
63000 63000
326000 366000
528000 558000
386000 429000
1404000 1377000
712000 729000
1011000 1043000
452000 495000
671000 706000
865000 872000
1431000 1416000
359000 385000
970000 1007000
775000 789000
597000 599000
767000 776000
1463000 1445000
532000 559000
144000 157000
293000 330000
968000 1015000
1404000 1428000
1388000 1393000
1264000 1282000
622000 668000
704000 713000
914000 939000
988000 1031000
55000 45000
1094000 1123000
657000 667000
155000 170000
1290000 1272000
288000 311000
882000 883000
263000 291000
1292000 1310000
1397000 1436000
1123000 1167000
99000 103000
888000 930000
1032000 1049000
1043000 1039000
1084000 1106000
165000 175000
1000 2000
188000 205000
475000 507000
766000 808000
256000 286000
109000 106000
1125000 1124000
70000 68000
89000 83000
148000 149000
1374000 1370000
846000 886000
1360000 1345000
40000 32000
1080000 1098000
732000 760000
989000 1025000
697000 704000
520000 543000
774000 818000
763000 804000
55000 56000
1303000 1286000
555000 561000
386000 425000
869000 883000
1275000 1291000
777000 810000
1147000 1189000
324000 358000
1258000 1301000
554000 566000
23000 23000
1306000 1354000
88000 82000
1019000 1042000
1020000 1061000
514000 528000
562000 561000
84000 80000
574000 607000
687000 722000
161000 182000
1125000 1154000
114000 124000
188000 214000
151000 158000
1446000 1505000
535000 553000
674000 692000
1228000 1196000
519000 529000
1120000 1150000
142000 143000
493000 523000
86000 80000
1201000 1226000
134000 136000
1184000 1185000
814000 826000
1072000 1100000
576000 578000
528000 552000
291000 310000
50000 40000
505000 521000
763000 795000
1379000 1369000
577000 584000
1014000 1055000
451000 473000
1330000 1308000
943000 946000
353000 378000
7000 5000
1293000 1292000
794000 799000
19000 19000
590000 622000
1143000 1125000
1110000 1101000
1358000 1363000
1436000 1470000
502000 521000
1015000 1015000
783000 816000
766000 773000
463000 499000
58000 47000
330000 376000
1485000 1476000
188000 204000
1275000 1242000
81000 75000
1378000 1425000
33000 26000
588000 623000
732000 748000
286000 299000
533000 563000
819000 841000
994000 1036000
214000 231000
1286000 1279000
1314000 1308000
383000 406000
301000 350000
490000 498000
553000 557000
87000 85000
751000 779000
1233000 1228000
947000 945000
1242000 1237000
1433000 1500000
1242000 1274000
834000 879000
531000 557000
1298000 1278000
385000 416000
1138000 1122000
1433000 1502000
1373000 1367000
220000 237000
394000 435000
660000 687000
552000 563000
956000 973000
504000 518000
817000 868000
6000 5000
492000 534000
366000 406000

