231000 237000
391000 384000
609000 608000
1570000 1622000
1084000 1114000
771000 761000
1866000 1852000
1639000 1661000
1692000 1716000
384000 372000
624000 607000
1915000 1934000
250000 241000
1353000 1364000
1351000 1400000
1474000 1496000
204000 214000
1856000 1923000
633000 635000
844000 837000
377000 362000
1779000 1784000
229000 228000
1533000 1579000
905000 898000
1614000 1677000
576000 581000
504000 509000
427000 414000
712000 721000
931000 935000
1722000 1725000
866000 872000
301000 296000
1072000 1089000
1000000 1019000
344000 322000
316000 303000
1762000 1756000
147000 141000
1467000 1488000
1600000 1646000
1015000 1002000
73000 67000
1403000 1406000
1536000 1548000
1317000 1366000
654000 673000
280000 272000
1285000 1305000
437000 418000
993000 1021000
951000 961000
1761000 1753000
1150000 1197000
659000 675000
1824000 1880000
107000 97000
1010000 999000
1312000 1344000
47000 42000
1126000 1164000
1340000 1394000
1059000 1067000
100000 103000
99000 91000
71000 68000
1027000 1063000
1096000 1120000
1146000 1146000
1464000 1492000
959000 957000
24000 17000
328000 312000
1120000 1151000
1646000 1712000
1588000 1579000
806000 804000
741000 721000
198000 208000
473000 457000
566000 557000
484000 486000
1776000 1776000
1987000 2003000
163000 158000
919000 920000
1493000 1502000
542000 549000
178000 182000
1923000 1984000
1526000 1535000
1169000 1201000
443000 422000
144000 148000
864000 871000
181000 174000
1162000 1161000
241000 246000
1851000 1934000
1094000 1093000
1644000 1650000
556000 544000
172000 173000
532000 521000
1924000 1982000
485000 499000
202000 207000
373000 359000
152000 154000
1865000 1863000
86000 82000
1325000 1324000
382000 356000
84000 78000
1883000 1938000
563000 575000
324000 320000
746000 756000
339000 319000
735000 729000
1310000 1306000
559000 543000
1294000 1330000
225000 226000
552000 549000
1843000 1845000
489000 505000
1621000 1622000
1211000 1209000
471000 463000
530000 541000
1159000 1191000
1670000 1672000
1640000 1647000
1108000 1144000
1100000 1115000
724000 721000
1041000 1044000
1688000 1690000
301000 277000
189000 177000
1013000 1035000
1733000 1742000
773000 765000
207000 215000
1665000 1670000
332000 325000
1090000 1133000
1331000 1335000
618000 626000
1848000 1919000
299000 279000
8000 5000
838000 819000
1250000 1293000
1018000 1033000
1483000 1500000
133000 121000
1600000 1638000
1261000 1306000
628000 616000
827000 820000
249000 246000
18000 12000
105000 95000
1144000 1192000
1919000 2005000
1585000 1604000
1701000 1760000
865000 845000
252000 252000
1422000 1458000
1030000 1068000
1318000 1334000
895000 910000
1369000 1379000
554000 544000
355000 346000
1279000 1279000
1155000 1179000
1894000 1933000
647000 647000
673000 683000
1661000 1704000
1255000 1301000
1636000 1644000
1090000 1145000
751000 755000
1189000 1225000
1223000 1251000
1400000 1413000
1429000 1452000
384000 375000
1097000 1109000
72000 72000
506000 511000
1578000 1627000
1798000 1869000
1214000 1218000
124000 127000
86000 80000
1546000 1591000
961000 987000
1492000 1547000
765000 762000
917000 916000
535000 539000
928000 926000
1140000 1143000
1792000 1789000
999000 1014000
543000 548000
88000 80000
1333000 1376000
1813000 1873000
708000 698000
715000 698000
490000 470000
1540000 1549000
1255000 1285000
1320000 1319000
756000 769000
903000 905000
1873000 1870000
1151000 1185000
1085000 1132000
1627000 1684000
126000 118000
155000 151000
583000 589000
1926000 1932000
438000 420000
1957000 1942000
1574000 1569000
264000 259000
370000 354000
1099000 1153000
305000 281000
1607000 1661000
513000 522000
1910000 1992000
548000 529000
1327000 1365000
224000 230000
621000 602000
982000 967000
1538000 1559000
177000 171000
1223000 1257000
1482000 1492000
324000 318000
1830000 1848000
1239000 1233000
295000 289000
1723000 1724000
549000 556000
1623000 1679000
1086000 1102000
1125000 1165000
1390000 1446000
1008000 994000
645000 629000
1892000 1943000
529000 523000
1324000 1354000
1085000 1109000
1279000 1314000
1762000 1814000
399000 373000
1138000 1151000
1583000 1610000
362000 348000
1114000 1132000
87000 81000
509000 507000
893000 919000
754000 743000
1793000 1834000
1784000 1782000
1633000 1681000
1686000 1745000
49000 44000
631000 637000
160000 157000
1479000 1482000
1289000 1297000
1533000 1592000
65000 60000
790000 796000
261000 259000
1453000 1468000
143000 139000
1338000 1378000
1157000 1187000
1343000 1341000
637000 632000
479000 468000
1263000 1253000
1915000 1983000
1558000 1553000
10000 8000
929000 956000
580000 577000
64000 66000
1217000 1258000
239000 239000
1895000 1978000
1193000 1231000
1123000 1168000
1151000 1189000
864000 873000
382000 380000
1084000 1122000
856000 861000
771000 785000
1201000 1230000
562000 555000
1073000 1118000
1860000 1866000
945000 976000
588000 584000
1238000 1278000
296000 280000
1070000 1095000
384000 358000
72000 67000
420000 421000
1708000 1761000
1778000 1843000
1544000 1554000
28000 18000
1604000 1591000
1934000 1935000
339000 338000
686000 704000
1214000 1252000
608000 610000
1954000 1948000
1396000 1442000
765000 778000
283000 281000
1912000 1910000
1846000 1925000
1406000 1430000
640000 631000
1381000 1421000
784000 768000
1780000 1828000
1249000 1277000
729000 720000
1259000 1286000
407000 393000
188000 196000
737000 751000
949000 939000
1877000 1875000
581000 582000
946000 949000
122000 122000
576000 584000
1342000 1355000
763000 768000
1111000 1162000
435000 431000
1512000 1576000
376000 359000
69000 69000
1013000 1004000
783000 792000
948000 951000
1968000 1973000
1148000 1155000
1519000 1564000
1143000 1177000
491000 478000
1980000 1969000
1047000 1084000
921000 936000
821000 805000
860000 851000
442000 446000
1324000 1363000
1760000 1826000
1036000 1046000
1289000 1319000
1779000 1850000
313000 304000
1860000 1941000
318000 309000
1628000 1671000
514000 511000
304000 298000
1131000 1144000
20000 12000
610000 612000
902000 925000
529000 543000
1443000 1506000
1665000 1708000
199000 204000
1941000 1964000
1327000 1347000
963000 993000
891000 917000
36000 31000
1136000 1172000
1454000 1467000
1595000 1606000
1539000 1538000
559000 571000
323000 310000
610000 628000
423000 405000
358000 336000
262000 266000
178000 165000
1302000 1352000
759000 750000
253000 240000
1046000 1086000
1309000 1315000
1620000 1619000
1622000 1620000
1418000 1460000
1737000 1803000
1224000 1266000
1355000 1369000
585000 586000
882000 875000
1397000 1424000
1382000 1385000
1409000 1433000
1056000 1074000
638000 650000
726000 731000
167000 158000
640000 649000
934000 925000
1184000 1221000
832000 820000
1359000 1414000
112000 111000
91000 84000
409000 401000
1900000 1970000
727000 718000
102000 94000
1225000 1267000
1626000 1673000
555000 553000
1344000 1384000
1124000 1174000
92000 85000
1308000 1353000
44000 44000
1835000 1913000
1215000 1206000
860000 875000
751000 761000
798000 783000
432000 415000
904000 884000
1576000 1629000
796000 810000
1852000 1854000
1076000 1080000
634000 639000
1790000 1788000
766000 765000
1275000 1278000
44000 38000
676000 679000
923000 942000
768000 752000
1872000 1958000
1553000 1602000
467000 458000
1916000 1906000
1736000 1756000
1067000 1078000
961000 956000
1623000 1676000
1639000 1696000
298000 284000
1850000 1927000
1315000 1334000
802000 821000
561000 566000
1039000 1046000
1536000 1575000
574000 587000
258000 250000
1537000 1545000
1196000 1198000
1091000 1128000
60000 55000
1696000 1733000
1512000 1515000
1674000 1674000
106000 99000
313000 298000
873000 893000
276000 276000
1283000 1317000
1514000 1552000
640000 648000
616000 630000
991000 985000
1145000 1183000
1845000 1843000
1488000 1546000
482000 476000
45000 38000
1034000 1074000
1824000 1888000
892000 904000
880000 873000
702000 695000
542000 531000
1872000 1956000
842000 826000
82000 74000
1261000 1289000
1732000 1740000
867000 860000
379000 373000
1417000 1418000
12000 8000
459000 461000
858000 857000
1756000 1770000
969000 959000
883000 895000
1361000 1358000
979000 969000
261000 254000
1767000 1768000
234000 228000
1019000 1047000
1682000 1721000
753000 763000
999000 1030000
1300000 1329000
1747000 1761000
226000 233000
671000 663000
381000 370000
1046000 1089000
314000 289000
1658000 1709000
340000 323000
149000 149000
1799000 1791000
239000 231000
1808000 1861000
47000 45000
1071000 1085000
1693000 1697000
1073000 1117000
347000 331000
626000 634000
1634000 1678000
1827000 1824000
493000 481000
439000 413000
746000 728000
1347000 1358000
375000 371000
1133000 1180000
389000 378000
213000 210000
1012000 1027000
1730000 1796000
873000 859000
997000 981000
436000 412000
1745000 1743000
717000 733000
1153000 1195000
832000 842000
1022000 1044000
19000 11000
649000 634000
1759000 1786000
1466000 1532000
1326000 1322000
101000 91000
248000 242000
421000 406000
1818000 1863000
1649000 1698000
811000 796000
522000 531000
561000 572000
1569000 1614000
184000 190000
1942000 1959000
1633000 1640000
368000 366000
85000 84000
1217000 1255000
693000 688000
1277000 1284000
713000 730000
496000 496000
1027000 1037000
1831000 1867000
454000 450000
1532000 1531000
780000 775000
230000 231000
319000 317000
244000 244000
1130000 1154000
1296000 1305000
1008000 1023000
1668000 1720000
1013000 1055000
1526000 1574000
1037000 1051000
427000 405000
106000 110000
785000 771000
514000 519000
1634000 1693000
321000 301000
481000 462000
616000 603000
1351000 1366000
791000 778000
1428000 1448000
1292000 1290000
1242000 1243000
902000 928000
355000 351000
518000 516000
1699000 1747000
1077000 1086000
1712000 1762000
311000 292000
395000 372000
1674000 1726000
1904000 1903000
1563000 1556000
1816000 1841000
1385000 1417000
1004000 989000
1617000 1622000
156000 145000
1666000 1722000
1802000 1801000
389000 369000
1492000 1544000
1371000 1415000
1832000 1820000
1437000 1456000
496000 484000
1211000 1241000
1088000 1098000
1191000 1197000
1731000 1798000
1596000 1584000
908000 940000
1265000 1313000
1337000 1349000
1040000 1046000
113000 109000
269000 259000
663000 666000
290000 276000
1283000 1282000
1606000 1603000
1649000 1689000
121000 125000
933000 931000
92000 94000
1175000 1182000
1907000 1977000
801000 786000
642000 627000
1308000 1325000
1277000 1311000
600000 605000
918000 909000
1570000 1612000
1567000 1562000
1524000 1525000
93000 83000
117000 114000
1542000 1539000
1469000 1474000
174000 172000
1718000 1714000
565000 580000
1104000 1134000
962000 967000
56000 52000
1603000 1610000
196000 192000
1408000 1438000
1225000 1222000
1599000 1649000
1745000 1782000
157000 146000
1231000 1221000
444000 421000
787000 767000
1726000 1746000
243000 235000
1874000 1948000
348000 347000
1028000 1021000
231000 236000
1472000 1513000
788000 766000
383000 356000
1607000 1664000
1306000 1332000
932000 938000
1075000 1087000
836000 816000
1046000 1092000
1281000 1331000
408000 386000
1393000 1455000
1918000 1919000
460000 443000
1879000 1871000
1050000 1076000
1413000 1421000
755000 750000
842000 858000
859000 847000
664000 653000
1149000 1194000
1436000 1455000
1012000 1041000
1490000 1553000
689000 687000
353000 332000
971000 979000
338000 316000
1255000 1275000
991000 1008000
371000 364000
118000 111000
1098000 1148000
209000 213000
1581000 1626000
295000 277000
1918000 2000000
900000 927000
59000 54000
630000 629000
357000 339000
1234000 1243000
171000 159000
132000 121000
1012000 1015000
47000 49000
272000 275000
929000 924000
612000 605000
9000 6000
881000 868000
364000 353000
1041000 1085000
1263000 1309000
875000 863000
37000 35000
666000 653000
1047000 1043000
1019000 1019000
303000 289000
1119000 1130000
571000 552000
393000 389000
62000 57000
907000 941000
14000 9000
1127000 1173000
569000 568000
1705000 1718000
570000 560000
1715000 1728000
116000 109000
322000 319000
913000 914000
1113000 1139000
1562000 1570000
1758000 1773000
1741000 1731000
1105000 1110000
1717000 1710000
97000 98000
1698000 1706000
705000 699000
1610000 1599000
1648000 1705000
1297000 1348000
1232000 1269000
1550000 1545000
472000 480000
1133000 1179000
899000 918000
814000 818000
1630000 1660000
1166000 1182000
1442000 1498000
287000 275000
592000 577000
231000 223000
456000 451000
1050000 1075000
1247000 1296000
1182000 1205000
1519000 1527000
1017000 1017000
1313000 1312000
607000 591000
1549000 1587000
520000 507000
83000 78000
1316000 1317000
1529000 1555000
409000 383000
513000 502000
1819000 1860000
141000 138000
206000 216000
1435000 1477000
770000 767000
417000 398000
1744000 1813000
793000 801000
1946000 1939000
1894000 1916000
877000 866000
1447000 1456000
114000 116000
851000 845000
1652000 1692000
1542000 1583000
1481000 1498000
1413000 1467000
1904000 1989000
1985000 1990000
1844000 1834000
1348000 1391000
1168000 1169000
376000 361000
1761000 1839000
1436000 1490000
264000 269000
43000 42000
120000 113000
465000 466000
1245000 1272000
1473000 1536000
1508000 1548000
621000 632000
1225000 1254000
1055000 1100000
1115000 1147000
155000 153000
781000 768000
686000 674000
1751000 1810000
880000 899000
889000 875000
792000 781000
811000 822000
1589000 1651000
1024000 1052000
163000 153000
769000 763000
109000 114000
1149000 1162000
1196000 1234000
159000 159000
1325000 1368000
1147000 1175000
806000 809000
1783000 1846000
1773000 1772000
211000 222000
1418000 1480000
339000 335000
343000 342000
638000 646000
1868000 1860000
186000 177000
35000 32000
1428000 1484000
140000 137000
301000 294000
606000 609000
297000 286000
79000 77000
1471000 1526000
423000 411000
1185000 1210000
1285000 1316000
633000 623000
886000 897000
1904000 1973000
400000 396000
255000 251000
1861000 1895000
772000 756000
1391000 1437000
1111000 1127000
1115000 1163000
1471000 1534000
922000 937000
106000 112000
102000 105000
597000 602000
894000 887000
1760000 1751000
1587000 1620000
55000 52000
1307000 1307000
1663000 1673000
1283000 1312000
34000 26000
1222000 1253000
1766000 1840000
349000 341000
1044000 1043000
93000 92000
1535000 1588000
1672000 1691000
222000 217000
1832000 1887000
176000 167000
1809000 1811000
804000 802000
828000 818000
265000 272000
626000 615000
545000 550000
431000 426000
1468000 1533000
544000 539000
711000 701000
1486000 1545000
1281000 1320000
896000 902000
1125000 1131000
1073000 1080000
1237000 1247000
27000 18000
369000 354000
1208000 1205000
434000 424000
1950000 1933000
1180000 1193000
1421000 1486000
1731000 1804000
499000 493000
1837000 1827000
954000 971000
176000 177000
1826000 1855000
289000 282000
1484000 1516000
1426000 1438000
1044000 1091000
1719000 1718000
294000 277000
54000 50000
126000 128000
1575000 1574000
1055000 1098000
1648000 1659000
200000 198000
691000 679000
256000 243000
349000 349000
673000 684000
1015000 1040000
1560000 1574000
251000 242000
1777000 1818000
1440000 1478000
1798000 1790000
106000 102000
567000 554000
488000 481000
749000 758000
1009000 998000
1553000 1569000
419000 395000
1373000 1371000
186000 187000
521000 523000
1207000 1212000
80000 79000
917000 931000
1171000 1187000
1140000 1171000
334000 330000
1955000 1938000
976000 973000
1124000 1145000
942000 928000
263000 257000
897000 880000
575000 577000
1671000 1682000
1021000 1012000
1147000 1163000
942000 973000
1151000 1164000
432000 422000
1187000 1223000
856000 832000
1470000 1489000
1718000 1766000
706000 716000
669000 657000
183000 169000
876000 863000
575000 554000
345000 333000
1010000 1020000
1836000 1896000
1002000 988000
733000 719000
1803000 1813000
422000 416000
1378000 1434000
1691000 1735000
366000 355000
1379000 1387000
1447000 1501000
65000 65000
851000 870000
1606000 1665000
551000 560000
1438000 1457000
1510000 1558000
32000 22000
1344000 1397000
866000 849000
1693000 1750000
996000 1025000
1420000 1474000
627000 623000
71000 70000
179000 164000
1303000 1351000
848000 842000
300000 278000
460000 463000
482000 460000
617000 615000
602000 587000
721000 706000
799000 788000
1085000 1135000
1387000 1427000
594000 593000
1641000 1686000
427000 413000
943000 938000
1104000 1120000
385000 371000
1181000 1187000
1066000 1112000
807000 792000
1729000 1722000
251000 253000
565000 555000
1314000 1358000
1081000 1130000
1054000 1067000
888000 873000
452000 442000
1220000 1215000
1611000 1626000
436000 428000
1499000 1515000
508000 504000
703000 702000
22000 16000
1319000 1324000
378000 352000
284000 286000
1078000 1119000
283000 269000
787000 799000
236000 238000
176000 180000
309000 286000
267000 271000
449000 424000
898000 908000
1780000 1787000
1364000 1395000
1571000 1574000
160000 152000
579000 576000
1154000 1163000
1118000 1136000
35000 30000
96000 90000
18000 15000
1007000 998000
124000 123000
1788000 1852000
843000 854000
1488000 1499000
293000 283000
1875000 1949000
1943000 1945000
190000 194000
653000 650000
1555000 1554000
1919000 1925000
1299000 1320000
1697000 1727000
1921000 1987000
1800000 1796000
1917000 1965000
19000 13000
1094000 1131000
166000 158000
1973000 1955000
1391000 1408000
203000 195000
219000 227000
306000 288000
407000 387000
1404000 1444000
1735000 1795000
1408000 1418000
681000 669000
63000 61000
1817000 1814000
227000 227000
1060000 1079000
1119000 1159000
1669000 1691000
538000 554000
866000 880000
886000 884000
1821000 1838000
852000 831000
1741000 1807000
521000 515000
1188000 1213000
893000 900000
218000 224000
264000 261000
550000 544000
1928000 1925000
318000 302000
1867000 1881000
131000 132000
1873000 1947000
1755000 1817000
744000 735000
1312000 1357000
583000 579000
489000 495000
1001000 989000
434000 419000
408000 397000
8000 7000
1247000 1253000
1482000 1535000
36000 28000
104000 101000
1616000 1635000
1192000 1229000
827000 843000
561000 565000
1018000 1059000
1228000 1248000
797000 815000
1815000 1825000
749000 735000
1607000 1612000
1019000 1050000
645000 661000
1659000 1652000
137000 135000
1115000 1134000
1057000 1058000
1600000 1643000
1890000 1910000
333000 331000
130000 120000
722000 739000
770000 773000
1805000 1872000
1423000 1439000
853000 827000
751000 735000
1344000 1356000
1924000 1997000
985000 972000
261000 264000
591000 587000
905000 938000
924000 944000
479000 484000
497000 489000
323000 322000
1913000 1996000
586000 570000
359000 345000
992000 1001000
1680000 1688000
1451000 1478000
1955000 2016000
515000 511000
480000 479000
3000 3000
822000 805000
755000 757000
594000 601000
639000 621000
1390000 1423000
834000 820000
59000 58000
257000 246000
718000 724000
1801000 1811000
1861000 1940000
82000 78000
868000 863000
485000 497000
1787000 1849000
1359000 1365000
1776000 1833000
1910000 1914000
1825000 1881000
1953000 2013000
40000 37000
312000 288000
484000 489000
948000 964000
1686000 1695000
1389000 1398000
646000 637000
1625000 1638000
1405000 1401000
964000 994000
115000 110000
673000 670000
802000 808000
1674000 1737000
735000 749000
775000 765000
69000 67000
1541000 1589000
372000 365000
410000 388000
581000 573000
1410000 1440000
1642000 1710000
1132000 1152000
302000 288000
1977000 1993000
1819000 1858000
1040000 1078000
910000 924000
58000 56000
804000 806000
1205000 1238000
21000 17000
1266000 1283000
545000 537000
1783000 1854000
1258000 1248000
475000 471000
1242000 1276000
210000 209000
748000 737000
1769000 1764000
694000 701000
1215000 1236000
39000 39000
167000 162000
86000 89000
1888000 1883000
292000 290000
1579000 1597000
695000 696000
187000 177000
1042000 1061000
1285000 1318000
1750000 1761000
779000 795000
1189000 1228000
48000 48000
231000 232000
1330000 1382000
995000 996000
546000 555000
1859000 1878000
1729000 1791000
992000 1018000
367000 357000
1953000 1952000
1748000 1747000
313000 308000
1323000 1334000
371000 351000
1256000 1283000
97000 89000
767000 751000
661000 668000
1517000 1521000
389000 387000
1845000 1921000
1583000 1625000
1939000 1970000
469000 449000
1430000 1499000
413000 391000
1501000 1509000
1378000 1425000
1525000 1549000
1045000 1072000
424000 415000
271000 262000
484000 478000
655000 664000
1223000 1263000
989000 1017000
774000 756000
1142000 1151000
966000 961000
1410000 1421000
1731000 1747000
1528000 1580000
1872000 1875000
215000 213000
869000 866000
875000 891000
1756000 1824000
1863000 1931000
1542000 1593000
1648000 1707000
513000 521000
1001000 1026000
643000 633000
146000 145000
43000 43000
881000 886000
1782000 1775000
1913000 1905000
1921000 1998000
280000 285000
1249000 1273000
1209000 1202000
1632000 1647000
1600000 1610000
1326000 1364000
733000 736000
1885000 1891000
958000 952000
1081000 1083000
367000 350000
313000 310000
1669000 1731000
1298000 1326000
3000 2000
1836000 1837000
1446000 1507000
461000 439000
1679000 1734000
1270000 1276000
39000 34000
1787000 1796000
609000 601000
84000 81000
1709000 1775000
1575000 1608000
1811000 1865000
1378000 1410000
643000 659000
1631000 1649000
1601000 1586000
1739000 1801000
1534000 1577000
823000 831000
599000 596000
1262000 1271000
789000 774000
120000 120000
1628000 1628000
1434000 1440000
1318000 1359000
1782000 1848000
1031000 1065000
209000 219000
77000 67000
692000 699000
1794000 1800000
1928000 2010000
619000 624000
617000 598000
1655000 1713000
297000 293000
984000 970000
285000 279000
122000 126000
38000 33000
914000 906000
1552000 1599000
913000 932000
826000 841000
1153000 1169000
6000 4000
654000 656000
1067000 1106000
631000 623000
1621000 1683000
1875000 1881000
193000 193000
933000 943000
278000 265000
86000 86000
1455000 1512000
1835000 1875000
1000000 998000
136000 126000
477000 465000
777000 756000
999000 1032000
946000 962000
619000 627000
334000 327000
1121000 1135000
600000 603000
1259000 1269000
786000 769000
1306000 1339000
1355000 1385000
1411000 1465000
185000 192000
850000 865000
1846000 1867000
1211000 1232000
1287000 1293000
941000 975000
236000 240000
1949000 1946000
486000 498000
800000 792000
184000 178000
601000 582000
1562000 1603000
1875000 1959000
1881000 1898000
1145000 1168000
1573000 1582000
1204000 1233000
1714000 1718000
850000 842000
1046000 1043000
1178000 1194000
1099000 1103000
1095000 1143000
1700000 1700000
924000 933000
1520000 1572000
189000 195000
1837000 1909000
794000 781000
990000 987000
433000 416000
1783000 1781000
248000 248000
672000 679000
1412000 1414000
1694000 1706000
32000 24000
568000 549000
947000 943000
414000 387000
1430000 1475000
1006000 1036000
1859000 1905000
1649000 1667000
1713000 1709000
1354000 1393000
1764000 1758000
943000 966000
1305000 1338000
925000 951000
614000 613000
617000 622000
1695000 1749000
647000 657000
52000 51000
908000 911000
512000 502000
533000 540000
104000 107000
152000 142000
268000 274000
1167000 1212000
641000 627000
698000 689000
4000 4000
1075000 1110000
515000 524000
514000 525000
725000 744000
998000 990000
1203000 1208000
547000 557000
479000 482000
398000 383000
823000 833000
1385000 1428000
896000 887000
892000 912000
327000 307000
1649000 1718000
132000 134000
1853000 1848000
1507000 1557000
1322000 1324000
1607000 1667000
237000 234000
1254000 1288000
1390000 1388000
1153000 1196000
198000 190000
1666000 1719000
810000 820000
856000 859000
1212000 1208000
176000 179000
455000 462000
497000 501000
1339000 1360000
1268000 1284000
1336000 1369000
920000 916000
905000 929000
165000 150000
1971000 1978000
1038000 1071000
1747000 1802000
903000 934000
1746000 1758000
1591000 1592000
794000 803000
1595000 1648000
1241000 1287000
1800000 1868000
12000 9000
1256000 1257000
584000 585000
613000 623000
185000 178000
1597000 1608000
900000 883000
1680000 1742000
1894000 1954000
1764000 1835000
1728000 1799000
1925000 1957000
812000 814000
56000 55000
812000 824000
537000 524000
1400000 1454000
1050000 1099000
500000 498000
903000 882000
441000 443000
1074000 1115000
78000 71000
242000 230000
1223000 1217000
199000 193000
192000 180000
1312000 1307000
450000 429000
835000 838000
665000 685000
955000 978000
1598000 1644000
1430000 1437000
501000 514000
964000 954000
1386000 1445000
651000 662000
140000 140000
1058000 1066000
1600000 1631000
235000 226000
1404000 1425000
202000 205000
1840000 1832000
1842000 1924000
1273000 1294000
839000 818000
487000 474000
361000 344000
241000 236000
1412000 1466000
1011000 1034000
1385000 1407000
1092000 1129000
1023000 1037000
1892000 1953000
629000 616000
1485000 1495000
1014000 1004000
1711000 1772000
1433000 1457000
1861000 1860000
547000 558000
1773000 1847000
201000 210000
1361000 1396000
1264000 1280000
1417000 1457000
560000 569000
153000 147000
30000 27000
1098000 1098000
379000 364000
188000 197000
691000 702000
965000 970000
1593000 1594000
1439000 1455000
415000 390000
910000 894000
1893000 1898000
337000 319000
1587000 1586000
1726000 1773000
170000 170000
976000 998000
1465000 1531000
939000 952000
6000 6000
797000 777000
1096000 1152000
1549000 1600000
1514000 1568000
1031000 1033000
1424000 1438000
762000 740000
1200000 1197000
259000 250000
1838000 1838000
35000 25000
297000 292000
279000 274000
1048000 1059000
1619000 1635000
1724000 1792000
387000 372000
1103000 1107000
517000 520000
1592000 1584000
1814000 1884000
404000 380000
1263000 1298000
522000 533000
190000 181000
1505000 1523000
1598000 1650000
1974000 1976000
1983000 1976000
942000 959000
1823000 1885000
967000 983000
116000 119000
168000 154000
1667000 1697000
119000 112000
1886000 1975000
697000 715000
1153000 1193000
1952000 1949000
1070000 1109000
316000 294000
322000 313000
1902000 1913000
1511000 1539000
894000 909000
272000 279000
971000 984000
1929000 2006000
1553000 1586000
1195000 1210000
935000 953000
995000 1012000
1488000 1550000
413000 405000
1745000 1788000
1732000 1777000
690000 689000
1411000 1429000
252000 240000
1472000 1511000
391000 376000
1387000 1433000
1655000 1697000
527000 522000
983000 1005000
1420000 1473000
1889000 1885000
1417000 1481000
945000 932000
558000 544000
1936000 1956000
1774000 1785000
226000 218000
1737000 1778000
333000 322000
403000 387000
1249000 1243000
1201000 1205000
853000 862000
478000 465000
716000 706000
914000 923000
1815000 1882000
182000 169000
495000 478000
1911000 1929000
1239000 1264000
96000 97000
1203000 1237000
127000 123000
1281000 1322000
1272000 1268000
1377000 1431000
345000 339000
1930000 1945000
1197000 1192000
1713000 1754000
1060000 1094000
1192000 1198000
425000 403000
1527000 1567000
1777000 1796000
587000 584000
1376000 1389000
1210000 1249000
216000 218000
1870000 1873000
1130000 1167000
991000 1002000
463000 458000
1933000 1930000
732000 713000
1206000 1197000
177000 176000
312000 312000
139000 139000
1379000 1429000
1474000 1520000
1430000 1476000
451000 427000
1329000 1371000
604000 607000
713000 709000
464000 443000
965000 981000
1871000 1945000
1130000 1166000
1253000 1251000
1082000 1086000
851000 846000
1195000 1222000
276000 280000
1465000 1519000
1285000 1336000
1948000 1933000
675000 690000
442000 428000
1988000 1966000
1872000 1930000
1338000 1354000
1237000 1280000
958000 986000
1876000 1937000
893000 903000
1506000 1510000
1458000 1476000
1831000 1907000
823000 806000
228000 225000
1498000 1502000
307000 292000
374000 374000
1267000 1292000
1756000 1797000
451000 447000
1906000 1957000
70000 68000
988000 992000
1288000 1308000
380000 367000
162000 149000
1874000 1870000
1908000 1917000
725000 717000
267000 258000
1026000 1017000
835000 833000
944000 944000
648000 643000
1856000 1867000
1734000 1758000
1116000 1134000
145000 145000
611000 625000
1548000 1604000
1718000 1755000
751000 753000
273000 269000
907000 897000
1786000 1855000
718000 725000
1523000 1571000
1160000 1158000
726000 727000
35000 33000
269000 267000
1605000 1603000
1626000 1632000
1382000 1418000
338000 334000
80000 75000
648000 655000
470000 464000
758000 746000
589000 576000
452000 428000
373000 363000
1839000 1827000
1582000 1577000
536000 525000
218000 223000
178000 181000
1690000 1758000
1053000 1073000
1841000 1906000
713000 726000
1660000 1686000
501000 503000
1564000 1563000
1821000 1891000
1284000 1291000
209000 206000
980000 966000
1395000 1409000
1613000 1609000
1643000 1695000
941000 968000
81000 76000
1090000 1089000
501000 504000
1065000 1105000
736000 730000
1306000 1342000
1916000 2009000
1678000 1730000
1300000 1300000
659000 674000
144000 141000
1236000 1274000
1335000 1333000
685000 683000
585000 574000
531000 537000
184000 189000
901000 892000
506000 496000
838000 840000
849000 856000
1267000 1271000
890000 888000
1619000 1672000
986000 978000
1129000 1138000
768000 779000
1226000 1229000
785000 789000
831000 839000
972000 999000
1221000 1215000
135000 133000
969000 997000
31000 18000
1740000 1745000
1161000 1206000
836000 849000
827000 830000
1662000 1715000
787000 797000
806000 787000
1797000 1832000
109000 103000
793000 813000
665000 664000
1127000 1138000
1401000 1414000
797000 811000
790000 781000
244000 243000
424000 401000
1812000 1883000
595000 604000
1289000 1341000
452000 460000
1403000 1441000
1367000 1368000
675000 668000
703000 720000
1884000 1961000
995000 1003000
737000 752000
1053000 1093000
578000 564000
668000 677000
1578000 1578000
206000 197000
679000 689000
272000 270000
886000 890000
939000 930000
957000 979000
943000 955000
656000 656000
468000 473000
1637000 1632000
1059000 1097000
1737000 1755000
1909000 1909000
507000 515000
380000 356000
232000 229000
846000 838000
1381000 1384000
1252000 1245000
536000 538000
636000 636000
352000 333000
502000 493000
458000 446000
699000 689000
43000 36000
695000 698000
207000 212000
831000 837000
1791000 1853000
1107000 1137000
412000 389000
942000 963000
1870000 1944000
968000 961000
339000 332000
1640000 1680000
1947000 1940000
1170000 1204000
137000 133000
1786000 1794000
857000 834000
148000 146000
1982000 1987000
511000 502000
255000 255000
868000 883000
1707000 1746000
159000 149000
890000 915000
420000 394000
793000 775000
1066000 1080000
1687000 1696000
987000 978000
1721000 1779000
260000 256000
644000 627000
67000 62000
233000 231000
418000 402000
1339000 1339000
638000 625000
1964000 1948000
1895000 1894000
814000 815000
998000 1013000
388000 376000
1224000 1218000
186000 184000
432000 427000
23000 17000
666000 676000
1222000 1214000
75000 71000
1912000 1986000
1372000 1407000
561000 547000
1030000 1025000
943000 965000
128000 124000
1022000 1017000
1242000 1281000
1303000 1297000
753000 751000
1843000 1916000
169000 161000
1084000 1125000
1414000 1416000
1457000 1515000
1078000 1100000
1840000 1886000
1593000 1628000
849000 834000
308000 283000
1750000 1821000
1702000 1738000
304000 285000
923000 919000
1112000 1156000
1477000 1524000
1824000 1838000
1444000 1452000
1920000 1947000
836000 850000
1440000 1470000
355000 354000
871000 862000
473000 481000
994000 992000
1413000 1461000
336000 316000
808000 795000
1082000 1116000
1657000 1664000
1176000 1184000
374000 350000
489000 470000
346000 336000
733000 743000
1358000 1389000
1271000 1310000
1235000 1225000
218000 214000
1356000 1372000
681000 694000
414000 400000
1878000 1887000
1189000 1193000
813000 812000
1819000 1840000
1402000 1400000
1031000 1053000
425000 419000
316000 314000
505000 505000
1609000 1614000
1511000 1554000
1756000 1827000
1576000 1637000
1494000 1549000
1431000 1455000
330000 317000
458000 454000
1835000 1827000
1183000 1218000
718000 700000
40000 41000
1143000 1157000
1787000 1836000
1480000 1521000
628000 643000
1916000 1994000
1345000 1386000
484000 483000
614000 629000
454000 459000
245000 249000
1851000 1836000
164000 155000
1473000 1484000
1577000 1570000
355000 345000
1512000 1561000
498000 503000
1778000 1793000
1215000 1250000
434000 429000
935000 960000
1471000 1501000
475000 467000
274000 268000
1219000 1245000
458000 457000
1929000 1956000
646000 653000
1594000 1609000
1876000 1946000
386000 385000
181000 186000
416000 408000
877000 877000
1965000 1958000
150000 143000
1938000 1939000
1033000 1057000
1094000 1124000
1641000 1667000
1217000 1229000
251000 257000
151000 148000
1141000 1166000
1845000 1922000
659000 644000
219000 212000
1199000 1210000
782000 787000
1485000 1537000
635000 641000
512000 516000
236000 231000
599000 579000
417000 418000
442000 444000
83000 85000
1951000 2003000
887000 874000
368000 344000
161000 156000
1205000 1199000
1458000 1523000
715000 729000
683000 700000
1224000 1239000
1689000 1743000
1897000 1967000
341000 329000
1134000 1170000
1496000 1509000
1927000 1927000
1944000 1935000
1289000 1321000
533000 518000
1765000 1772000
1183000 1190000
1853000 1898000
1677000 1682000
598000 583000
787000 791000
238000 234000
364000 350000
485000 493000
1739000 1751000
188000 179000
472000 452000
896000 920000
315000 300000
1225000 1256000
887000 888000
611000 631000
996000 987000
752000 742000
1662000 1669000
365000 350000
1161000 1171000
180000 170000
679000 673000
1092000 1094000
1755000 1820000
275000 267000
528000 520000
1136000 1181000
1345000 1348000
1811000 1807000
121000 113000
1255000 1295000
761000 750000
812000 817000
1097000 1136000
1840000 1899000
1420000 1426000
1190000 1182000
609000 616000
49000 52000
654000 641000
250000 250000
604000 583000
1245000 1240000
710000 710000
316000 311000
161000 149000
470000 463000
1363000 1375000
1017000 1038000
780000 772000
644000 663000
1475000 1494000
1590000 1615000
829000 834000
1497000 1510000
521000 532000
541000 537000
1235000 1270000
961000 990000
754000 766000
773000 790000
1966000 2004000
1169000 1202000
202000 192000
122000 114000
1279000 1307000
426000 400000
1660000 1711000
1788000 1845000
427000 412000
261000 263000
1232000 1236000
900000 922000
1063000 1087000
1836000 1894000
730000 724000
1789000 1797000
51000 46000
833000 814000
1246000 1252000
674000 686000
992000 978000
1225000 1262000
1849000 1838000
30000 21000
818000 823000
1861000 1911000
557000 563000
1766000 1765000
1112000 1146000
205000 203000
1452000 1505000
1461000 1494000
224000 224000
636000 654000
613000 601000
1703000 1724000
543000 538000
680000 675000
1443000 1509000
1375000 1374000
46000 46000
445000 430000
1571000 1606000
391000 391000
937000 944000
1335000 1388000
737000 729000
1032000 1045000
1712000 1783000
1530000 1582000
853000 869000
161000 164000
1251000 1250000
1685000 1681000
765000 750000
1158000 1174000
663000 669000
373000 349000
1073000 1103000
1780000 1851000
690000 692000
968000 991000
803000 784000
580000 583000
657000 671000
670000 691000
1813000 1840000
1777000 1841000
898000 888000
815000 816000
94000 85000
1145000 1186000
1578000 1613000
858000 847000
1528000 1552000
1706000 1700000
177000 168000
1381000 1422000
1753000 1765000
906000 897000
1298000 1309000
975000 972000
946000 974000
391000 382000
740000 724000
696000 706000
1712000 1767000
1500000 1533000
1627000 1685000
1509000 1562000
1504000 1511000
1248000 1251000
1370000 1389000
1521000 1525000
736000 754000
945000 977000
796000 798000
1139000 1158000
1752000 1811000
1804000 1813000
435000 416000
1551000 1553000
1177000 1216000
638000 644000
1169000 1170000
1699000 1765000
590000 578000
1984000 1992000
421000 399000
777000 786000
516000 517000
95000 92000
1969000 1962000
1515000 1523000
941000 937000
1339000 1377000
1412000 1447000
472000 474000
997000 1016000
936000 972000
1615000 1628000
446000 434000
1137000 1142000
1652000 1717000
131000 137000
1492000 1513000
1797000 1864000
351000 328000
1133000 1143000
704000 695000
701000 688000
28000 20000
466000 465000
110000 101000
1542000 1590000
291000 278000
861000 840000
547000 531000
641000 658000
1664000 1664000
268000 265000
695000 710000
704000 717000
1083000 1127000
57000 54000
1154000 1190000
1690000 1691000
1046000 1082000
726000 713000
1606000 1635000
1153000 1199000
1107000 1154000
600000 588000
1173000 1169000
1163000 1179000
1087000 1107000
1137000 1176000
1922000 1991000
575000 578000
90000 88000
1200000 1240000
668000 664000
1119000 1155000
661000 654000
605000 617000
1065000 1079000
1313000 1343000
1333000 1340000
1112000 1121000
1643000 1642000
1831000 1901000
1494000 1504000
221000 221000
1172000 1200000
381000 369000
1040000 1062000
14000 11000
1360000 1369000
329000 308000
1030000 1054000
512000 528000
623000 620000
52000 47000
251000 247000
1362000 1416000
142000 142000
1541000 1536000
41000 40000
1304000 1300000
1456000 1490000
926000 920000
1937000 1952000
494000 491000
1255000 1304000
909000 921000
335000 322000
1350000 1366000
700000 694000
1391000 1439000
1518000 1535000
763000 753000
577000 570000
474000 465000
1286000 1292000
1651000 1651000
549000 537000
1187000 1191000
1865000 1936000
1840000 1897000
835000 844000
430000 410000
1550000 1607000
1015000 1049000
406000 392000
1271000 1289000
1606000 1655000
1498000 1560000
396000 376000
1530000 1538000
950000 948000
1715000 1764000
1309000 1346000
812000 811000
1531000 1540000
1382000 1413000
1133000 1169000
38000 38000
138000 133000
266000 268000
1641000 1702000
363000 339000
138000 141000
1128000 1151000
1905000 1894000
884000 906000
1589000 1577000
501000 512000
1219000 1234000
174000 167000
145000 141000
1785000 1796000
1457000 1470000
1470000 1529000
1585000 1639000
969000 996000
1696000 1701000
1028000 1046000
906000 939000
1552000 1551000
1469000 1510000
908000 903000
952000 982000
208000 203000
1459000 1474000
1174000 1171000
1010000 1042000
1901000 1907000
546000 532000
1356000 1401000
76000 72000
1514000 1542000
411000 391000
220000 219000
194000 188000
1185000 1207000
63000 67000
717000 701000
1416000 1448000
1638000 1694000
1433000 1470000
779000 782000
1805000 1800000
886000 874000
184000 174000
288000 272000
1683000 1740000
1951000 1939000
1241000 1251000
246000 241000
1012000 1028000
576000 566000
1775000 1787000
476000 470000
811000 828000
383000 368000
1432000 1442000
238000 242000
173000 160000
954000 947000
1269000 1300000
1639000 1687000
1397000 1453000
261000 262000
1745000 1789000
660000 672000
1855000 1917000
1833000 1900000
1614000 1618000
257000 258000
476000 464000
885000 863000
1754000 1805000
1301000 1314000
534000 547000
1555000 1598000
902000 881000
1979000 1962000
163000 163000
767000 771000
1027000 1073000
1045000 1043000
818000 807000
1561000 1595000
837000 822000
1332000 1361000
1074000 1111000
779000 776000
1833000 1903000
974000 977000
1287000 1334000
550000 559000
1908000 1995000
1035000 1043000
360000 344000
173000 168000
60000 59000
1602000 1594000
851000 860000
199000 211000
1528000 1559000
270000 267000
1513000 1541000
564000 567000
1638000 1630000
671000 688000
1164000 1166000
1543000 1540000
720000 708000
1770000 1768000
1730000 1794000
778000 784000
1156000 1162000
1291000 1305000
1126000 1148000
1635000 1654000
340000 340000
1571000 1617000
462000 445000
212000 221000
925000 930000
739000 737000
1684000 1679000
331000 312000
1896000 1976000
1202000 1198000
1182000 1209000
662000 658000
734000 721000
1715000 1780000
5000 3000
1101000 1098000
396000 390000
953000 949000
428000 423000
1757000 1758000
1791000 1786000
775000 788000
1863000 1935000
1772000 1789000
1240000 1282000
345000 325000
591000 598000
1088000 1141000
1439000 1488000
603000 600000
1365000 1375000
521000 536000
1152000 1164000
1356000 1398000
1794000 1837000
342000 324000
879000 881000
1650000 1647000
1086000 1123000
1716000 1708000
1749000 1741000
973000 967000
1186000 1215000
88000 90000
13000 9000
1880000 1882000
1743000 1731000
595000 606000
98000 89000
780000 777000
982000 1007000
1900000 1964000
890000 907000
1041000 1069000
1228000 1218000
1547000 1585000
1372000 1374000
1863000 1929000
75000 73000
1287000 1323000
674000 664000
1241000 1271000
1452000 1466000
324000 306000
1018000 1009000
343000 322000
367000 356000
838000 852000
264000 265000
113000 118000
1772000 1823000
1302000 1298000
382000 381000
1051000 1096000
192000 200000
105000 111000
1427000 1429000
377000 357000
73000 71000
724000 740000
1567000 1597000
1051000 1064000
1211000 1242000
1612000 1630000
1463000 1496000
1647000 1657000
936000 933000
483000 472000
1668000 1701000
111000 105000
1164000 1198000
1005000 1029000
1244000 1291000
1883000 1877000
672000 693000
1636000 1706000
519000 505000
538000 526000
149000 145000
1424000 1493000
778000 793000
1260000 1294000
1698000 1756000
1829000 1848000
262000 250000
506000 507000
1618000 1618000
90000 85000
861000 863000
1325000 1356000
1387000 1395000
539000 539000
710000 712000
1577000 1636000
300000 291000
1366000 1366000
952000 957000
836000 836000
310000 287000
1966000 1972000
550000 552000
170000 163000
1652000 1654000
1236000 1242000
1882000 1960000
136000 136000
1396000 1410000
1486000 1489000
1191000 1220000
1569000 1601000
1133000 1178000
1371000 1387000
490000 502000
757000 760000
616000 620000
63000 58000
452000 453000
27000 17000
48000 40000
1025000 1032000
608000 589000
1038000 1037000
37000 31000
1387000 1430000
1399000 1456000
1697000 1712000
230000 219000
455000 435000
906000 930000
839000 847000
32000 29000
1924000 1930000
1491000 1505000
1547000 1560000
530000 544000
1768000 1815000
764000 740000
1443000 1457000
244000 236000
1708000 1753000
1716000 1781000
21000 14000
1499000 1542000
230000 235000
688000 703000
451000 449000
466000 457000
34000 34000
957000 961000
1847000 1834000
1392000 1435000
694000 692000
1580000 1623000
1599000 1605000
1078000 1113000
1633000 1699000
1695000 1704000
100000 100000
776000 767000
618000 613000
1263000 1302000
1460000 1522000
650000 641000
1572000 1611000
534000 532000
1065000 1102000
323000 321000
1445000 1455000
1023000 1064000
10000 6000
1824000 1857000
1364000 1420000
1455000 1508000
1317000 1323000
1393000 1409000
1721000 1719000
1559000 1571000
1903000 1985000
1887000 1962000
1089000 1092000
619000 609000
54000 53000
1685000 1752000
935000 944000
645000 660000
611000 621000
1204000 1199000
1949000 2008000
1298000 1335000
1666000 1695000
392000 370000
1607000 1658000
1117000 1145000
77000 74000
1730000 1793000
105000 109000
593000 588000
938000 943000
570000 576000
1495000 1498000
1250000 1260000
951000 951000
515000 518000
1525000 1573000
564000 562000
1854000 1928000
1581000 1589000
813000 804000
1869000 1853000
1565000 1579000
1679000 1687000
146000 151000
634000 638000
967000 978000
1962000 1944000
277000 268000
707000 691000
1383000 1419000
393000 367000
891000 872000
717000 723000
1825000 1830000
654000 670000
1344000 1392000
1809000 1879000
41000 36000
1709000 1735000
1042000 1070000
475000 451000
1820000 1889000
103000 104000
458000 456000
480000 466000
813000 825000
611000 592000
1679000 1728000
296000 288000
1338000 1375000
870000 857000
1856000 1902000
513000 530000
354000 342000
1704000 1710000
349000 328000
1689000 1688000
1831000 1890000
1651000 1716000
692000 682000
722000 738000
400000 386000
1260000 1290000
740000 746000
1276000 1284000
1005000 997000
1466000 1473000
1034000 1066000
30000 20000
75000 76000
1442000 1449000
218000 228000
1692000 1739000
1753000 1800000
889000 896000
1418000 1431000
1361000 1408000
1818000 1816000
350000 336000
598000 599000
1607000 1656000
783000 775000
1177000 1174000
861000 876000
1842000 1836000
1095000 1111000
901000 926000
804000 787000
1456000 1495000
1658000 1723000
46000 42000
1841000 1835000
678000 696000
1823000 1859000
872000 857000
1115000 1160000
332000 312000
1607000 1641000
504000 513000
1438000 1494000
595000 583000
1615000 1662000
586000 594000
672000 663000
1459000 1504000
1163000 1208000
1515000 1555000
1120000 1130000
1539000 1578000
1580000 1624000
7000 4000
1711000 1705000
363000 358000
1961000 1953000
1724000 1721000
1842000 1908000
1918000 2012000
840000 855000
1820000 1825000
1929000 2002000
1761000 1830000
1349000 1404000
1446000 1480000
1627000 1623000
61000 64000
198000 206000
55000 57000
305000 295000
1771000 1787000
1507000 1541000
1724000 1768000
168000 165000
911000 902000
766000 750000
1796000 1789000
834000 845000
284000 268000
565000 570000
861000 864000
1956000 1977000
463000 451000
757000 750000
816000 827000
434000 436000
651000 667000
1023000 1025000
348000 334000
1205000 1235000
807000 826000
864000 843000
1970000 1954000
14000 10000
778000 755000
140000 146000
1828000 1839000
1257000 1261000
1725000 1735000
1708000 1703000
316000 315000
1558000 1584000
1577000 1630000
1777000 1838000
1088000 1121000
799000 807000
1098000 1138000
1378000 1372000
1213000 1216000
831000 828000
1707000 1724000
1110000 1115000
436000 438000
1023000 1045000
1963000 1949000
1702000 1748000
862000 847000
346000 323000
924000 922000
581000 591000
1020000 1061000
1549000 1552000
863000 849000
646000 651000
1626000 1682000
1650000 1691000
212000 206000
482000 494000
1185000 1186000
87000 87000
1465000 1476000
1134000 1144000
857000 874000
1843000 1920000
1418000 1468000
1991000 1961000
1868000 1932000
475000 477000
1472000 1478000
809000 796000
949000 980000
1297000 1327000
1392000 1408000
319000 306000
1425000 1447000
1524000 1570000
181000 165000
1744000 1744000
1797000 1803000
484000 465000
1960000 1978000
1356000 1409000
1653000 1652000
657000 645000
255000 241000
1487000 1496000
401000 380000
898000 914000
272000 262000
1932000 1999000
1274000 1271000
448000 429000
596000 584000
150000 152000
1940000 1947000
985000 1011000
1410000 1451000
1527000 1526000
166000 166000
1751000 1766000
1958000 1947000
1186000 1194000
1927000 1993000
201000 203000
1341000 1348000
1230000 1222000
1608000 1601000
928000 948000
820000 813000
531000 519000
682000 684000
1959000 1949000
655000 647000
1456000 1503000
658000 651000
35000 36000
406000 403000
1884000 1876000
963000 970000
892000 901000
1728000 1720000
590000 590000
532000 535000
124000 121000
1457000 1516000
1355000 1406000
1432000 1479000
1109000 1149000
1064000 1073000
58000 53000
1334000 1351000
381000 364000
796000 819000
1351000 1387000
1004000 1024000
1598000 1645000
1123000 1150000
758000 772000
196000 198000
1055000 1064000
713000 728000
1074000 1093000
688000 681000
1061000 1101000
1584000 1619000
784000 783000
921000 916000
416000 400000
483000 485000
1016000 1006000
1863000 1851000
1083000 1087000
197000 196000
880000 885000
1876000 1892000
1089000 1140000
1397000 1408000
1699000 1709000
1159000 1158000
1503000 1515000
960000 952000
18000 11000
1793000 1862000
1260000 1308000
1180000 1217000
785000 781000
854000 831000
1545000 1554000
276000 265000
876000 887000
1144000 1156000
142000 147000
211000 204000
1728000 1770000
1102000 1108000
126000 130000
1488000 1539000
123000 120000
1034000 1067000
1251000 1299000
1598000 1659000
443000 432000
851000 851000
19000 14000
181000 175000
940000 958000
1044000 1090000
1917000 1916000
33000 23000
572000 566000
810000 797000
366000 360000
768000 774000
1690000 1732000
501000 510000
1167000 1184000
1598000 1592000
105000 106000
884000 863000
507000 498000
492000 485000
1421000 1442000
482000 490000
470000 468000
614000 619000
1655000 1700000
1627000 1690000
1702000 1698000
728000 727000
1611000 1654000
1557000 1573000
1848000 1914000
530000 515000
1709000 1776000
1533000 1581000
1380000 1392000
326000 310000
1635000 1688000
1012000 1048000
431000 406000
355000 335000
742000 726000
1364000 1366000
1264000 1303000
989000 974000
1895000 1979000
1462000 1493000
1254000 1248000
1535000 1549000
135000 138000
825000 818000
1768000 1764000
946000 957000
322000 297000
1311000 1307000
226000 229000
1003000 984000
1564000 1609000
1394000 1449000
1810000 1821000
192000 191000
1863000 1918000
1167000 1211000
1280000 1297000
1070000 1108000
1837000 1910000
490000 492000
1448000 1452000
407000 404000
1848000 1837000
1106000 1158000
405000 385000
1762000 1819000
1508000 1529000
356000 337000
972000 967000
298000 297000
1658000 1654000
986000 1015000
1384000 1412000
1651000 1703000
1107000 1121000
803000 800000
306000 301000
1814000 1876000
334000 328000
372000 352000
412000 409000
40000 33000
719000 705000
1902000 1988000
805000 797000
817000 816000
1773000 1829000
1243000 1259000
1386000 1386000
142000 143000
998000 1022000
403000 394000
1808000 1821000
396000 392000
1976000 1978000
382000 377000
444000 448000
800000 816000
1727000 1730000
440000 419000
1108000 1111000
1337000 1362000
1616000 1668000
750000 735000
1477000 1484000
1517000 1563000
1822000 1817000
1265000 1276000
604000 611000
1241000 1279000
647000 634000
84000 83000
292000 283000
854000 867000
901000 916000
1694000 1759000
575000 588000
796000 783000
1904000 1950000
1673000 1691000
964000 988000
468000 460000
1752000 1745000
1675000 1677000
1251000 1297000
422000 420000
1190000 1219000
745000 731000
1923000 1926000
738000 726000
64000 62000
228000 234000
522000 525000
131000 126000
44000 47000
1282000 1277000
61000 55000
453000 431000
1470000 1528000
565000 579000
1006000 995000
1332000 1328000
1509000 1543000
1823000 1818000
944000 969000
1494000 1556000
1033000 1032000
1424000 1491000
703000 714000
1781000 1791000
525000 529000
449000 452000
855000 848000
21000 16000
663000 659000
845000 835000
496000 508000
1584000 1594000
482000 488000
795000 792000
1712000 1725000
928000 945000
125000 117000
201000 202000
1334000 1381000
510000 499000
1321000 1349000
1377000 1385000
1489000 1498000
712000 710000
247000 238000
1321000 1331000
1772000 1844000
1793000 1787000
733000 747000
1827000 1893000
1729000 1786000
1841000 1915000
1807000 1871000
1325000 1372000
1024000 1022000
114000 115000
1043000 1045000
1401000 1436000
687000 673000
1415000 1430000
1616000 1647000
1568000 1580000
562000 574000
573000 558000
1875000 1963000
836000 835000
59000 60000
874000 859000
635000 618000
223000 215000
652000 649000
632000 624000
1335000 1373000
1642000 1645000
320000 298000
1340000 1390000
1833000 1828000
1157000 1161000
916000 903000
282000 274000
1225000 1260000
714000 713000
1450000 1455000
714000 709000
504000 496000
1122000 1135000
1623000 1619000
1871000 1856000
922000 924000
1246000 1284000
1738000 1746000
1571000 1621000
103000 97000
1593000 1633000
1301000 1328000
1172000 1180000
652000 665000
597000 592000
1468000 1483000
639000 642000
524000 527000
206000 209000
1978000 1958000
1742000 1734000
670000 680000
1270000 1305000
1523000 1540000
675000 687000
183000 185000
1361000 1411000
1922000 1946000
233000 241000
512000 526000
1930000 2019000
4000 3000
15000 10000
550000 564000
1033000 1058000
1722000 1769000
999000 985000
503000 499000
1055000 1083000
553000 561000
1787000 1842000
957000 970000
355000 348000
1296000 1340000
660000 650000
1422000 1437000
1586000 1605000
1463000 1527000
381000 383000
953000 967000
1340000 1342000
730000 745000
1403000 1459000
1854000 1848000
216000 220000
1906000 1917000
893000 877000
678000 682000
622000 621000
1293000 1312000
621000 633000
1238000 1261000
1314000 1335000
1629000 1628000
1614000 1669000
553000 553000
429000 409000
486000 465000
1470000 1530000
551000 541000
1646000 1639000
273000 277000
1897000 1894000
1329000 1374000
677000 679000
1882000 1885000
1441000 1470000
1449000 1455000
986000 1004000
437000 435000
1331000 1355000
188000 183000
432000 430000
1754000 1760000
1714000 1785000
465000 451000
1710000 1771000
702000 719000
1860000 1939000
128000 129000
885000 889000
872000 878000
536000 545000
1244000 1234000
579000 592000
1462000 1502000
1198000 1200000
819000 807000
1285000 1337000
454000 435000
411000 407000
523000 521000
33000 25000
1887000 1887000
914000 935000
1210000 1246000
977000 975000
108000 100000
548000 551000
32000 21000
651000 635000
1561000 1578000
1170000 1181000
1425000 1489000
1109000 1113000
1427000 1471000
1655000 1668000
1908000 1969000
288000 287000
1876000 1955000
442000 445000
770000 770000
584000 576000
1295000 1313000
1710000 1717000
1297000 1300000
603000 598000
1230000 1268000
1216000 1222000
1740000 1806000
1533000 1545000
434000 434000
1678000 1687000
821000 829000
1034000 1050000
841000 822000
308000 300000
1050000 1064000
1898000 1904000
443000 440000
560000 548000
266000 259000
1423000 1482000
829000 815000
422000 417000
1945000 1938000
442000 437000
892000 881000
1734000 1790000
1900000 1890000
1511000 1569000
747000 759000
733000 750000
1624000 1636000
1091000 1098000
288000 284000
204000 194000
1384000 1402000
915000 904000
1580000 1616000
1037000 1080000
1694000 1757000
1240000 1244000
1398000 1394000
646000 645000
1864000 1859000
1946000 2014000
843000 832000
1023000 1060000
557000 544000
1935000 1938000
382000 379000
1388000 1395000
1645000 1656000
1173000 1203000
471000 475000
1795000 1785000
413000 410000
697000 692000
1566000 1557000
1855000 1859000
135000 127000
1415000 1469000
877000 882000
978000 974000
1858000 1862000
366000 350000
780000 780000
1073000 1107000
1589000 1634000
1814000 1814000
625000 620000
1347000 1380000
1670000 1736000
1572000 1586000
930000 939000
1903000 1905000
1754000 1825000
1012000 1031000
1461000 1514000
877000 898000
962000 985000
1416000 1412000
494000 482000
878000 861000
108000 115000
1395000 1426000
1569000 1564000
1070000 1092000
193000 189000
1172000 1214000
684000 695000
726000 741000
1606000 1663000
439000 441000
109000 108000
1419000 1419000
1218000 1220000
397000 381000
1052000 1055000
121000 124000
1612000 1675000
26000 17000
404000 395000
1023000 1051000
110000 113000
779000 765000
1020000 1025000
1683000 1690000
628000 636000
1499000 1551000
158000 155000
614000 603000
1593000 1640000
1188000 1182000
548000 562000
620000 613000
1423000 1485000
664000 678000
927000 935000
1653000 1714000
1210000 1202000
816000 811000
1118000 1161000
1080000 1126000
193000 199000
686000 707000
1487000 1540000
840000 824000
606000 614000
224000 225000
455000 455000
1901000 1968000
142000 135000
1746000 1784000
1691000 1700000
1513000 1565000
634000 619000
1534000 1537000
498000 486000
1917000 1980000
328000 326000
208000 217000
245000 245000
512000 517000
402000 384000
1742000 1808000
254000 248000
158000 149000
1346000 1365000
824000 805000
1823000 1877000
1056000 1104000
1596000 1653000
1080000 1083000
1907000 1913000
1368000 1386000
1899000 1902000
265000 260000
692000 711000
74000 75000
1482000 1538000
1677000 1741000
1723000 1774000
1886000 1884000
596000 597000
1924000 2001000
29000 18000
1306000 1333000
1510000 1512000
122000 121000
847000 838000
1435000 1464000
260000 255000
318000 305000
1808000 1874000
1329000 1339000
789000 805000
1868000 1942000
1541000 1594000
981000 1009000
1931000 1923000
1394000 1402000
66000 63000
940000 941000
2000 1000
1357000 1353000
134000 124000
1941000 2020000
1260000 1260000
1227000 1225000
899000 889000
1316000 1367000
1576000 1582000
782000 757000
390000 370000
112000 117000
89000 93000
1045000 1088000
1403000 1463000
1397000 1432000
1654000 1660000
1702000 1744000
723000 714000
1850000 1837000
747000 736000
1455000 1462000
870000 868000
1229000 1237000
1520000 1523000
1030000 1077000
1217000 1244000
1490000 1497000
343000 344000
1972000 1977000
50000 48000
1831000 1848000
1548000 1560000
1822000 1870000
1879000 1951000
1358000 1373000
1233000 1265000
1196000 1224000
1434000 1483000
905000 913000
536000 542000
196000 201000
1397000 1443000
920000 946000
1298000 1347000
350000 343000
335000 329000
1891000 1911000
128000 131000
1685000 1729000
1763000 1812000
386000 372000
240000 236000
1362000 1403000
1084000 1090000
1630000 1620000
1328000 1379000
1305000 1310000
312000 302000
726000 742000
429000 425000
1689000 1725000
1899000 1966000
1110000 1142000
63000 63000
435000 433000
1806000 1799000
1834000 1841000
1661000 1673000
1374000 1373000
1612000 1674000
1735000 1734000
456000 443000
52000 50000
548000 553000
201000 197000
166000 160000
42000 37000
1306000 1314000
1408000 1464000
1292000 1345000
470000 469000
859000 879000
843000 853000
967000 992000
635000 652000
684000 670000
594000 581000
637000 640000
540000 526000
605000 599000
1682000 1714000
1096000 1104000
1546000 1557000
388000 363000
1399000 1397000
1330000 1342000
826000 813000
154000 144000
749000 764000
288000 283000
1267000 1315000
569000 553000
756000 738000
993000 980000
490000 487000
1896000 1905000
923000 947000
1921000 1915000
245000 238000
1079000 1079000
606000 584000
1106000 1107000
89000 91000
96000 96000
1918000 1990000
53000 49000
1000000 1006000
527000 534000
830000 825000
1570000 1579000
428000 409000
972000 1000000
500000 506000
1613000 1666000
217000 209000
1009000 1039000
26000 19000
1343000 1383000
853000 848000
1685000 1751000
1518000 1566000
995000 1010000
1681000 1687000
729000 737000
191000 187000
322000 316000
32000 26000
1664000 1724000
1093000 1113000
1634000 1701000
100000 90000
548000 546000
1795000 1856000
1580000 1598000
1136000 1141000
17000 10000
1720000 1738000
1018000 1043000
802000 789000
1000 1000
309000 307000
139000 133000
11000 6000
1062000 1069000
983000 980000
577000 573000
1836000 1904000
1942000 2011000
1347000 1399000
563000 561000
1857000 1850000
535000 528000
1352000 1354000
1422000 1487000
700000 708000
1326000 1350000
1328000 1343000
1459000 1517000
1463000 1518000
353000 350000
1886000 1952000
341000 337000
64000 60000
1407000 1409000
497000 500000
1476000 1495000
1542000 1596000
1068000 1091000
719000 734000
283000 282000
1460000 1489000
1435000 1472000
1221000 1247000
74000 71000
33000 22000
1516000 1535000
1354000 1355000
1554000 1568000
1278000 1325000
711000 722000
16000 10000
1184000 1202000
1656000 1685000
1606000 1670000
330000 324000
2000 2000
1730000 1741000
1069000 1076000
517000 517000
359000 352000
375000 348000
1281000 1292000
442000 439000
68000 66000
824000 832000
79000 71000
1233000 1238000
485000 467000
1613000 1657000
1029000 1018000
1238000 1242000
170000 167000
678000 675000
663000 681000
1336000 1353000
610000 598000
171000 169000
1427000 1497000
1261000 1256000
1428000 1496000
1556000 1558000
970000 964000
981000 986000
447000 434000
257000 260000
1032000 1056000
670000 671000
1634000 1647000
1892000 1911000
441000 423000
281000 273000
1040000 1081000
1480000 1495000
793000 794000
912000 903000
1509000 1532000
1903000 1981000
89000 83000
195000 192000
1788000 1803000
1179000 1197000
1841000 1912000
1353000 1402000
760000 746000
596000 595000
325000 307000
1862000 1870000
693000 697000
303000 299000
1277000 1324000
328000 323000
1829000 1892000
1011000 999000
1041000 1087000
457000 433000
1446000 1500000
894000 894000
1763000 1783000
394000 377000
1329000 1370000
895000 884000
956000 958000
955000 943000
1761000 1822000
1362000 1374000
1290000 1304000
70000 66000
932000 950000
403000 398000
1937000 2024000
731000 713000
172000 163000
683000 679000
1522000 1534000
190000 188000
410000 399000
1143000 1188000
1812000 1826000
388000 386000
80000 80000
216000 208000
687000 705000
1194000 1196000
525000 515000
1561000 1605000
1914000 1910000
1507000 1519000
696000 698000
1210000 1243000
909000 900000
716000 732000
926000 954000
1804000 1866000
615000 594000
1583000 1596000
1807000 1830000
1255000 1252000
400000 388000
1888000 1974000
1755000 1771000
720000 735000
617000 618000
977000 995000
1294000 1312000
1477000 1525000
1193000 1194000
1765000 1816000
709000 709000
93000 95000
270000 273000
25000 15000
702000 709000
129000 120000
1412000 1462000
1830000 1878000
53000 54000
85000 76000
1383000 1382000
1049000 1053000
1585000 1618000
33000 28000
1154000 1184000
1243000 1248000
574000 567000
418000 394000
148000 150000
1348000 1348000
1502000 1504000
1848000 1926000
1765000 1809000
1788000 1831000
1395000 1452000
1574000 1632000
883000 876000
459000 449000
286000 277000
743000 727000
1619000 1652000
755000 767000
1349000 1357000
469000 472000
225000 222000
422000 393000
1201000 1227000
1324000 1319000
722000 707000
256000 254000
280000 278000
582000 568000
175000 162000
1061000 1069000
1405000 1450000
1701000 1694000
319000 292000
1676000 1687000
1894000 1972000
1193000 1226000
1105000 1150000
1150000 1156000
733000 748000
1700000 1763000
1478000 1502000
1055000 1079000
1278000 1279000
207000 207000
887000 892000
1269000 1280000
1138000 1182000
143000 144000
526000 523000
317000 291000
1425000 1492000
879000 875000
165000 161000
1361000 1405000
334000 314000
705000 718000
667000 651000
850000 866000
969000 989000
524000 519000
937000 949000
214000 216000
1604000 1642000
1720000 1787000
1165000 1174000
1159000 1205000
1892000 1971000
1105000 1157000
1590000 1610000
1102000 1139000
1135000 1161000
97000 99000
706000 701000
1967000 1958000
104000 97000

