2394000 2357000
1524000 1463000
1265000 1201000
2925000 2872000
2063000 1995000
1413000 1371000
1462000 1424000
519000 450000
2171000 2091000
1066000 1030000
1291000 1207000
1927000 1848000
45000 33000
635000 573000
941000 876000
572000 520000
351000 312000
326000 288000
1827000 1807000
247000 212000
2645000 2588000
764000 721000
2762000 2723000
1861000 1836000
2562000 2448000
1656000 1591000
300000 270000
1668000 1592000
1824000 1745000
455000 391000
2023000 1978000
962000 889000
1795000 1712000
2106000 2026000
78000 61000
668000 608000
185000 162000
1725000 1697000
515000 453000
2442000 2407000
2186000 2149000
2005000 1962000
2649000 2595000
2727000 2611000
1205000 1131000
340000 313000
1700000 1651000
2716000 2600000
2490000 2390000
2587000 2522000
2369000 2295000
2766000 2738000
2031000 1945000
971000 926000
2004000 1964000
1909000 1845000
1228000 1179000
985000 948000
2290000 2188000
90000 80000
1728000 1648000
661000 604000
2803000 2691000
2093000 2029000
873000 821000
2929000 2900000
1212000 1146000
822000 781000
667000 610000
16000 12000
2519000 2464000
426000 373000
1485000 1412000
1066000 1006000
1095000 1028000
1698000 1640000
2091000 1989000
2035000 1963000
2500000 2450000
239000 214000
2598000 2491000
2026000 1938000
2591000 2480000
2297000 2188000
1682000 1612000
1154000 1101000
1125000 1052000
2795000 2720000
1988000 1900000
1492000 1426000
579000 505000
2081000 1980000
2093000 2002000
2650000 2606000
1281000 1189000
698000 640000
2851000 2762000
137000 118000
2473000 2410000
2826000 2793000
2174000 2134000
1171000 1124000
48000 32000
1603000 1572000
695000 630000
1377000 1329000
1407000 1362000
1110000 1075000
1712000 1629000
2418000 2360000
723000 665000
1742000 1663000
2470000 2428000
1176000 1122000
605000 557000
637000 588000
1892000 1867000
2226000 2136000
1457000 1426000
1669000 1618000
2268000 2170000
2940000 2893000
1639000 1569000
2214000 2118000
2678000 2618000
554000 499000
2670000 2572000
446000 395000
1629000 1585000
754000 688000
425000 376000
2602000 2558000
2075000 2006000
268000 234000
2671000 2556000
786000 726000
662000 613000
2324000 2267000
309000 281000
554000 478000
2699000 2664000
1553000 1520000
1191000 1114000
138000 126000
2930000 2808000
673000 619000
221000 194000
1143000 1112000
1143000 1065000
1131000 1081000
1779000 1733000
2288000 2241000
1748000 1679000
189000 171000
1986000 1922000
2699000 2639000
97000 79000
1170000 1100000
1500000 1433000
1504000 1480000
1004000 932000
1259000 1196000
619000 562000
2812000 2773000
884000 832000
2139000 2040000
842000 775000
905000 829000
2213000 2125000
2637000 2590000
921000 853000
2300000 2224000
818000 761000
601000 545000
2093000 2050000
2689000 2596000
903000 840000
2059000 1969000
357000 322000
2720000 2676000
2815000 2707000
2757000 2666000
1009000 961000
2105000 2057000
820000 778000
1278000 1192000
1485000 1438000
2208000 2153000
671000 599000
1251000 1199000
2652000 2542000
734000 671000
1471000 1430000
1418000 1337000
2078000 2005000
1731000 1675000
1543000 1489000
775000 723000
90000 69000
2714000 2681000
2696000 2608000
1606000 1536000
1866000 1838000
999000 932000
2870000 2841000
64000 48000
1479000 1454000
1386000 1314000
2948000 2830000
1243000 1159000
11000 10000
2558000 2496000
1596000 1522000
2214000 2167000
1197000 1123000
2465000 2409000
2192000 2111000
2588000 2549000
25000 23000
1030000 992000
2358000 2273000
684000 629000
1954000 1889000
1960000 1898000
2681000 2573000
704000 647000
2131000 2039000
1684000 1648000
523000 453000
1125000 1074000
374000 330000
1480000 1408000
1870000 1833000
2881000 2778000
1508000 1449000
2244000 2145000
826000 775000
472000 418000
2205000 2124000
2626000 2525000
1818000 1791000
2486000 2444000
1562000 1533000
652000 609000
957000 914000
1944000 1898000
552000 491000
781000 728000
2850000 2816000
653000 599000
212000 185000
1792000 1708000
1703000 1623000
1566000 1499000
815000 766000
2549000 2441000
1671000 1592000
295000 255000
2530000 2446000
456000 386000
91000 75000
1740000 1670000
1980000 1927000
1109000 1055000
2347000 2251000
2594000 2561000
2550000 2485000
1150000 1110000
755000 688000
2784000 2713000
470000 401000
1980000 1932000
187000 158000
149000 125000
2649000 2536000
1083000 1044000
2467000 2438000
2344000 2301000
2074000 1989000
751000 693000
1399000 1315000
1811000 1733000
270000 242000
1512000 1453000
822000 773000
1749000 1701000
726000 682000
959000 894000
178000 154000
2892000 2778000
2205000 2163000
1930000 1856000
1105000 1048000
1759000 1720000
2845000 2739000
2087000 2034000
445000 384000
2282000 2183000
487000 420000
2512000 2435000
156000 135000
1661000 1593000
3026000 2902000
191000 174000
208000 174000
2155000 2069000
2306000 2204000
2487000 2449000
2520000 2454000
2323000 2249000
2836000 2727000
1977000 1892000
1525000 1456000
41000 28000
2730000 2650000
852000 784000
333000 303000
1855000 1787000
1700000 1619000
2771000 2734000
952000 877000
1748000 1711000
1836000 1770000
197000 169000
2109000 2007000
1245000 1192000
1062000 1022000
1468000 1416000
542000 478000
2115000 2035000
779000 739000
1011000 939000
1450000 1374000
1841000 1810000
1496000 1425000
1491000 1467000
642000 591000
535000 465000
2073000 2026000
1156000 1093000
2410000 2316000
2210000 2157000
2322000 2265000
458000 405000
2467000 2414000
446000 383000
1070000 1025000
2343000 2303000
1153000 1100000
2728000 2687000
542000 469000
2997000 2869000
2623000 2575000
1137000 1066000
1800000 1746000
2513000 2413000
74000 56000
594000 539000
1328000 1252000
600000 538000
1399000 1334000
1882000 1813000
40000 30000
517000 459000
2216000 2172000
1669000 1621000
2558000 2524000
1988000 1948000
2179000 2094000
2913000 2784000
265000 231000
1968000 1934000
1716000 1664000
2658000 2614000
1775000 1729000
1293000 1232000
2331000 2240000
2503000 2460000
2231000 2170000
1977000 1935000
89000 69000
2352000 2289000
607000 551000
1858000 1822000
784000 743000
1426000 1346000
283000 247000
70000 60000
1633000 1550000
753000 703000
2730000 2691000
246000 206000
1642000 1586000
1873000 1810000
1965000 1885000
1764000 1678000
113000 102000
2867000 2836000
2967000 2868000
50000 38000
2059000 2013000
2016000 1936000
1553000 1513000
2941000 2814000
1233000 1149000
1104000 1039000
1812000 1740000
297000 271000
2680000 2588000
273000 236000
945000 893000
250000 225000
2150000 2102000
2779000 2671000
954000 913000
719000 669000
2872000 2772000
747000 709000
2704000 2592000
2058000 2003000
370000 342000
933000 858000
2546000 2430000
1008000 937000
99000 88000
976000 917000
306000 266000
1832000 1769000
1614000 1580000
2699000 2605000
1086000 1035000
393000 353000
2915000 2895000
2095000 2042000
1638000 1584000
2390000 2332000
1694000 1614000
443000 377000
1532000 1482000
2494000 2416000
2352000 2285000
1880000 1845000
897000 827000
1132000 1061000
2204000 2168000
1937000 1866000
751000 712000
1267000 1177000
1595000 1547000
967000 892000
2942000 2824000
1385000 1324000
1722000 1681000
3010000 2895000
1816000 1735000
192000 177000
1270000 1212000
586000 515000
1761000 1731000
1308000 1269000
2302000 2201000
508000 438000
2973000 2953000
110000 100000
611000 543000
2488000 2425000
2633000 2565000
1465000 1400000
181000 156000
2482000 2391000
1236000 1149000
257000 230000
1020000 967000
1809000 1789000
2248000 2199000
823000 765000
530000 475000
1402000 1356000
1810000 1774000
1470000 1423000
2694000 2589000
166000 149000
2948000 2884000
2451000 2350000
1689000 1638000
1265000 1191000
584000 529000
248000 221000
2117000 2068000
3021000 2913000
1990000 1912000
1050000 994000
262000 239000
1320000 1250000
1602000 1564000
1627000 1555000
979000 909000
1030000 958000
606000 554000
1797000 1744000
1109000 1065000
822000 782000
1860000 1837000
1598000 1519000
1687000 1655000
1385000 1333000
260000 231000
2199000 2117000
1630000 1594000
840000 783000
533000 459000
1907000 1846000
575000 500000
82000 62000
1460000 1399000
1441000 1403000
1933000 1851000
1003000 955000
2896000 2763000
1895000 1832000
1269000 1203000
2856000 2749000
113000 105000
2346000 2304000
2754000 2727000
530000 471000
2418000 2308000
253000 215000
2891000 2855000
756000 718000
485000 421000
2187000 2104000
1793000 1743000
2430000 2348000
2955000 2910000
400000 356000
490000 429000
1740000 1707000
978000 939000
1112000 1067000
1323000 1271000
1645000 1563000
1390000 1310000
2463000 2368000
1953000 1923000
173000 153000
791000 735000
311000 286000
1806000 1721000
370000 341000
2221000 2139000
3017000 2879000
2432000 2396000
1945000 1914000
2685000 2567000
2241000 2184000
1975000 1915000
1599000 1529000
675000 631000
917000 838000
648000 583000
2038000 1947000
17000 13000
272000 236000
1888000 1834000
104000 92000
1776000 1705000
1080000 1008000
1345000 1264000
2544000 2502000
1592000 1562000
1776000 1739000
2096000 2012000
2833000 2708000
1984000 1944000
1805000 1737000
2547000 2506000
1091000 1055000
682000 612000
158000 145000
815000 747000
2599000 2563000
1843000 1811000
981000 912000
2125000 2090000
1053000 999000
1903000 1842000
1451000 1386000
492000 438000
2632000 2598000
2866000 2752000
1621000 1575000
62000 50000
1264000 1179000
2536000 2503000
733000 690000
683000 634000
1028000 982000
1032000 971000
1049000 994000
2951000 2850000
1398000 1328000
1026000 964000
2812000 2702000
1119000 1083000
1094000 1051000
1309000 1261000
1577000 1539000
975000 913000
5000 4000
2752000 2653000
2548000 2511000
2374000 2338000
91000 77000
1758000 1710000
2928000 2861000
851000 794000
1720000 1644000
2004000 1929000
2167000 2069000
2312000 2233000
2292000 2240000
1581000 1541000
2032000 1972000
764000 727000
2928000 2889000
478000 412000
1900000 1823000
1224000 1147000
937000 872000
2341000 2244000
1003000 956000
2443000 2415000
2070000 1979000
560000 510000
2119000 2061000
759000 698000
2511000 2462000
2252000 2209000
1821000 1749000
15000 11000
2041000 1979000
1167000 1120000
2439000 2353000
760000 714000
1286000 1196000
1065000 1023000
1519000 1450000
1659000 1596000
1098000 1037000
2762000 2664000
792000 757000
2575000 2540000
2346000 2309000
2496000 2456000
2355000 2261000
76000 64000
56000 40000
1731000 1664000
548000 478000
329000 295000
1797000 1731000
2003000 1965000
2649000 2611000
787000 720000
1518000 1459000
2978000 2846000
2464000 2382000
2727000 2694000
69000 58000
1942000 1862000
1558000 1524000
1555000 1496000
1780000 1718000
34000 28000
2489000 2417000
382000 336000
683000 627000
59000 45000
1495000 1425000
1158000 1092000
1204000 1153000
491000 439000
1516000 1458000
2379000 2271000
2368000 2327000
1238000 1164000
346000 305000
1556000 1486000
1604000 1527000
1106000 1059000
2679000 2633000
165000 144000
1678000 1603000
2723000 2672000
998000 945000
1102000 1038000
2215000 2169000
1372000 1296000
3000 3000
2127000 2074000
2801000 2701000
301000 262000
1312000 1255000
1499000 1443000
1088000 1013000
1584000 1536000
1831000 1795000
1264000 1202000
1395000 1309000
1589000 1549000
1597000 1558000
769000 710000
974000 923000
2923000 2866000
1084000 1040000
2271000 2210000
1454000 1415000
1106000 1043000
609000 532000
1430000 1347000
2245000 2176000
1750000 1703000
1674000 1589000
2361000 2297000
2333000 2286000
964000 892000
413000 361000
1899000 1837000
2271000 2181000
2619000 2585000
828000 772000
1783000 1734000
716000 653000
736000 668000
2806000 2747000
1359000 1279000
1453000 1385000
867000 806000
637000 587000
2678000 2632000
2850000 2724000
1622000 1589000
2203000 2115000
2295000 2251000
2657000 2544000
2629000 2517000
2045000 1954000
550000 478000
1321000 1235000
2665000 2564000
2644000 2615000
172000 155000
1815000 1773000
660000 588000
2370000 2286000
1072000 1005000
2220000 2133000
111000 96000
2713000 2675000
316000 287000
1440000 1401000
1529000 1490000
550000 486000
4000 4000
3018000 2901000
2875000 2749000
2309000 2252000
889000 820000
2071000 1970000
1585000 1532000
2786000 2743000
94000 79000
2189000 2146000
111000 101000
87000 69000
591000 537000
1532000 1508000
2575000 2463000
366000 322000
2325000 2264000
2547000 2458000
864000 814000
1502000 1462000
1802000 1728000
2597000 2510000
1075000 1015000
2562000 2527000
1427000 1392000
2731000 2618000
1345000 1293000
2686000 2571000
2435000 2336000
2548000 2480000
1389000 1344000
2672000 2579000
2095000 2054000
633000 563000
2992000 2876000
2295000 2197000
522000 452000
2610000 2507000
1821000 1782000
606000 539000
711000 646000
1133000 1059000
195000 170000
68000 52000
1252000 1198000
2612000 2560000
2928000 2805000
1284000 1202000
3043000 2892000
390000 349000
118000 103000
433000 375000
717000 672000
2128000 2064000
1313000 1251000
1140000 1079000
1134000 1095000
1607000 1530000
2580000 2492000
2804000 2683000
2646000 2565000
852000 808000
1900000 1873000
458000 388000
2663000 2580000
2617000 2556000
2083000 2041000
2755000 2693000
1609000 1566000
2459000 2365000
2674000 2573000
1693000 1621000
71000 56000
184000 166000
1953000 1866000
1557000 1527000
2102000 2052000
2089000 1992000
1522000 1499000
1414000 1327000
1657000 1591000
2958000 2930000
2037000 1961000
352000 313000
2596000 2486000
2388000 2285000
590000 538000
154000 136000
1635000 1573000
1296000 1218000
1409000 1370000
2315000 2278000
2227000 2182000
1717000 1640000
141000 121000
1853000 1829000
474000 423000
15000 12000
1839000 1766000
2172000 2079000
2796000 2758000
2353000 2287000
1945000 1894000
1800000 1758000
2807000 2688000
1843000 1794000
183000 152000
825000 762000
2876000 2818000
704000 640000
2556000 2494000
893000 828000
1652000 1601000
388000 355000
782000 728000
252000 213000
1817000 1800000
1518000 1495000
391000 354000
2834000 2803000
1686000 1610000
186000 161000
573000 515000
2120000 2041000
2900000 2821000
830000 789000
780000 719000
621000 571000
383000 336000
901000 832000
2639000 2527000
1433000 1381000
1165000 1126000
334000 298000
1408000 1323000
2237000 2163000
2784000 2676000
1031000 990000
750000 681000
1933000 1904000
550000 494000
1145000 1078000
404000 364000
185000 159000
2572000 2528000
1159000 1082000
1721000 1642000
2354000 2257000
2262000 2177000
2786000 2731000
1244000 1194000
2459000 2430000
2791000 2687000
624000 558000
552000 480000
2921000 2902000
1477000 1450000
501000 439000
1770000 1715000
1385000 1303000
2066000 1969000
2355000 2308000
871000 800000
59000 44000
2713000 2679000
1487000 1464000
2559000 2460000
2008000 1970000
1927000 1882000
2976000 2941000
1728000 1698000
810000 746000
1719000 1686000
1432000 1384000
1054000 1009000
2040000 1962000
802000 765000
63000 49000
2761000 2721000
1404000 1332000
477000 412000
2825000 2716000
451000 404000
2399000 2349000
102000 96000
1542000 1523000
2800000 2754000
1278000 1229000
1961000 1891000
2849000 2797000
1803000 1715000
322000 292000
641000 594000
807000 744000
727000 681000
1975000 1930000
570000 524000
1568000 1531000
1746000 1709000
2859000 2738000
2648000 2604000
162000 137000
1519000 1482000
1211000 1146000
2555000 2515000
1341000 1253000
89000 79000
867000 826000
2923000 2812000
2123000 2039000
2973000 2861000
731000 667000
1412000 1349000
1159000 1108000
2029000 1946000
1819000 1792000
1428000 1377000
497000 450000
2363000 2323000
709000 651000
1552000 1481000
1625000 1582000
2352000 2313000
186000 167000
935000 884000
820000 755000
1228000 1170000
916000 840000
395000 359000
675000 615000
2411000 2380000
1217000 1171000
1152000 1114000
1626000 1552000
2252000 2163000
2178000 2102000
2939000 2809000
787000 741000
1634000 1602000
228000 193000
169000 145000
603000 532000
1365000 1295000
1309000 1252000
2723000 2620000
1134000 1062000
2601000 2499000
2848000 2741000
123000 114000
1295000 1224000
2764000 2654000
2377000 2289000
2828000 2743000
1643000 1582000
1318000 1237000
487000 433000
957000 915000
1183000 1128000
1184000 1140000
2811000 2736000
30000 23000
1156000 1118000
2834000 2763000
2451000 2424000
2112000 2004000
1559000 1491000
654000 582000
2479000 2396000
2757000 2718000
1536000 1469000
2283000 2231000
1280000 1205000
3038000 2907000
2129000 2075000
2645000 2593000
1719000 1650000
1484000 1435000
402000 353000
757000 691000
853000 799000
2375000 2293000
2750000 2652000
979000 940000
2396000 2343000
2849000 2813000
767000 710000
2500000 2451000
2293000 2190000
98000 90000
1061000 1013000
274000 239000
1683000 1637000
1424000 1387000
1415000 1354000
2239000 2197000
667000 603000
1024000 985000
2060000 1970000
1605000 1536000
832000 791000
2763000 2702000
2921000 2890000
1427000 1340000
2315000 2272000
911000 850000
1843000 1821000
379000 342000
2829000 2719000
2447000 2418000
2685000 2656000
584000 513000
548000 489000
495000 443000
1107000 1062000
2950000 2816000
2229000 2173000
2039000 1955000
2711000 2667000
909000 845000
2740000 2619000
2869000 2745000
1601000 1537000
1094000 1042000
1051000 986000
1549000 1503000
1121000 1056000
1922000 1855000
1547000 1497000
2753000 2653000
801000 744000
1623000 1570000
127000 120000
2726000 2688000
2712000 2627000
2449000 2355000
1958000 1874000
876000 812000
943000 869000
2846000 2732000
93000 75000
2651000 2545000
1722000 1691000
460000 397000
1760000 1712000
2687000 2603000
238000 212000
85000 65000
1038000 1005000
2165000 2116000
2940000 2824000
1406000 1336000
989000 929000
1418000 1383000
474000 420000
2533000 2448000
1147000 1090000
58000 48000
1808000 1759000
1427000 1373000
2925000 2883000
1111000 1044000
2028000 1959000
272000 247000
1649000 1573000
2897000 2867000
1777000 1695000
1696000 1642000
1664000 1623000
2159000 2068000
2600000 2488000
177000 151000
2168000 2118000
904000 828000
2436000 2339000
1241000 1162000
2084000 1978000
1409000 1326000
583000 530000
1400000 1352000
2268000 2215000
1646000 1598000
1612000 1536000
20000 15000
246000 218000
142000 125000
2803000 2733000
1524000 1501000
1716000 1640000
644000 596000
2443000 2337000
763000 706000
683000 614000
2012000 1960000
1180000 1122000
2307000 2211000
2320000 2273000
2330000 2221000
1956000 1900000
730000 667000
2768000 2686000
717000 658000
1899000 1870000
2698000 2589000
32000 26000
1154000 1079000
1221000 1162000
2573000 2512000
638000 565000
2501000 2446000
771000 731000
1393000 1317000
1324000 1236000
1496000 1471000
1536000 1492000
933000 879000
2370000 2310000
867000 815000
2515000 2424000
2356000 2314000
1805000 1784000
1270000 1219000
1313000 1228000
2098000 1998000
300000 277000
2320000 2271000
771000 709000
2710000 2665000
237000 209000
250000 212000
1628000 1587000
2794000 2739000
685000 613000
935000 896000
516000 443000
1411000 1335000
1550000 1518000
2452000 2399000
1432000 1363000
2328000 2220000
331000 300000
1535000 1464000
2434000 2406000
1509000 1476000
1530000 1459000
2765000 2708000
2799000 2676000
2935000 2878000
921000 870000
3019000 2947000
1210000 1147000
2793000 2675000
777000 724000
2920000 2894000
2123000 2053000
2889000 2864000
947000 905000
1107000 1035000
1078000 1022000
1821000 1786000
275000 255000
2570000 2464000
878000 820000
1743000 1692000
2131000 2092000
2733000 2695000
2367000 2325000
221000 197000
627000 570000
1410000 1363000
267000 228000
1185000 1131000
258000 226000
2511000 2428000
2215000 2120000
403000 358000
2637000 2551000
315000 279000
2959000 2836000
621000 563000
1959000 1916000
981000 928000
39000 31000
78000 62000
951000 911000
1841000 1770000
2747000 2715000
1510000 1473000
103000 97000
2079000 1975000
108000 94000
338000 307000
1852000 1798000
2135000 2096000
2426000 2321000
2742000 2671000
1336000 1287000
340000 306000
1490000 1428000
394000 348000
1936000 1854000
639000 570000
1725000 1674000
2740000 2698000
397000 348000
2588000 2513000
105000 90000
1893000 1820000
1302000 1215000
1319000 1232000
2685000 2648000
1944000 1899000
2748000 2642000
2437000 2368000
2868000 2759000
1496000 1474000
742000 682000
2162000 2130000
931000 863000
1280000 1227000
1854000 1786000
894000 817000
2924000 2888000
1007000 942000
1034000 975000
2555000 2521000
1763000 1682000
1959000 1880000
1235000 1180000
2805000 2765000
1702000 1635000
289000 253000
1415000 1342000
341000 307000
2957000 2827000
1350000 1266000
904000 858000
2919000 2896000
2415000 2384000
969000 906000
1456000 1400000
1440000 1396000
2900000 2786000
1921000 1878000
1487000 1465000
365000 322000
2468000 2371000
370000 333000
2304000 2239000
543000 477000
2608000 2578000
2238000 2161000
1697000 1611000
415000 360000
1587000 1536000
2128000 2079000
1637000 1557000
966000 892000
2805000 2704000
1642000 1603000
2898000 2791000
1886000 1824000
949000 901000
2552000 2508000
1654000 1586000
2798000 2756000
3032000 2904000
2059000 2008000
2218000 2166000
865000 808000
114000 104000
2512000 2467000
121000 104000
1715000 1667000
1792000 1738000
2937000 2810000
1831000 1776000
820000 772000
2520000 2473000
1818000 1734000
333000 292000
1037000 1003000
1797000 1749000
2283000 2191000
2512000 2468000
410000 361000
2853000 2755000
2650000 2543000
483000 431000
621000 547000
697000 636000
448000 394000
2962000 2950000
421000 362000
2747000 2690000
2989000 2870000
245000 220000
2447000 2368000
1135000 1088000
695000 639000
662000 596000
2846000 2804000
666000 612000
2254000 2189000
875000 805000
955000 906000
549000 480000
1234000 1173000
1690000 1603000
782000 730000
316000 279000
792000 742000
2411000 2303000
1876000 1809000
202000 173000
1364000 1298000
1045000 994000
369000 329000
1338000 1279000
1076000 1023000
1371000 1325000
1074000 1018000
2638000 2594000
1459000 1380000
2955000 2927000
1052000 1006000
1894000 1834000
1268000 1191000
541000 481000
1974000 1902000
2853000 2811000
2163000 2074000
1754000 1672000
705000 634000
2888000 2819000
2279000 2180000
1326000 1267000
72000 58000
1441000 1375000
2691000 2646000
1789000 1755000
1538000 1472000
1476000 1433000
905000 845000
242000 215000
1272000 1183000
2986000 2855000
848000 810000
1176000 1138000
703000 638000
2611000 2554000
1836000 1798000
680000 614000
2560000 2507000
2911000 2795000
2122000 2020000
2239000 2145000
538000 482000
2847000 2805000
2065000 1973000
2120000 2060000
318000 286000
1936000 1886000
2133000 2072000
2228000 2132000
708000 648000
2707000 2604000
1485000 1458000
176000 157000
2144000 2091000
1623000 1593000
665000 599000
2772000 2676000
307000 276000
1141000 1064000
335000 310000
437000 380000
2703000 2608000
968000 892000
1075000 1037000
2298000 2226000
1845000 1804000
2529000 2478000
804000 767000
986000 941000
2101000 2019000
1015000 943000
817000 754000
900000 855000
95000 77000
1510000 1468000
1583000 1550000
147000 126000
1857000 1787000
898000 829000
651000 606000
2706000 2670000
2876000 2799000
2612000 2504000
509000 455000
2343000 2276000
177000 159000
117000 101000
1269000 1222000
1048000 1011000
930000 869000
870000 822000
1587000 1546000
347000 318000
607000 558000
539000 468000
592000 524000
1413000 1366000
950000 877000
1875000 1799000
620000 568000
1585000 1543000
1494000 1426000
1354000 1313000
2824000 2752000
1007000 962000
1647000 1610000
1308000 1236000
1531000 1506000
1085000 1025000
2005000 1922000
2807000 2775000
1648000 1609000
1161000 1122000
1273000 1221000
772000 721000
1173000 1130000
2945000 2846000
1785000 1751000
209000 179000
1294000 1233000
2301000 2259000
1054000 1020000
793000 721000
1086000 1032000
256000 223000
2904000 2808000
1387000 1339000
2908000 2863000
2677000 2570000
456000 407000
987000 925000
2535000 2505000
2445000 2423000
2401000 2301000
2952000 2926000
2881000 2807000
1669000 1634000
3033000 2890000
2316000 2214000
1119000 1057000
704000 652000
2247000 2171000
1717000 1676000
2909000 2845000
2223000 2155000
609000 550000
1275000 1185000
2153000 2114000
830000 768000
2734000 2696000
1795000 1752000
495000 429000
2690000 2608000
2389000 2299000
1089000 1020000
1360000 1290000
2133000 2063000
759000 722000
1468000 1434000
808000 748000
766000 703000
1101000 1039000
1491000 1419000
682000 632000
3001000 2878000
800000 761000
1653000 1613000
1643000 1588000
2503000 2401000
496000 426000
261000 222000
1951000 1882000
1589000 1526000
1848000 1790000
204000 173000
29000 23000
1286000 1228000
839000 779000
2944000 2830000
26000 20000
1679000 1599000
1738000 1672000
1091000 1057000
179000 155000
884000 820000
2445000 2378000
1524000 1488000
1780000 1742000
972000 903000
2021000 1983000
1119000 1072000
1984000 1947000
2880000 2814000
2446000 2413000
1062000 1001000
2944000 2925000
2773000 2650000
1837000 1818000
336000 308000
1594000 1521000
359000 329000
1525000 1491000
1264000 1204000
1025000 968000
2270000 2167000
1665000 1597000
1659000 1616000
1060000 1016000
1512000 1486000
1123000 1082000
616000 567000
1513000 1467000
2174000 2131000
2415000 2352000
248000 224000
2611000 2531000
1996000 1963000
1620000 1548000
656000 605000
2168000 2081000
107000 93000
2695000 2590000
1866000 1799000
2698000 2642000
1950000 1896000
516000 463000
1060000 1008000
128000 109000
691000 627000
1138000 1103000
2961000 2891000
635000 559000
1775000 1725000
2050000 1992000
419000 365000
1628000 1572000
2207000 2164000
2006000 1916000
333000 304000
499000 431000
2345000 2238000
2645000 2577000
384000 344000
1094000 1053000
2916000 2873000
1499000 1453000
1122000 1064000
27000 22000
2595000 2495000
2100000 2010000
1961000 1906000
1920000 1889000
824000 753000
2718000 2625000
1955000 1891000
3004000 2879000
2288000 2221000
2301000 2213000
1534000 1514000
349000 314000
258000 220000
2756000 2725000
2747000 2641000
2486000 2395000
628000 580000
295000 265000
1136000 1077000
1716000 1677000
1705000 1623000
2190000 2097000
2679000 2570000
2069000 2021000
688000 615000
361000 320000
1193000 1130000
1971000 1906000
236000 208000
1599000 1568000
1112000 1039000
357000 311000
2360000 2312000
1449000 1382000
1400000 1348000
1004000 966000
596000 546000
2425000 2324000
243000 208000
1005000 949000
109000 97000
1484000 1436000
679000 610000
2696000 2663000
357000 325000
2245000 2170000
1448000 1379000
927000 847000
2496000 2455000
2523000 2427000
1638000 1575000
196000 178000
874000 802000
2516000 2482000
2341000 2268000
646000 582000
1480000 1441000
1472000 1429000
2842000 2739000
380000 350000
2038000 2000000
2608000 2562000
1409000 1368000
1358000 1284000
811000 755000
490000 434000
220000 196000
2597000 2569000
431000 380000
2034000 1999000
2642000 2541000
2246000 2171000
1435000 1361000
651000 584000
599000 536000
31000 24000
332000 309000
585000 526000
412000 370000
240000 205000
1428000 1376000
2352000 2257000
1952000 1868000
2292000 2245000
2441000 2340000
176000 150000
2706000 2650000
2985000 2863000
114000 97000
1846000 1773000
1462000 1405000
634000 579000
1706000 1672000
2288000 2200000
2877000 2758000
1891000 1854000
2840000 2735000
1344000 1291000
1577000 1512000
383000 347000
94000 84000
632000 574000
2732000 2631000
868000 802000
1625000 1574000
1534000 1496000
1785000 1698000
226000 190000
956000 917000
1817000 1783000
931000 885000
541000 472000
1293000 1213000
904000 843000
204000 183000
2011000 1949000
1045000 1012000
1284000 1213000
2452000 2356000
2339000 2232000
2048000 1965000
1349000 1276000
2995000 2903000
1912000 1879000
2197000 2139000
764000 720000
2894000 2786000
2619000 2520000
183000 163000
1288000 1231000
1199000 1134000
2419000 2327000
2562000 2531000
805000 759000
1496000 1460000
103000 91000
2230000 2131000
2483000 2441000
2087000 2038000
457000 406000
2087000 2043000
2276000 2223000
1791000 1717000
834000 764000
1547000 1511000
1939000 1860000
797000 753000
1420000 1336000
8000 6000
1888000 1864000
2315000 2247000
2656000 2573000
1354000 1315000
920000 850000
827000 769000
2386000 2295000
2458000 2420000
556000 500000
1728000 1682000
260000 225000
2667000 2629000
1252000 1195000
2855000 2770000
1962000 1885000
2927000 2817000
367000 338000
1591000 1528000
2589000 2486000
2932000 2848000
2056000 1974000
2332000 2258000
447000 384000
298000 266000
2289000 2242000
2298000 2218000
979000 932000
106000 95000
2387000 2286000
2217000 2126000
12000 9000
2684000 2601000
1501000 1457000
439000 376000
2674000 2600000
135000 123000
1923000 1881000
1579000 1515000
841000 793000
703000 650000
1410000 1359000
2983000 2959000
23000 19000
2566000 2518000
2256000 2171000
287000 257000
1818000 1770000
1232000 1176000
1472000 1403000
1834000 1778000
152000 134000
353000 320000
1877000 1828000
716000 661000
2627000 2538000
1213000 1149000
2234000 2160000
951000 876000
2337000 2302000
629000 562000
595000 520000
725000 677000
227000 194000
1337000 1275000
86000 70000
734000 684000
213000 178000
124000 107000
483000 432000
1466000 1403000
840000 790000
2870000 2842000
726000 676000
299000 260000
2184000 2150000
1981000 1951000
940000 889000
1481000 1411000
39000 30000
2025000 1947000
1996000 1913000
136000 122000
1783000 1717000
1724000 1646000
2767000 2668000
98000 83000
1921000 1842000
2111000 2006000
1187000 1133000
1322000 1256000
2196000 2151000
2700000 2591000
800000 760000
231000 201000
2487000 2393000
43000 31000
1271000 1205000
1650000 1615000
739000 692000
1095000 1060000
1431000 1379000
457000 390000
666000 604000
463000 411000
1084000 1041000
812000 756000
285000 253000
639000 586000
2613000 2525000
2557000 2498000
1423000 1393000
498000 431000
2017000 1956000
680000 628000
1882000 1859000
438000 385000
2054000 2004000
1060000 1019000
1436000 1366000
171000 152000
696000 638000
143000 125000
971000 922000
2507000 2448000
883000 837000
1356000 1308000
1543000 1497000
644000 572000
1464000 1403000
1966000 1884000
627000 563000
1888000 1849000
1118000 1041000
1039000 993000
1884000 1827000
778000 719000
1699000 1614000
1400000 1321000
149000 131000
1376000 1319000
1560000 1497000
773000 713000
2119000 2056000
2358000 2311000
479000 417000
2933000 2825000
1374000 1306000
1688000 1633000
1381000 1326000
2072000 1985000
524000 461000
104000 99000
593000 533000
2292000 2236000
693000 627000
251000 219000
1625000 1569000
2451000 2408000
926000 857000
1993000 1918000
2499000 2409000
80000 60000
739000 700000
1473000 1418000
2967000 2907000
2575000 2526000
1455000 1407000
1768000 1699000
2585000 2550000
1120000 1046000
2047000 1997000
1166000 1099000
2013000 1945000
2758000 2689000
2131000 2099000
309000 274000
2442000 2358000
1650000 1596000
619000 543000
2688000 2583000
2609000 2499000
1460000 1425000
2452000 2393000
1631000 1576000
612000 540000
1189000 1131000
1714000 1644000
1285000 1237000
14000 11000
613000 546000
2798000 2749000
1704000 1623000
2509000 2466000
1857000 1827000
2697000 2583000
3005000 2974000
2878000 2838000
2314000 2263000
479000 419000
476000 402000
2267000 2165000
913000 835000
1889000 1818000
1090000 1020000
2171000 2140000
2885000 2846000
2984000 2952000
2914000 2817000
196000 175000
641000 584000
2540000 2487000
2831000 2788000
2702000 2611000
1307000 1250000
2771000 2705000
653000 603000
2332000 2229000
189000 169000
2636000 2574000
1391000 1327000
1246000 1158000
2454000 2375000
310000 288000
2966000 2948000
1773000 1705000
1083000 1046000
2343000 2243000
472000 412000
1663000 1622000
849000 796000
560000 495000
2938000 2869000
1863000 1834000
2141000 2104000
1863000 1811000
1672000 1619000
2034000 1985000
1204000 1161000
1131000 1087000
414000 357000
970000 920000
1915000 1856000
363000 318000
2130000 2041000
2073000 2024000
251000 212000
709000 659000
1573000 1508000
1426000 1388000
2092000 2045000
1991000 1939000
136000 124000
1271000 1215000
675000 626000
37000 29000
459000 398000
1437000 1400000
1805000 1765000
2552000 2438000
1088000 1033000
1002000 935000
1055000 993000
607000 535000
1099000 1027000
1539000 1494000
432000 376000
1637000 1600000
2987000 2859000
629000 577000
1184000 1116000
78000 65000
1728000 1683000
2412000 2302000
163000 148000
321000 300000
712000 647000
1827000 1790000
1689000 1650000
1069000 1026000
2469000 2373000
1123000 1055000
1202000 1142000
1043000 999000
311000 275000
2925000 2904000
702000 653000
2020000 1943000
44000 32000
587000 522000
1203000 1145000
1300000 1241000
2115000 2080000
768000 709000
1673000 1591000
811000 768000
1507000 1443000
1228000 1148000
629000 576000
2426000 2385000
366000 327000
1652000 1620000
2922000 2820000
2400000 2361000
150000 133000
2336000 2230000
1361000 1287000
1697000 1639000
262000 223000
2882000 2783000
2385000 2350000
727000 663000
2709000 2591000
2851000 2779000
986000 930000
901000 852000
2193000 2156000
1513000 1494000
1733000 1656000
2740000 2701000
2444000 2375000
2387000 2335000
512000 444000
1194000 1141000
2157000 2121000
698000 629000
425000 367000
2400000 2298000
2032000 1939000
54000 40000
1774000 1736000
1284000 1240000
1867000 1799000
1675000 1590000
207000 180000
1983000 1906000
1648000 1571000
1879000 1817000
164000 138000
921000 863000
639000 593000
785000 725000
2177000 2076000
2912000 2854000
461000 395000
1387000 1328000
2643000 2533000
1913000 1843000
1630000 1555000
1913000 1872000
698000 644000
2579000 2495000
2658000 2579000
788000 738000
2279000 2227000
2251000 2164000
411000 361000
1403000 1357000
449000 392000
2450000 2404000
1120000 1080000
2021000 1981000
1955000 1929000
1396000 1342000
1242000 1172000
353000 307000
1689000 1608000
2454000 2391000
2813000 2694000
2863000 2790000
747000 704000
1658000 1594000
1134000 1078000
2482000 2439000
1347000 1257000
1369000 1291000
1513000 1487000
2132000 2084000
6000 7000
2034000 1951000
988000 912000
1234000 1191000
2824000 2712000
1091000 1052000
1019000 975000
790000 750000
73000 61000
2373000 2284000
1492000 1445000
1133000 1079000
2809000 2692000
2253000 2186000
1764000 1718000
1952000 1918000
99000 93000
1616000 1579000
1153000 1107000
2859000 2802000
729000 687000
849000 798000
1936000 1909000
527000 474000
1536000 1507000
978000 938000
2814000 2707000
746000 686000
290000 250000
2179000 2132000
612000 560000
616000 541000
2156000 2108000
1725000 1642000
2323000 2239000
1124000 1064000
1284000 1211000
821000 783000
2089000 2039000
2394000 2336000
1904000 1855000
1871000 1822000
1309000 1224000
1003000 957000
431000 376000
1394000 1321000
655000 592000
872000 818000
1402000 1350000
49000 33000
88000 67000
588000 519000
1283000 1217000
1842000 1820000
1410000 1361000
535000 476000
556000 476000
2849000 2792000
796000 742000
2632000 2523000
2961000 2835000
1878000 1804000
51000 40000
491000 423000
2117000 2011000
1070000 1010000
58000 41000
2862000 2755000
921000 875000
254000 227000
13000 11000
3047000 2907000
2946000 2898000
1688000 1653000
540000 471000
672000 612000
297000 259000
17000 15000
399000 351000
2210000 2132000
1797000 1767000
1036000 969000
2000 2000
2603000 2534000
423000 363000
121000 109000
2796000 2737000
2021000 1943000
2095000 2005000
24000 18000
744000 705000
2030000 1942000
2852000 2730000
131000 116000
2738000 2656000
122000 109000
504000 447000
158000 135000
1991000 1959000
855000 805000
2132000 2076000
1869000 1808000
506000 434000
1719000 1679000
760000 707000
1750000 1675000
866000 811000
1452000 1377000
1760000 1698000
77000 59000
2024000 1930000
1348000 1306000
608000 547000
238000 205000
761000 693000
1151000 1079000
399000 356000
719000 652000
2853000 2809000
570000 509000
1241000 1189000
647000 577000
2719000 2682000
821000 777000
2417000 2374000
1793000 1720000
1870000 1815000
2348000 2242000
2175000 2100000
2634000 2532000
2086000 2036000
2414000 2355000
2076000 1992000
1232000 1148000
99000 82000
2081000 2035000
1283000 1208000
2770000 2729000
2820000 2764000
663000 595000
826000 755000
1795000 1761000
1606000 1567000
325000 293000
1574000 1515000
2072000 2009000
900000 839000
2797000 2760000
1732000 1656000
2678000 2621000
828000 776000
345000 314000
2216000 2121000
2725000 2607000
136000 119000
794000 722000
25000 21000
1669000 1589000
3034000 2899000
2625000 2519000
182000 155000
1009000 971000
1690000 1643000
1081000 1014000
1698000 1627000
1820000 1799000
2516000 2416000
194000 172000
2414000 2362000
873000 813000
1680000 1604000
166000 153000
1810000 1723000
2198000 2144000
2902000 2774000
516000 458000
617000 561000
745000 695000
1073000 1002000
1340000 1260000
531000 479000
442000 375000
1876000 1850000
1273000 1194000
2832000 2721000
2444000 2357000
236000 205000
2071000 2025000
2971000 2928000
1850000 1774000
1616000 1557000
2250000 2183000
2240000 2155000
2555000 2499000
2586000 2477000
2050000 1993000
1327000 1250000
2993000 2892000
92000 73000
1131000 1069000
2007000 1939000
2865000 2762000
545000 485000
885000 823000
239000 202000
1017000 968000
2405000 2364000
1799000 1776000
14000 13000
230000 197000
1758000 1727000
770000 714000
2952000 2841000
2819000 2762000
637000 562000
2022000 1945000
220000 188000
1815000 1746000
1849000 1788000
1580000 1524000
2713000 2628000
2626000 2573000
2327000 2223000
214000 192000
836000 785000
281000 258000
1001000 932000
2094000 2047000
1486000 1452000
3030000 2962000
2744000 2635000
2881000 2825000
741000 669000
722000 662000
1923000 1850000
132000 115000
823000 786000
802000 763000
2543000 2445000
256000 219000
368000 339000
2581000 2470000
2716000 2677000
2360000 2265000
2780000 2662000
2689000 2640000
2518000 2448000
239000 210000
2103000 2049000
1101000 1064000
2320000 2210000
2219000 2122000
954000 883000
1692000 1630000
331000 306000
2325000 2281000
459000 410000
1801000 1737000
597000 527000
2953000 2905000
1934000 1867000
1262000 1171000
855000 802000
1582000 1527000
837000 769000
569000 499000
88000 72000
1343000 1256000
1808000 1725000
1087000 1022000
2733000 2630000
1796000 1718000
2264000 2159000
2931000 2801000
894000 838000
2902000 2874000
1614000 1540000
3025000 2893000
706000 647000
1281000 1207000
462000 412000
1392000 1345000
1556000 1515000
657000 602000
671000 616000
1589000 1548000
212000 178000
765000 705000
1969000 1891000
1152000 1083000
362000 316000
2960000 2834000
1285000 1197000
593000 521000
562000 497000
2968000 2866000
848000 794000
2529000 2489000
11000 11000
1796000 1741000
983000 917000
307000 270000
2277000 2179000
2424000 2397000
2972000 2951000
215000 187000
1806000 1780000
467000 416000
62000 52000
2354000 2299000
1781000 1718000
818000 771000
2102000 2000000
2706000 2645000
2866000 2801000
89000 73000
879000 828000
1082000 1038000
1670000 1609000
2001000 1954000
424000 363000
94000 86000
745000 685000
2654000 2617000
1048000 988000
168000 145000
2663000 2630000
2969000 2835000
101000 87000
279000 244000
2009000 1925000
2254000 2146000
918000 842000
1782000 1716000
509000 446000
687000 621000
1322000 1272000
847000 794000
1457000 1397000
1981000 1945000
1885000 1852000
458000 409000
2213000 2161000
481000 430000
2561000 2453000
2841000 2772000
1711000 1629000
1883000 1811000
488000 422000
2739000 2630000
51000 39000
992000 931000
1044000 984000
701000 635000
1020000 957000
1694000 1660000
16000 14000
93000 82000
1340000 1288000
2818000 2713000
2888000 2858000
1442000 1360000
1217000 1144000
2201000 2114000
1834000 1787000
2156000 2122000
1013000 965000
1769000 1697000
2278000 2190000
212000 190000
1377000 1310000
2990000 2867000
2184000 2096000
1139000 1096000
645000 597000
2742000 2636000
2308000 2255000
1215000 1160000
686000 620000
481000 410000
2421000 2377000
225000 192000
694000 626000
1170000 1132000
1514000 1463000
790000 724000
2551000 2451000
2234000 2181000
1918000 1888000
2007000 1967000
2082000 2002000
696000 634000
2047000 1976000
1466000 1431000
1282000 1186000
1994000 1919000
528000 467000
2451000 2429000
1745000 1695000
2705000 2635000
2984000 2878000
2873000 2766000
750000 713000
749000 699000
121000 112000
1301000 1223000
2604000 2490000
2819000 2783000
280000 241000
2637000 2605000
2736000 2642000
1578000 1509000
2293000 2244000
245000 211000
380000 337000
1306000 1219000
1388000 1317000
2160000 2119000
593000 541000
339000 300000
49000 36000
1187000 1146000
1285000 1220000
388000 344000
246000 216000
592000 542000
1568000 1500000
2742000 2709000
891000 816000
1502000 1451000
732000 680000
136000 125000
2206000 2148000
2326000 2249000
2274000 2213000
922000 866000
1422000 1346000
2138000 2053000
2434000 2341000
1799000 1726000
2075000 2031000
789000 758000
1871000 1851000
2692000 2658000
263000 227000
257000 221000
1212000 1168000
2552000 2519000
2760000 2651000
2062000 1965000
936000 878000
570000 493000
2557000 2444000
554000 488000
37000 26000
1487000 1426000
1344000 1253000
1014000 939000
590000 527000
1331000 1250000
977000 920000
154000 130000
406000 353000
2363000 2305000
2390000 2293000
679000 618000
1355000 1305000
2607000 2498000
2446000 2411000
484000 419000
1028000 971000
254000 214000
1567000 1517000
2193000 2152000
1806000 1764000
2169000 2135000
1931000 1865000
634000 560000
111000 102000
1979000 1894000
342000 301000
2937000 2912000
1526000 1462000
2606000 2492000
1972000 1915000
1350000 1292000
1005000 963000
842000 797000
2229000 2127000
2495000 2452000
2078000 2028000
2706000 2662000
1636000 1570000
206000 173000
1252000 1183000
2674000 2622000
910000 831000
1784000 1705000
1434000 1366000
293000 252000
1024000 965000
2407000 2298000
1666000 1597000
743000 698000
2609000 2571000
768000 719000
2428000 2328000
2729000 2617000
615000 545000
1932000 1862000
321000 299000
566000 501000
444000 378000
498000 448000
883000 833000
328000 297000
864000 816000
551000 472000
486000 418000
1474000 1447000
2293000 2250000
1766000 1682000
1181000 1143000
469000 406000
2196000 2134000
2918000 2790000
2359000 2318000
1054000 1010000
716000 671000
676000 630000
1461000 1432000
971000 903000
905000 859000
2206000 2137000
1146000 1111000
1312000 1270000
2177000 2126000
2420000 2365000
2966000 2833000
1728000 1673000
897000 846000
2123000 2081000
86000 67000
1520000 1453000
550000 487000
1840000 1787000
1175000 1129000
774000 713000
2423000 2323000
2348000 2293000
2359000 2266000
480000 427000
1175000 1111000
1046000 997000
628000 552000
1001000 964000
2034000 1984000
1323000 1245000
1387000 1327000
2405000 2354000
126000 107000
386000 348000
2359000 2315000
2954000 2841000
2412000 2367000
2427000 2337000
2808000 2691000
589000 543000
902000 829000
1657000 1624000
195000 173000
2117000 2066000
371000 323000
1144000 1089000
2376000 2270000
2284000 2190000
1919000 1843000
1753000 1717000
568000 493000
1442000 1410000
877000 830000
850000 791000
2310000 2262000
1146000 1075000
203000 182000
1530000 1489000
1169000 1112000
3001000 2967000
1991000 1957000
198000 179000
2086000 1997000
2578000 2536000
2158000 2088000
2194000 2158000
2413000 2382000
640000 578000
1369000 1316000
673000 605000
2594000 2546000
1759000 1721000
1554000 1502000
2155000 2106000
306000 283000
2151000 2068000
1128000 1063000
2203000 2159000
1190000 1152000
1897000 1863000
992000 934000
1195000 1142000
1663000 1607000
1366000 1300000
2402000 2302000
2798000 2693000
2906000 2793000
1302000 1257000
2260000 2200000
1492000 1444000
1541000 1477000
2023000 1948000
2693000 2644000
1000000 959000
1069000 1013000
454000 389000
62000 47000
814000 753000
699000 646000
938000 883000
2090000 2032000
903000 844000
1026000 974000
1964000 1906000
2897000 2775000
2461000 2427000
2463000 2422000
2359000 2307000
1691000 1625000
1437000 1371000
2577000 2468000
2584000 2532000
900000 834000
103000 98000
1086000 1018000
1829000 1758000
465000 414000
99000 94000
940000 874000
392000 346000
158000 143000
2051000 1959000
1545000 1510000
1369000 1317000
3019000 2881000
1551000 1529000
2409000 2351000
936000 862000
1003000 939000
2734000 2624000
1281000 1206000
613000 553000
1040000 1002000
2136000 2041000
2647000 2531000
1675000 1635000
493000 426000
799000 762000
1970000 1919000
1919000 1887000
2152000 2107000
1348000 1285000
906000 842000
2728000 2612000
1334000 1254000
2982000 2852000
115000 107000
956000 882000
1568000 1540000
669000 604000
66000 53000
914000 851000
1130000 1074000
2655000 2555000
1499000 1475000
1912000 1836000
129000 117000
872000 816000
2073000 1974000
1432000 1386000
1370000 1322000
1814000 1771000
1201000 1142000
2847000 2742000
1139000 1073000
1151000 1105000
2096000 2040000
1423000 1380000
1651000 1595000
2632000 2591000
275000 238000
1769000 1730000
564000 484000
705000 655000
1445000 1372000
416000 371000
813000 751000
2901000 2789000
1684000 1607000
2301000 2243000
2308000 2216000
1428000 1351000
748000 696000
2849000 2735000
908000 828000
2581000 2529000
277000 245000
2127000 2041000
1838000 1773000
307000 280000
1000000 934000
606000 555000
2982000 2966000
2421000 2319000
2634000 2584000
228000 201000
277000 254000
2088000 2037000
1641000 1608000
2672000 2634000
288000 253000
2691000 2610000
1354000 1263000
1807000 1772000
2429000 2363000
281000 243000
2646000 2613000
1038000 991000
2884000 2834000
1235000 1166000
710000 639000
2054000 1975000
1528000 1457000
1256000 1193000
1642000 1580000
897000 851000
950000 910000
1625000 1571000
1761000 1693000
731000 686000
2910000 2792000
1657000 1611000
2669000 2553000
935000 895000
1795000 1748000
2164000 2079000
1483000 1414000
2135000 2077000
2756000 2660000
344000 302000
144000 120000
1387000 1311000
1093000 1030000
2943000 2899000
428000 373000
861000 790000
1695000 1617000
1973000 1904000
55000 40000
312000 274000
2806000 2718000
290000 263000
267000 241000
2917000 2837000
1136000 1097000
1597000 1556000
1124000 1069000
2919000 2819000
2594000 2537000
726000 666000
3000 4000
67000 50000
1412000 1337000
2691000 2655000
1207000 1135000
955000 881000
2338000 2270000
2661000 2543000
166000 154000
1438000 1409000
761000 725000
1467000 1398000
1195000 1128000
1024000 989000
2345000 2298000
1981000 1903000
2000 3000
1218000 1136000
1071000 1013000
1926000 1884000
2434000 2373000
702000 648000
1026000 977000
890000 820000
2258000 2195000
2162000 2105000
569000 505000
2255000 2172000
2471000 2442000
518000 464000
1006000 947000
2648000 2620000
218000 193000
400000 357000
281000 256000
1503000 1436000
712000 668000
857000 797000
2790000 2714000
2481000 2393000
2077000 1992000
892000 821000
1428000 1390000
1623000 1548000
2501000 2434000
2450000 2364000
2777000 2655000
1186000 1114000
2249000 2157000
66000 52000
2408000 2345000
701000 654000
1547000 1530000
2861000 2754000
1232000 1185000
2162000 2066000
2592000 2490000
2493000 2401000
503000 452000
1655000 1592000
558000 498000
975000 936000
1848000 1812000
1303000 1213000
198000 168000
1241000 1186000
1308000 1249000
1713000 1646000
2156000 2095000
1423000 1358000
1696000 1621000
1310000 1227000
2904000 2840000
2087000 1977000
1307000 1265000
605000 544000
2505000 2402000
2528000 2418000
534000 463000
184000 161000
1766000 1735000
1917000 1876000
1395000 1351000
1902000 1824000
1987000 1909000
1219000 1167000
256000 232000
153000 131000
1744000 1682000
2204000 2110000
1178000 1111000
1317000 1241000
1063000 992000
1289000 1246000
3016000 2883000
2233000 2188000
2057000 1988000
1625000 1548000
2880000 2781000
1600000 1521000
594000 534000
900000 842000
1602000 1529000
559000 480000
2126000 2065000
2770000 2711000
2064000 1969000
2573000 2463000
1438000 1404000
352000 321000
1787000 1702000
300000 263000
1304000 1219000
468000 403000
1351000 1284000
2038000 1980000
133000 120000
2019000 1966000
658000 608000
1723000 1653000
1985000 1950000
991000 920000
2113000 2069000
1342000 1277000
152000 127000
321000 291000
473000 412000
2894000 2847000
2792000 2697000
2398000 2342000
332000 295000
2261000 2163000
2559000 2493000
1910000 1874000
644000 590000
1064000 1010000
1031000 978000
785000 751000
2781000 2674000
2745000 2651000
2614000 2559000
2260000 2191000
1226000 1150000
1551000 1491000
609000 556000
1809000 1727000
1376000 1313000
1402000 1325000
954000 909000
366000 332000
707000 643000
479000 408000
1335000 1282000
1599000 1553000
683000 636000
2171000 2109000
1357000 1281000
2578000 2469000
1680000 1628000
2651000 2602000
1599000 1557000
1763000 1728000
2724000 2669000
2016000 1969000
437000 390000
2876000 2839000
729000 678000
2741000 2700000
1712000 1669000
216000 182000
258000 229000
1208000 1157000
2925000 2805000
1593000 1519000
2491000 2425000
1755000 1682000
856000 809000
2208000 2165000
274000 244000
1412000 1369000
1360000 1321000
319000 288000
1998000 1956000
2999000 2888000
169000 151000
1021000 955000
98000 87000
2514000 2428000
2983000 2854000
1531000 1462000
841000 783000
544000 470000
653000 600000
932000 890000
2414000 2379000
578000 519000
1357000 1318000
3045000 2905000
1588000 1545000
838000 784000
154000 135000
1845000 1786000
860000 787000
2260000 2161000
1817000 1797000
1398000 1340000
762000 723000
1352000 1312000
1401000 1343000
2115000 2078000
1043000 1001000
1013000 956000
3000000 2954000
2088000 2020000
2097000 2007000
1708000 1644000
1810000 1775000
678000 612000
2911000 2880000
2836000 2794000
2636000 2527000
1263000 1184000
952000 902000
367000 323000
3030000 2913000
797000 731000
845000 779000
870000 823000
2457000 2374000
160000 136000
2502000 2423000
449000 403000
359000 314000
42000 29000
1349000 1302000
262000 234000
2335000 2284000
2296000 2218000
3011000 2877000
1346000 1258000
1876000 1843000
546000 478000
532000 472000
1325000 1248000
2545000 2475000
2145000 2049000
1942000 1911000
1999000 1952000
1997000 1924000
779000 720000
1970000 1891000
155000 133000
1362000 1310000
2532000 2449000
2601000 2557000
623000 553000
860000 807000
1801000 1750000
1401000 1313000
1222000 1144000
585000 527000
2016000 1982000
2925000 2857000
2829000 2766000
1572000 1511000
2888000 2843000
1277000 1192000
2144000 2060000
182000 168000
2567000 2477000
2014000 1947000
1035000 987000
836000 795000
1278000 1208000
3003000 2883000
2324000 2239000
1339000 1251000
318000 289000
899000 823000
1669000 1632000
2053000 1976000
2588000 2476000
1946000 1880000
348000 312000
2118000 2037000
211000 189000
90000 74000
2012000 1971000
1418000 1378000
1735000 1660000
2329000 2225000
2858000 2728000
1214000 1159000
2109000 2059000
313000 282000
452000 390000
1965000 1938000
787000 736000
2543000 2501000
2450000 2387000
176000 158000
1575000 1537000
1097000 1039000
2770000 2730000
1598000 1563000
2142000 2054000
1259000 1185000
1517000 1456000
2926000 2877000
2355000 2316000
1504000 1432000
2854000 2750000
139000 119000
2403000 2353000
2506000 2463000
9000 9000
1734000 1650000
2180000 2087000
2662000 2627000
724000 656000
520000 456000
2083000 1996000
2250000 2169000
1274000 1226000
2685000 2653000
2545000 2492000
511000 439000
947000 900000
2924000 2840000
1458000 1390000
2930000 2917000
639000 583000
2306000 2254000
2542000 2446000
2357000 2251000
2405000 2366000
1856000 1825000
2662000 2556000
2140000 2053000
1582000 1552000
2616000 2568000
2666000 2560000
2602000 2495000
1421000 1335000
2287000 2175000
924000 856000
2850000 2810000
1205000 1148000
650000 586000
620000 544000
1102000 1061000
393000 343000
709000 639000
2167000 2136000
2211000 2131000
2883000 2850000
721000 656000
993000 925000
1290000 1213000
2211000 2162000
1968000 1904000
69000 53000
986000 920000
936000 886000
144000 129000
3013000 2906000
670000 601000
1926000 1853000
1793000 1756000
792000 732000
2032000 1996000
2178000 2112000
1817000 1732000
559000 506000
2050000 1991000
2132000 2067000
725000 661000
2392000 2356000
123000 106000
2069000 1986000
2176000 2102000
2959000 2937000
764000 703000
1410000 1364000
932000 859000
1094000 1020000
1389000 1324000
728000 655000
2694000 2652000
1423000 1394000
2766000 2679000
2872000 2828000
2078000 2015000
2382000 2341000
1586000 1517000
2581000 2542000
2294000 2219000
2325000 2290000
751000 717000
161000 134000
550000 484000
965000 907000
255000 218000
2907000 2776000
2253000 2207000
684000 613000
1402000 1353000
2680000 2607000
2508000 2418000
2562000 2516000
2394000 2347000
2934000 2802000
3030000 2961000
562000 495000
36000 28000
2786000 2697000
1904000 1861000
2291000 2183000
919000 850000
1432000 1395000
598000 531000
2624000 2589000
58000 47000
1511000 1454000
935000 874000
1103000 1040000
464000 397000
2488000 2436000
839000 792000
1727000 1650000
1239000 1184000
1221000 1166000
1416000 1341000
1160000 1100000
2976000 2960000
1278000 1216000
134000 121000
507000 445000
244000 202000
205000 179000
2372000 2285000
2910000 2856000
488000 437000
1289000 1223000
1305000 1236000
3036000 2893000
2267000 2219000
1647000 1573000
2858000 2829000
2838000 2713000
2476000 2402000
1510000 1447000
1960000 1931000
1802000 1779000
120000 105000
536000 480000
1762000 1714000
923000 854000
1896000 1825000
249000 213000
949000 881000
2640000 2536000
2876000 2780000
2116000 2012000
2816000 2755000
1052000 985000
2460000 2371000
641000 567000
615000 552000
1864000 1817000
2881000 2849000
1341000 1290000
749000 676000
317000 277000
168000 152000
1505000 1435000
1845000 1805000
1663000 1585000
729000 673000
145000 122000
1181000 1113000
345000 315000
648000 592000
925000 844000
1998000 1919000
2122000 2087000
919000 871000
651000 607000
367000 328000
573000 498000
2141000 2065000
1622000 1545000
1109000 1068000
1644000 1568000
990000 918000
372000 337000
695000 649000
1329000 1261000
1373000 1314000
322000 296000
2843000 2795000
2094000 2011000
1966000 1933000
1904000 1843000
1872000 1808000
2222000 2132000
1956000 1874000
2030000 1976000
1155000 1087000
1833000 1813000
91000 83000
1723000 1666000
1947000 1872000
682000 623000
2755000 2630000
828000 788000
2229000 2178000
1243000 1183000
1618000 1540000
737000 689000
1214000 1158000
1448000 1421000
2480000 2414000
2251000 2208000
2275000 2175000
673000 621000
38000 27000
869000 809000
1646000 1570000
1043000 987000
1748000 1713000
2363000 2266000
712000 664000
2820000 2753000
844000 773000
871000 819000
776000 712000
2001000 1916000
1705000 1661000
1576000 1527000
660000 614000
994000 922000
2279000 2220000
2008000 1918000
1701000 1623000
547000 480000
2988000 2876000
2592000 2530000
3023000 2897000
1209000 1133000
2890000 2837000
1513000 1477000
1023000 953000
323000 280000
1581000 1522000
527000 456000
1348000 1304000
2371000 2275000
2133000 2032000
2693000 2636000
508000 456000
2545000 2452000
170000 149000
883000 820000
264000 225000
2259000 2162000
2623000 2580000
395000 360000
1338000 1262000
1939000 1908000
2581000 2535000
1562000 1506000
2830000 2736000
1747000 1708000
2739000 2697000
2169000 2127000
1223000 1163000
1894000 1865000
627000 565000
1833000 1808000
2770000 2653000
88000 76000
1545000 1500000
2380000 2334000
1700000 1652000
1865000 1801000
2705000 2593000
705000 662000
280000 253000
2424000 2327000
2956000 2844000
1510000 1483000
1883000 1858000
893000 847000
1591000 1554000
782000 733000
1785000 1740000
387000 346000
2590000 2555000
2856000 2787000
902000 854000
291000 267000
1565000 1498000
125000 115000
626000 557000
1935000 1864000
2638000 2544000
235000 205000
2841000 2808000
1613000 1578000
2055000 1998000
2309000 2210000
2522000 2416000
483000 416000
2208000 2109000
2708000 2659000
1299000 1248000
100000 91000
2582000 2543000
1458000 1419000
699000 639000
1162000 1131000
1286000 1214000
652000 590000
1095000 1050000
2377000 2317000
1332000 1281000
1743000 1662000
2383000 2295000
1468000 1413000
2406000 2309000
1190000 1137000
2403000 2340000
2124000 2039000
330000 301000
327000 294000
1016000 940000
2946000 2833000
2693000 2657000
83000 66000
2481000 2426000
2630000 2527000
816000 758000
1138000 1064000
1173000 1113000
1820000 1796000
1337000 1280000
22000 15000
735000 685000
2263000 2206000
672000 622000
971000 927000
764000 716000
1480000 1448000
888000 829000
2207000 2126000
2552000 2510000
1952000 1924000
2915000 2796000
749000 708000
2274000 2222000
1423000 1355000
2147000 2072000
711000 656000
517000 456000
2015000 1977000
1298000 1235000
2347000 2288000
1040000 989000
2755000 2726000
2533000 2479000
1366000 1323000
1687000 1625000
434000 382000
234000 200000
1827000 1754000
1615000 1545000
1603000 1560000
2506000 2445000
1948000 1901000
545000 477000
1221000 1142000
2526000 2484000
1649000 1599000
2708000 2613000
2890000 2761000
996000 926000
602000 531000
2335000 2223000
1424000 1347000
915000 857000
2771000 2665000
2190000 2133000
2975000 2856000
1446000 1388000
125000 111000
1142000 1079000
271000 232000
2533000 2469000
1957000 1874000
1910000 1883000
2953000 2855000
531000 469000
2822000 2706000
1163000 1098000
2239000 2194000
2188000 2102000
2647000 2610000
1709000 1631000
1307000 1245000
543000 469000
963000 889000
718000 651000
1200000 1130000
2984000 2949000
1116000 1044000
1462000 1420000
2310000 2216000
2471000 2374000
405000 358000
563000 492000
2138000 2098000
714000 646000
368000 340000
189000 162000
2735000 2624000
160000 144000
1384000 1336000
2971000 2868000
298000 258000
1991000 1919000
2165000 2078000
1077000 1025000
2885000 2752000
1444000 1381000
2403000 2292000
933000 876000
1989000 1906000
2194000 2110000
2381000 2279000
614000 545000
209000 188000
1042000 1004000
2794000 2759000
1247000 1173000
1630000 1590000
2225000 2177000
843000 778000
795000 755000
2344000 2245000
1421000 1389000
2617000 2583000
2399000 2302000
75000 58000
1500000 1459000
2064000 2002000
1004000 949000
2835000 2723000
1650000 1614000
1831000 1803000
303000 267000
2756000 2699000
2692000 2588000
1759000 1684000
389000 349000
2496000 2415000
2128000 2039000
2015000 1933000
2004000 1953000
1531000 1504000
1062000 1017000
1062000 1027000
2955000 2824000
408000 357000
1019000 980000
526000 458000
761000 724000
21000 18000
696000 642000
2150000 2058000
1771000 1726000
2820000 2789000
1679000 1631000
135000 117000
1276000 1209000
2432000 2381000
2689000 2641000
2936000 2818000
741000 691000
2127000 2088000
1330000 1260000
679000 624000
2044000 1955000
2265000 2212000
2420000 2388000
1833000 1778000
2055000 1986000
1860000 1842000
2917000 2882000
269000 237000
2015000 1955000
2940000 2919000
2438000 2370000
376000 343000
2430000 2403000
2453000 2400000
923000 864000
475000 412000
2385000 2277000
1102000 1063000
1881000 1804000
522000 462000
879000 817000
2793000 2744000
1158000 1125000
581000 518000
1447000 1376000
192000 176000
2099000 1988000
172000 149000
803000 748000
1776000 1732000
1170000 1133000
1632000 1583000
2378000 2281000
3024000 2886000
1375000 1313000
282000 249000
553000 492000
1621000 1558000
1730000 1660000
81000 65000
514000 444000
2863000 2791000
2831000 2796000
2169000 2083000
1083000 1016000
1152000 1113000
1949000 1910000
1102000 1049000
478000 429000
237000 204000
784000 747000
2174000 2084000
1155000 1116000
425000 375000
1928000 1872000
2195000 2120000
1768000 1722000
159000 141000
1011000 973000
793000 746000
148000 125000
1826000 1762000
824000 780000
930000 891000
777000 734000
345000 305000
574000 500000
1844000 1796000
522000 465000
2583000 2479000
2315000 2226000
1167000 1108000
2340000 2240000
1019000 949000
2296000 2248000
325000 295000
1611000 1535000
440000 391000
2104000 2011000
1269000 1178000
2431000 2402000
947000 875000
2549000 2491000
559000 496000
2979000 2856000
2817000 2703000
1751000 1684000
1720000 1685000
1127000 1055000
150000 126000
502000 435000
1366000 1288000
1557000 1528000
564000 508000
2080000 1983000
2436000 2410000
281000 259000
453000 387000
127000 119000
2250000 2201000
498000 441000
233000 207000
1745000 1667000
740000 677000
2088000 2006000
2693000 2600000
299000 279000
2073000 2027000
2789000 2710000
1820000 1788000
1989000 1949000
497000 449000
2637000 2567000
1446000 1408000
1378000 1320000
150000 132000
756000 700000
580000 520000
750000 706000
2173000 2125000
472000 421000
1943000 1867000
1448000 1406000
292000 251000
2191000 2109000
1206000 1138000
2891000 2853000
2433000 2369000
2041000 1950000
1580000 1538000
649000 589000
1718000 1635000
570000 523000
1721000 1690000
2235000 2167000
1313000 1258000
283000 257000
336000 301000
927000 880000
2831000 2798000
2121000 2023000
243000 213000
1024000 976000
478000 422000
10000 7000
2769000 2668000
480000 417000
938000 859000
2759000 2658000
2067000 1989000
748000 702000
811000 770000
154000 138000
2647000 2609000
1244000 1154000
1515000 1449000
2439000 2412000
2871000 2748000
201000 181000
25000 24000
1248000 1190000
2828000 2784000
636000 562000
1323000 1260000
2975000 2940000
296000 264000
2501000 2459000
2304000 2204000
160000 142000
2760000 2732000
601000 541000
1150000 1072000
629000 582000
691000 633000
2725000 2678000
796000 749000
2923000 2876000
2820000 2778000
2521000 2476000
2404000 2297000
175000 154000
528000 469000
1019000 983000
2506000 2408000
1506000 1444000
907000 831000
2286000 2195000
2519000 2425000
882000 821000
2553000 2453000
1083000 1039000
946000 899000
1877000 1856000
1237000 1165000
2608000 2514000
2921000 2831000
529000 460000
1527000 1454000
2932000 2897000
2512000 2471000
1715000 1644000
360000 317000
1818000 1778000
1266000 1180000
1315000 1234000
2617000 2512000
201000 172000
146000 127000
1880000 1817000
1935000 1891000
2236000 2180000
1423000 1365000
518000 446000
2566000 2453000
500000 433000
1200000 1145000
35000 27000
1498000 1426000
1745000 1702000
1108000 1066000
1089000 1048000
1333000 1259000
2155000 2111000
2468000 2435000
1583000 1537000
396000 348000
2599000 2547000
514000 454000
1647000 1597000
1853000 1801000
2841000 2800000
1168000 1121000
1351000 1269000
666000 615000
366000 331000
220000 195000
2996000 2861000
1970000 1922000
736000 688000
2784000 2724000
2873000 2831000
1356000 1311000
2678000 2566000
2517000 2420000
2094000 2046000
1378000 1297000
1747000 1706000
2618000 2507000
664000 597000
2977000 2864000
2368000 2330000
1964000 1913000
1148000 1073000
629000 569000
2129000 2073000
1083000 1034000
957000 890000
1355000 1280000
1571000 1544000
2338000 2266000
545000 490000
1941000 1868000
1368000 1300000
2590000 2500000
987000 944000
989000 943000
1995000 1961000
2981000 2871000
2777000 2710000
583000 521000
1819000 1743000
2562000 2509000
606000 549000
329000 305000
2417000 2329000
1653000 1605000
833000 775000
1590000 1555000
2325000 2260000
3041000 2897000
738000 675000
912000 837000
783000 722000
454000 400000
3004000 2957000
1230000 1161000
2361000 2261000
324000 293000
529000 468000
1772000 1709000
2724000 2644000
79000 61000
2821000 2708000
1729000 1654000
1443000 1371000
320000 287000
688000 637000
1438000 1366000
2910000 2887000
774000 729000
1534000 1485000
2790000 2678000
1329000 1274000
795000 730000
2588000 2544000
1108000 1054000
2183000 2117000
1862000 1804000
1800000 1711000
32000 27000
1367000 1290000
1128000 1084000
496000 446000
2289000 2228000
2233000 2153000
1488000 1426000
1707000 1644000
624000 564000
2938000 2804000
2554000 2443000
2754000 2657000
2717000 2639000
2525000 2461000
1035000 981000
127000 116000
1229000 1147000
1177000 1120000
2082000 2017000
1407000 1322000
1979000 1941000
995000 934000
2338000 2234000
2753000 2683000
647000 595000
1922000 1875000
1590000 1532000
779000 735000
1403000 1314000
944000 877000
57000 44000
800000 735000
1864000 1795000
212000 184000
482000 426000
573000 507000
1192000 1116000
456000 396000
2706000 2614000
1245000 1169000
2043000 1980000
2019000 1975000
2342000 2232000
265000 237000
2970000 2839000
2682000 2598000
1660000 1612000
864000 825000
1250000 1173000
735000 676000
2631000 2529000
1433000 1348000
395000 347000
1493000 1451000
2537000 2419000
2149000 2079000
218000 182000
492000 440000
1058000 1018000
574000 525000
1664000 1591000
1314000 1243000
2265000 2170000
1014000 969000
2820000 2701000
752000 694000
2462000 2357000
1700000 1658000
2602000 2551000
1950000 1878000
2484000 2390000
2811000 2707000
681000 608000
298000 275000
452000 397000
1289000 1207000
1736000 1699000
1679000 1636000
2884000 2781000
578000 503000
916000 868000
115000 98000
427000 365000
1229000 1175000
1736000 1653000
877000 814000
2954000 2916000
1432000 1391000
2958000 2923000
997000 947000
2574000 2538000
1060000 1024000
1824000 1785000
2159000 2129000
1285000 1230000
721000 665000
2654000 2592000
167000 140000
1969000 1936000
140000 127000
903000 856000
1413000 1374000
2719000 2617000
401000 358000
389000 352000
503000 440000
1921000 1890000
2281000 2190000
297000 273000
2274000 2188000
2264000 2224000
2569000 2480000
2680000 2638000
1759000 1723000
2230000 2185000
1469000 1401000
7000 6000
1172000 1112000
2058000 1971000
2605000 2552000
900000 850000
632000 558000
1540000 1484000
214000 184000
2338000 2295000
1828000 1772000
702000 658000
1571000 1513000
1471000 1413000
1697000 1662000
589000 520000
440000 376000
1797000 1769000
689000 619000
78000 63000
591000 524000
1737000 1688000
612000 548000
2395000 2324000
1149000 1078000
1845000 1809000
1529000 1468000
1521000 1468000
1164000 1094000
1469000 1443000
855000 804000
2092000 2019000
965000 908000
1214000 1147000
199000 170000
1992000 1912000
2660000 2547000
1563000 1494000
1455000 1378000
2872000 2823000
1849000 1826000
567000 503000
928000 856000
1325000 1273000
337000 312000
9000 7000
1787000 1747000
2463000 2434000
1317000 1259000
1190000 1149000
1047000 978000
2182000 2086000
944000 897000
2438000 2360000
2096000 2051000
2353000 2248000
1779000 1696000
352000 324000
741000 683000
515000 457000
383000 349000
1696000 1649000
2185000 2090000
1336000 1259000
565000 488000
2437000 2329000
79000 66000
2380000 2291000
2252000 2190000
2870000 2744000
1924000 1865000
1475000 1412000
2964000 2830000
1215000 1139000
2175000 2128000
711000 666000
82000 69000
1822000 1757000
1227000 1155000
791000 740000
881000 819000
1383000 1300000
2209000 2135000
2335000 2292000
2724000 2668000
321000 281000
51000 42000
2005000 1973000
375000 328000
2761000 2663000
2320000 2282000
1059000 999000
779000 737000
2873000 2812000
987000 946000
2303000 2223000
1171000 1136000
2365000 2273000
1228000 1182000
1126000 1053000
69000 59000
184000 153000
991000 942000
590000 532000
1569000 1516000
2645000 2533000
1084000 1024000
359000 330000
1464000 1418000
287000 264000
915000 843000
1899000 1868000
2495000 2418000
2783000 2678000
2461000 2421000
1058000 1015000
3028000 2910000
2886000 2759000
1194000 1151000
2726000 2626000
537000 461000
1470000 1440000
2041000 1988000
2895000 2772000
1287000 1238000
1744000 1705000
2144000 2103000
151000 125000
1640000 1571000
2585000 2553000
1477000 1437000
1291000 1236000
1373000 1330000
1171000 1128000
1600000 1559000
2541000 2445000
50000 36000
2232000 2154000
1037000 986000
305000 278000
829000 761000
1384000 1319000
2962000 2826000
2929000 2798000
2711000 2600000
2083000 2012000
2809000 2777000
2678000 2647000
2867000 2835000
404000 351000
1980000 1925000
571000 491000
1804000 1723000
985000 925000
2977000 2943000
1369000 1309000
2318000 2215000
1758000 1704000
2392000 2346000
2627000 2587000
2620000 2548000
2394000 2290000
2630000 2596000
748000 681000
2823000 2743000
1553000 1535000
1431000 1372000
1672000 1590000
2816000 2693000
1182000 1119000
2350000 2255000
2010000 1918000
45000 31000
2114000 2027000
418000 377000
806000 753000
804000 753000
2938000 2865000
1837000 1770000
2660000 2608000
1356000 1284000
1747000 1670000
322000 289000
429000 384000
1991000 1942000
166000 145000
364000 316000
2478000 2407000
1685000 1623000
1653000 1580000
2186000 2120000
1100000 1054000
432000 386000
1846000 1828000
983000 929000
2974000 2939000
200000 172000
2787000 2664000
984000 935000
1667000 1586000
570000 517000
1294000 1211000
2668000 2556000
2420000 2315000
1013000 979000
2224000 2156000
2726000 2666000
2279000 2218000
191000 166000
2568000 2473000
1382000 1338000
84000 63000
2643000 2582000
2894000 2822000
572000 504000
184000 165000
498000 445000
1159000 1109000
2433000 2395000
2156000 2064000
2187000 2142000
2947000 2827000
1656000 1606000
1897000 1830000
2082000 2014000
2454000 2425000
2320000 2246000
1459000 1413000
853000 794000
1558000 1508000
1918000 1848000
2278000 2238000
112000 100000
2383000 2320000
1920000 1839000
1024000 981000
67000 55000
658000 592000
964000 918000
1012000 958000
2555000 2468000
1542000 1475000
530000 458000
798000 742000
1984000 1928000
2134000 2085000
2621000 2518000
448000 389000
2941000 2901000
1174000 1104000
1543000 1522000
2224000 2179000
2244000 2204000
849000 791000
2317000 2213000
2473000 2440000
1039000 979000
458000 401000
1878000 1839000
933000 882000
408000 366000
2364000 2261000
156000 139000
1353000 1303000
1765000 1699000
528000 455000
1564000 1504000
965000 902000
2103000 2028000
1277000 1210000
381000 343000
418000 365000
1092000 1033000
1389000 1337000
1652000 1585000
2614000 2523000
833000 787000
1224000 1178000
281000 252000
1315000 1254000
1901000 1838000
1929000 1856000
1379000 1306000
1312000 1264000
1739000 1700000
2700000 2651000
76000 58000
2275000 2233000
1910000 1831000
160000 146000
1348000 1294000
2268000 2216000
2533000 2486000
225000 200000
437000 387000
1363000 1274000
2257000 2151000
946000 903000
6000 5000
2132000 2093000
276000 240000
2486000 2453000
2408000 2309000
2674000 2637000
433000 383000
1255000 1182000
189000 170000
576000 502000
2198000 2138000
1122000 1070000
1276000 1184000
1800000 1754000
1557000 1525000
2941000 2908000
846000 801000
842000 794000
2594000 2484000
2313000 2253000
1814000 1733000
2188000 2124000
2272000 2229000
789000 748000
1124000 1071000
2452000 2416000
789000 724000
1647000 1591000
1788000 1723000
91000 78000
114000 103000
2620000 2532000
2416000 2383000
617000 553000
1537000 1505000
2462000 2433000
2458000 2371000
1739000 1672000
2633000 2535000
653000 581000
1060000 996000
2115000 2062000
1235000 1188000
462000 401000
1444000 1398000
83000 67000
2118000 2071000
2108000 2048000
2443000 2401000
1387000 1335000
555000 480000
1225000 1158000
2139000 2100000
1142000 1104000
2943000 2806000
2891000 2784000
1892000 1857000
761000 726000
929000 877000
2063000 2007000
350000 308000
2273000 2178000
2826000 2728000
886000 826000
23000 20000
1868000 1803000
739000 677000
464000 413000
2081000 2033000
1746000 1682000
2593000 2486000
836000 774000
2509000 2416000
683000 625000
376000 333000
1046000 978000
747000 683000
1197000 1150000
1068000 1031000
2525000 2441000
1146000 1099000
1624000 1546000
116000 101000
1117000 1045000
605000 537000
481000 428000
3015000 2903000
2258000 2159000
1088000 1047000
1786000 1719000
422000 362000
855000 781000
1198000 1120000
972000 931000
924000 881000
2317000 2275000
92000 81000
188000 161000
1018000 943000
2313000 2203000
2667000 2551000
2785000 2694000
385000 345000
1042000 991000
2440000 2352000
407000 353000
863000 791000
2857000 2824000
2157000 2062000
3008000 2893000
604000 534000
2397000 2288000
442000 393000
1051000 1014000
409000 355000
1995000 1927000
405000 369000
2021000 1987000
762000 710000
2033000 1986000
1683000 1644000
1481000 1446000
1489000 1420000
2273000 2203000
1345000 1296000
2837000 2740000
2057000 1994000
1823000 1748000
733000 663000
1548000 1491000
982000 924000
1885000 1810000
1720000 1678000
2027000 1935000
2018000 1930000
332000 302000
102000 85000
2530000 2458000
2413000 2372000
1440000 1373000
1473000 1449000
2772000 2717000
1994000 1958000
2736000 2685000
2336000 2283000
2322000 2212000
1001000 954000
2867000 2765000
1277000 1224000
2553000 2477000
1706000 1640000
2860000 2746000
2398000 2344000
2906000 2875000
9000 8000
1410000 1341000
2899000 2826000
2539000 2459000
23000 18000
1021000 970000
1232000 1181000
330000 293000
2616000 2520000
451000 388000
1113000 1057000
203000 180000
2212000 2118000
1609000 1551000
286000 252000
2289000 2188000
1789000 1712000
1831000 1802000
1548000 1512000
1529000 1493000
2120000 2086000
940000 892000
373000 327000
1216000 1135000
50000 41000
1948000 1907000
2675000 2569000
305000 282000
441000 374000
1115000 1056000
2544000 2481000
862000 813000
328000 307000
2108000 2015000
1288000 1194000
1916000 1877000
2456000 2359000
891000 841000
1279000 1188000
2671000 2616000
970000 906000
2398000 2309000
657000 593000
2293000 2235000
11000 8000
2751000 2636000
2392000 2296000
217000 183000
2623000 2539000
288000 260000
2741000 2623000
2803000 2774000
934000 855000
1722000 1641000
2721000 2620000
221000 185000
1117000 1076000
193000 170000
494000 432000
1714000 1680000
1456000 1405000
1413000 1367000
810000 764000
2334000 2226000
1067000 1011000
2384000 2280000
1978000 1892000
1553000 1499000
2414000 2324000
1876000 1844000
2883000 2757000
1984000 1911000
1033000 977000
345000 317000
373000 346000
1945000 1880000
2247000 2193000
875000 831000
438000 378000
416000 374000
2605000 2502000
1335000 1249000
435000 373000
915000 867000
18000 14000
231000 206000
1876000 1840000
2644000 2532000
1419000 1335000
2374000 2276000
1205000 1156000
1427000 1382000
1478000 1406000
2800000 2690000
2909000 2862000
57000 46000
1917000 1861000
1023000 978000
2843000 2735000
1079000 1029000
1447000 1414000
1183000 1134000
2492000 2395000
1710000 1646000
2714000 2621000
793000 752000
2266000 2174000
125000 109000
2564000 2452000
928000 887000
2248000 2143000
2406000 2358000
1643000 1592000
1000 1000
692000 624000
1677000 1607000
2129000 2052000
493000 435000
2147000 2089000
2483000 2392000
1631000 1561000
2068000 1994000
720000 651000
1819000 1766000
1190000 1134000
2339000 2291000
1470000 1442000
561000 485000
2268000 2205000
873000 827000
1065000 1000000
664000 617000
677000 607000
2737000 2706000
1100000 1058000
1641000 1566000
22000 16000
980000 919000
70000 56000
1967000 1889000
560000 485000
284000 255000
2887000 2770000
398000 352000
2844000 2717000
1924000 1895000
242000 202000
337000 308000
2292000 2191000
2387000 2339000
2231000 2132000
1901000 1860000
1017000 988000
564000 502000
1509000 1442000
1580000 1551000
1887000 1839000
294000 262000
1864000 1848000
2299000 2190000
2908000 2792000
1213000 1154000
1022000 957000
510000 439000
2263000 2160000
1916000 1850000
2963000 2934000
1711000 1657000
95000 89000
573000 512000
893000 849000
859000 792000
878000 835000
1846000 1814000
2514000 2474000
2346000 2258000
1629000 1557000
896000 830000
358000 316000
788000 727000
1057000 991000
2090000 2018000
2743000 2625000
163000 139000
974000 917000
3009000 2871000
536000 472000
1326000 1242000
2052000 1969000
275000 251000
1574000 1536000
1976000 1909000
1856000 1807000
1681000 1625000
52000 37000
100000 89000
2765000 2666000
1835000 1779000
310000 279000
2113000 2019000
1660000 1598000
1676000 1610000
1746000 1687000
2935000 2832000
2956000 2914000
1805000 1762000
1003000 960000
863000 817000
1415000 1360000
2527000 2418000
2382000 2337000
706000 660000
2393000 2305000
1196000 1117000
1708000 1671000
3029000 2885000
2529000 2424000
973000 911000
2827000 2741000
2314000 2223000
1300000 1220000
1038000 972000
1772000 1724000
861000 820000
946000 875000
219000 191000
1753000 1716000
31000 26000
1306000 1263000
2818000 2768000
48000 35000
1851000 1792000
755000 715000
1790000 1716000
2126000 2045000
2152000 2063000
2253000 2202000
2275000 2234000
738000 694000
1891000 1825000
1837000 1816000
402000 363000
302000 262000
2696000 2649000
1550000 1489000
1523000 1471000
2773000 2742000
1353000 1273000
1031000 986000
2148000 2076000
2296000 2256000
46000 32000
2920000 2826000
700000 633000
235000 203000
1542000 1519000
939000 871000
1931000 1905000
895000 830000
1299000 1210000
2107000 2027000
1009000 949000
1223000 1143000
1147000 1073000
748000 697000
2134000 2057000
1493000 1426000
2786000 2746000
1858000 1782000
2823000 2750000
1017000 954000
728000 679000
397000 362000
1938000 1864000
2723000 2661000
2971000 2929000
2750000 2680000
2909000 2800000
719000 674000
1948000 1870000
1498000 1470000
269000 238000
689000 635000
1153000 1115000
1687000 1630000
1352000 1268000
1813000 1745000
2831000 2722000
1860000 1812000
61000 47000
2140000 2101000
1311000 1237000
185000 164000
211000 183000
259000 219000
242000 211000
706000 663000
2763000 2722000
2373000 2319000
1048000 1007000
880000 834000
1470000 1396000
1081000 1045000
832000 762000
875000 829000
903000 853000
372000 336000
467000 402000
1397000 1322000
854000 781000
1892000 1820000
2220000 2171000
647000 589000
2945000 2886000
2309000 2261000
1662000 1596000
192000 165000
1758000 1699000
583000 536000
1030000 984000
401000 350000
2841000 2727000
1324000 1278000
2959000 2933000
610000 543000
347000 312000
953000 882000
781000 717000
1381000 1307000
2582000 2480000
911000 865000
1982000 1902000
958000 897000
1266000 1200000
2958000 2921000
1220000 1139000
232000 203000
3022000 2910000
1010000 940000
127000 107000
1364000 1280000
1753000 1683000
342000 316000
2550000 2455000
1201000 1155000
676000 615000
1043000 1000000
1988000 1943000
1231000 1148000
577000 508000
2643000 2572000
2445000 2362000
1155000 1102000
1914000 1848000
1798000 1724000
2947000 2906000
784000 715000
2982000 2955000
323000 293000
224000 187000
1507000 1469000
2036000 1964000
2964000 2903000
504000 439000
1914000 1880000
1253000 1165000
567000 496000
930000 873000
1945000 1897000
1890000 1830000
356000 316000
2185000 2123000
449000 386000
39000 28000
1703000 1654000
805000 742000
951000 898000
1162000 1105000
125000 118000
261000 228000
2563000 2475000
642000 585000
1420000 1385000
880000 815000
1494000 1456000
2242000 2164000
585000 512000
1110000 1044000
190000 166000
51000 36000
309000 285000
1650000 1586000
1865000 1823000
1502000 1478000
65000 46000
70000 53000
2544000 2431000
2548000 2495000
2340000 2279000
1447000 1412000
1239000 1153000
1168000 1101000
2585000 2470000
862000 792000
990000 933000
386000 339000
1619000 1551000
926000 872000
2417000 2386000
2803000 2771000
2599000 2491000
2395000 2299000
2183000 2093000
2902000 2844000
1219000 1138000
343000 311000
2090000 1995000
862000 812000
2186000 2104000
253000 222000
1486000 1433000
1319000 1262000
773000 732000
929000 855000
350000 323000
1685000 1641000
1535000 1498000
972000 925000
2119000 2019000
1856000 1832000
513000 448000
1027000 971000
2048000 2001000
278000 240000
1145000 1086000
962000 921000
2269000 2162000
729000 662000
2679000 2628000
2391000 2348000
2465000 2382000
1545000 1478000
2800000 2735000
1477000 1414000
1985000 1937000
690000 625000
2433000 2392000
2433000 2338000
2799000 2769000
1472000 1427000
2794000 2673000
2526000 2443000
1234000 1150000
697000 643000
2351000 2255000
1248000 1178000
2806000 2745000
1141000 1085000
1487000 1466000
590000 535000
2727000 2686000
2456000 2417000
2523000 2470000
354000 317000
403000 361000
2882000 2851000
1637000 1604000
2192000 2155000
2337000 2226000
1100000 1036000
2947000 2892000
2742000 2707000
1825000 1760000
1456000 1411000
758000 697000
744000 672000
174000 152000
2673000 2578000
21000 14000
1913000 1885000
1431000 1362000
478000 425000
995000 952000
568000 514000
2915000 2871000
2225000 2137000
1056000 995000
1031000 998000
2654000 2553000
2318000 2277000
2485000 2390000
2774000 2689000
1099000 1043000
2356000 2252000
1533000 1468000
2707000 2654000
316000 294000
914000 862000
1575000 1517000
608000 541000
412000 360000
2878000 2775000
2888000 2776000
2302000 2232000
1371000 1297000
871000 824000
2261000 2196000
1157000 1089000
2795000 2679000
226000 202000
1585000 1542000
48000 37000
1724000 1670000
2143000 2059000
2160000 2071000
301000 272000
2924000 2909000
2988000 2946000
494000 436000
1603000 1544000
2132000 2053000
945000 876000
1188000 1133000
2510000 2441000
1810000 1777000
1405000 1318000
2781000 2728000
1332000 1251000
222000 186000
656000 593000
2851000 2786000
2467000 2366000
2514000 2457000
366000 335000
278000 250000
1236000 1172000
2033000 1989000
1775000 1690000
214000 187000
2663000 2623000
1392000 1332000
2210000 2174000
507000 451000
225000 199000
960000 890000
630000 581000
2321000 2239000
2564000 2514000
272000 248000
1544000 1482000
742000 701000
2366000 2259000
2396000 2319000
2105000 2030000
2534000 2441000
2312000 2274000
1820000 1748000
525000 448000
2972000 2842000
2285000 2183000
272000 245000
3005000 2899000
2665000 2599000
656000 601000
831000 784000
1843000 1801000
2606000 2566000
1054000 990000
438000 388000
2398000 2326000
2325000 2234000
2139000 2070000
2000000 1935000
547000 493000
2064000 2011000
2181000 2100000
436000 389000
314000 290000
5000 5000
1257000 1179000
1212000 1164000
2663000 2626000
2587000 2504000
793000 756000
2446000 2362000
2336000 2294000
858000 800000
271000 243000
474000 410000
2432000 2355000
1118000 1077000
732000 670000
306000 284000
2976000 2870000
1680000 1629000
2949000 2826000
2045000 1990000
1892000 1847000
596000 535000
1162000 1123000
1425000 1359000
1886000 1862000
2664000 2558000
210000 180000
1382000 1311000
1147000 1094000
1300000 1242000
1731000 1696000
1940000 1857000
1073000 1028000
350000 319000
2080000 2016000
2797000 2714000
1447000 1399000
2603000 2495000
2422000 2359000
1898000 1840000
2435000 2389000
2622000 2521000
1778000 1737000
1058000 999000
1198000 1144000
2974000 2841000
1285000 1225000
922000 848000
449000 398000
887000 829000
1929000 1902000
906000 848000
2945000 2920000
2067000 2022000
424000 378000
3006000 2869000
360000 326000
101000 92000
1699000 1663000
2786000 2740000
1494000 1463000
948000 880000
130000 121000
1484000 1426000
978000 915000
2367000 2286000
496000 444000
159000 132000
473000 415000
2075000 1971000
180000 157000
2874000 2815000
409000 367000
2416000 2322000
3007000 2925000
1549000 1485000
2531000 2428000
1608000 1537000
2474000 2419000
2965000 2830000
2615000 2503000
2857000 2739000
823000 774000
2002000 1968000
1359000 1307000
214000 191000
1741000 1655000
1688000 1615000
2227000 2139000
1911000 1859000
896000 840000
52000 43000
526000 466000
276000 246000
2431000 2342000
1153000 1081000
637000 578000
221000 198000
1158000 1127000
1863000 1815000
854000 803000
1249000 1179000
2383000 2321000
2863000 2745000
466000 402000
573000 513000
988000 951000
909000 860000
1791000 1753000
1194000 1134000
1950000 1921000
630000 559000
2782000 2670000
2840000 2806000
2683000 2579000
722000 675000
1373000 1305000
2115000 2058000
2536000 2429000
368000 324000
2991000 2885000
2672000 2631000
1248000 1187000
1516000 1481000
2895000 2832000
2916000 2797000
2324000 2269000
1116000 1073000
3000000 2876000
1337000 1261000
1778000 1716000
1908000 1840000
1537000 1469000
910000 861000
1532000 1509000
2827000 2782000
304000 268000
2958000 2832000
2584000 2541000
2628000 2576000
291000 255000
407000 365000
25000 22000
645000 598000
524000 452000
2248000 2198000
2516000 2472000
21000 17000
124000 113000
82000 68000
499000 442000
1543000 1516000
1754000 1719000
1179000 1139000
23000 21000
2867000 2817000
47000 33000
2453000 2373000
674000 620000
417000 365000
2914000 2868000
1218000 1169000
2285000 2230000
2002000 1922000
1029000 959000
1501000 1461000
2788000 2684000
2864000 2756000
2409000 2306000
94000 85000
1595000 1520000
267000 236000
103000 95000
1555000 1532000
2211000 2145000
809000 746000
1980000 1913000
2154000 2086000
2019000 1931000
513000 453000
2834000 2710000
96000 80000
1770000 1704000
2868000 2833000
2368000 2279000
2407000 2371000
414000 372000
572000 492000
788000 754000
2556000 2439000
1357000 1295000
1478000 1439000
335000 302000
2571000 2485000
1297000 1219000
1726000 1658000
715000 670000
1570000 1518000
1425000 1375000
713000 643000
371000 345000
1447000 1402000
1348000 1266000
41000 32000
1884000 1846000
207000 186000
938000 888000
1012000 938000
1041000 992000
2565000 2471000
378000 340000
241000 204000
233000 201000
2453000 2431000
1874000 1810000
1861000 1805000
541000 483000
859000 811000
2466000 2370000
1909000 1866000
231000 204000
745000 707000
2050000 1961000
308000 272000
1271000 1196000
2085000 1979000
121000 110000
811000 769000
2424000 2390000
2800000 2751000
2872000 2830000
3012000 2912000
2897000 2860000
1307000 1217000
2757000 2692000
2653000 2603000
2461000 2388000
1461000 1400000
1454000 1422000
1740000 1684000
57000 41000
1342000 1267000
2197000 2105000
1767000 1698000
1297000 1243000
2531000 2483000
1479000 1414000
521000 447000
2872000 2820000
1258000 1183000
2814000 2757000
1344000 1283000
2195000 2143000
2734000 2703000
1413000 1342000
2395000 2331000
1592000 1537000
1429000 1354000
566000 488000
581000 522000
1355000 1301000
1820000 1763000
1132000 1091000
1312000 1246000
2786000 2748000
160000 147000
1082000 1012000
2641000 2555000
1810000 1793000
532000 461000
2905000 2870000
2576000 2469000
426000 379000
1337000 1276000
565000 516000
1905000 1830000
140000 119000
2276000 2167000
2751000 2712000
2863000 2827000
2839000 2780000
1298000 1206000
935000 855000
2524000 2448000
1774000 1692000
1513000 1479000
1749000 1689000
628000 572000
2994000 2875000
146000 130000
1756000 1683000
2491000 2443000
557000 487000
2983000 2944000
2520000 2420000
2382000 2277000
2349000 2259000
2556000 2500000
2050000 1995000
1522000 1465000
1638000 1581000
2827000 2781000
802000 749000
982000 923000
2311000 2204000
2003000 1917000
2685000 2624000
1739000 1693000
67000 54000
1161000 1088000
1529000 1485000
2977000 2932000
2202000 2154000
741000 693000
558000 482000
1597000 1528000
577000 521000
2583000 2545000
2382000 2328000
1078000 1036000
2125000 2023000
2198000 2147000
1709000 1659000
1392000 1323000
2521000 2431000
2581000 2533000
1351000 1286000
659000 586000
584000 540000
1345000 1297000
1324000 1268000
2498000 2406000
2535000 2428000
2635000 2533000
1682000 1626000
696000 641000
715000 651000
2951000 2931000
489000 427000
2398000 2329000
1476000 1405000
482000 411000
2189000 2118000
262000 233000
2474000 2392000
2894000 2848000
2946000 2911000
248000 211000
53000 39000
1261000 1171000
2160000 2094000
420000 368000
2135000 2083000
2889000 2782000
565000 511000
430000 368000
1847000 1787000
2448000 2357000
355000 309000
91000 70000
1632000 1554000
1260000 1197000
2609000 2564000
2305000 2195000
3014000 2916000
2124000 2055000
2170000 2103000
129000 109000
2096000 2030000
1794000 1707000
1561000 1507000
2776000 2674000
753000 699000
1031000 994000
1610000 1530000
2280000 2178000
67000 57000
261000 235000
2506000 2465000
1000000 950000
1528000 1502000
2815000 2776000
2715000 2674000
622000 555000
47000 34000
2135000 2029000
2343000 2296000
1789000 1757000
110000 97000
60000 42000
1306000 1256000
618000 553000
457000 402000
2965000 2942000
1740000 1694000
232000 201000
1869000 1831000
436000 377000
1558000 1526000
343000 304000
1208000 1134000
2264000 2211000
1526000 1484000
743000 680000
2663000 2612000
625000 550000
1148000 1119000
2819000 2712000
2415000 2320000
2500000 2414000
2507000 2412000
203000 176000
1079000 1013000
28000 24000
2594000 2523000
2648000 2557000
1545000 1521000
2926000 2810000
2497000 2433000
1539000 1517000
34000 27000
645000 585000
997000 926000
1227000 1165000
529000 470000
1413000 1355000
2178000 2115000
2538000 2439000
961000 893000
2852000 2785000
2449000 2394000
63000 51000
2912000 2881000
1144000 1085000
2202000 2130000
1464000 1428000
1285000 1234000
2945000 2913000
372000 333000
984000 917000
2293000 2225000
196000 166000
1771000 1695000
842000 800000
674000 600000
1546000 1480000
1454000 1389000
1238000 1177000
245000 217000
3002000 2872000
452000 399000
223000 192000
305000 269000
2659000 2546000
2110000 2007000
538000 468000
2012000 1924000
383000 351000
270000 237000
2540000 2431000
2965000 2945000
1171000 1121000
2775000 2661000
1592000 1561000
1284000 1218000
846000 786000
1061000 991000
1941000 1915000
2292000 2237000
2534000 2488000
1129000 1057000
33000 25000
821000 766000
751000 711000
1613000 1534000
717000 667000
2137000 2039000
1484000 1455000
1293000 1247000
2961000 2935000
1963000 1888000
1073000 1021000
2710000 2617000
2504000 2423000
2161000 2064000
391000 351000
575000 528000
2078000 1975000
2193000 2106000
2560000 2460000
2174000 2113000
1175000 1135000
1942000 1917000
156000 140000
1845000 1819000
2259000 2217000
1807000 1731000
2584000 2539000
607000 559000
2963000 2838000
2461000 2432000
960000 912000
2722000 2617000
973000 919000
2894000 2859000
2803000 2761000
1985000 1910000
1035000 996000
947000 894000
2645000 2597000
870000 808000
294000 261000
1944000 1873000
1833000 1794000
2357000 2306000
2738000 2684000
1978000 1940000
1588000 1535000
1251000 1168000
1960000 1926000
2198000 2113000
1999000 1937000
434000 375000
762000 697000
697000 645000
930000 864000
2033000 1941000
2778000 2651000
2615000 2581000
1225000 1174000
1937000 1893000
295000 268000
1906000 1830000
2715000 2617000
830000 779000
2429000 2323000
1681000 1608000
2545000 2504000
429000 375000
942000 869000
526000 473000
1865000 1841000
2657000 2601000
1830000 1759000
2169000 2137000
115000 108000
297000 269000
153000 137000
2676000 2570000
266000 226000
2243000 2156000
2046000 1963000
2874000 2742000
377000 330000
594000 528000
2239000 2192000
3020000 2896000
1609000 1577000
2289000 2214000
1737000 1676000
1152000 1098000
178000 156000
119000 106000
2671000 2643000
1787000 1745000
856000 785000
2560000 2525000
450000 388000
2944000 2918000
1144000 1106000
1817000 1760000
1167000 1117000
2628000 2514000
2129000 2082000
2610000 2579000
370000 334000
2749000 2664000
2333000 2239000
2218000 2119000
2319000 2280000
579000 531000
2405000 2324000
1362000 1277000
471000 404000
194000 166000
791000 745000
661000 585000
320000 298000
1713000 1668000
1617000 1535000
61000 49000
1005000 953000
2061000 1991000
2350000 2300000
1762000 1680000
708000 657000
2943000 2924000
657000 611000
1752000 1673000
2236000 2143000
1186000 1147000
1430000 1397000
1400000 1341000
1387000 1331000
1872000 1835000
1147000 1093000
306000 274000
2166000 2076000
627000 566000
1939000 1892000
702000 644000
642000 580000
576000 518000
1138000 1092000
1683000 1608000
624000 575000
2153000 2085000
2441000 2398000
1388000 1347000
1634000 1550000
2701000 2603000
2702000 2660000
1625000 1595000
1316000 1238000
643000 574000
2888000 2852000
371000 344000
1328000 1266000
505000 444000
2433000 2405000
2984000 2938000
1663000 1627000
2941000 2915000
2574000 2475000
2370000 2333000
1439000 1379000
2616000 2570000
523000 460000
1859000 1788000
138000 117000
1461000 1417000
157000 134000
998000 927000
955000 904000
2206000 2160000
2689000 2625000
1090000 1056000
1165000 1099000
2782000 2716000
1557000 1502000
2475000 2397000
1292000 1207000
2922000 2879000
796000 744000
116000 106000
1890000 1869000
1287000 1212000
2572000 2471000
2810000 2690000
2092000 1983000
1260000 1189000
2548000 2445000
168000 150000
1895000 1853000
1114000 1046000
1698000 1645000
2299000 2257000
2231000 2187000
465000 405000
1720000 1665000
1254000 1177000
2361000 2322000
2014000 1974000
405000 368000
1023000 972000
2653000 2549000
2434000 2376000
73000 59000
1135000 1061000
2472000 2379000
2839000 2734000
1370000 1299000
1341000 1289000
1474000 1403000
482000 424000
2049000 1955000
2803000 2767000
2042000 1949000
1068000 1011000
2879000 2753000
497000 427000
19000 14000
88000 71000
2180000 2141000
2737000 2648000
2926000 2885000
2200000 2125000
888000 836000
1925000 1858000
1270000 1181000
2912000 2791000
314000 281000
1365000 1299000
2899000 2784000
1812000 1781000
2758000 2659000
819000 759000
553000 476000
2146000 2066000
2477000 2391000
1973000 1920000
2903000 2780000
1096000 1033000
370000 331000
2253000 2175000
2796000 2694000
1417000 1347000
2319000 2210000
2391000 2290000
1616000 1573000
427000 381000
147000 128000
2422000 2347000
2905000 2777000
822000 757000
2241000 2138000
2135000 2097000
1179000 1123000
2148000 2110000
2488000 2437000
1497000 1444000
582000 519000
987000 937000
2957000 2936000
1842000 1824000
1982000 1946000
274000 249000
1692000 1647000
229000 195000
2780000 2704000
864000 803000
1722000 1689000
631000 563000
2588000 2517000
1091000 1019000
2637000 2586000
2584000 2491000
2746000 2639000
2561000 2490000
2554000 2520000
2362000 2282000
1387000 1346000
1482000 1404000
2827000 2770000
2624000 2513000
2998000 2908000
737000 674000
2413000 2304000
2720000 2637000
2245000 2175000
1701000 1646000
2720000 2673000
1240000 1161000
184000 160000
1949000 1861000
267000 240000
1838000 1806000
851000 806000
2893000 2802000
1204000 1132000
1508000 1472000
831000 770000
2104000 2044000
492000 421000
1380000 1306000
1501000 1441000
2980000 2852000
1806000 1768000
2669000 2619000
1933000 1903000
1853000 1830000
2173000 2102000
2778000 2719000
1914000 1871000
1274000 1182000
293000 261000
835000 770000
2470000 2371000
1691000 1656000
2455000 2369000
2538000 2497000
322000 297000
2088000 2023000
1256000 1170000
1666000 1617000
456000 408000
1046000 995000
958000 916000
6000 6000
1757000 1688000
29000 25000
1945000 1912000
1613000 1565000
416000 359000
2086000 2010000
2272000 2175000
2558000 2459000
1842000 1773000
1396000 1321000
1571000 1534000
2763000 2647000
799000 734000
1295000 1253000
2802000 2711000
2769000 2741000
1463000 1386000
415000 373000
1303000 1244000
2480000 2447000
3039000 2898000
3027000 2915000
130000 114000
463000 394000
1296000 1239000

