55000 49000
34000 20000
23000 26000
35000 38000
34000 50000
49000 50000
29000 31000
10000 5000
18000 25000
30000 18000
40000 47000
10000 7000
35000 32000
32000 34000
45000 45000
54000 46000
13000 13000
22000 14000
17000 16000
36000 33000
36000 27000
32000 23000
36000 49000
39000 44000
4000 3000
28000 28000
22000 23000
1000 2000
27000 21000
9000 3000
33000 20000
23000 20000
16000 6000
18000 10000
8000 12000
12000 17000
40000 32000
35000 46000
44000 29000
2000 4000
10000 10000
17000 18000
37000 23000
33000 30000
39000 48000
28000 16000
43000 42000
32000 29000
26000 17000
43000 56000
31000 27000
50000 41000
8000 8000
19000 21000
20000 14000
8000 11000
42000 35000
52000 55000
6000 9000
1000 1000
24000 14000
42000 54000
25000 12000
56000 52000
31000 21000
8000 3000
41000 45000
12000 6000
14000 5000
39000 28000
51000 47000
48000 39000
22000 24000
38000 23000
43000 41000
41000 37000
11000 6000
21000 11000
48000 53000
37000 51000
43000 43000
37000 39000
19000 12000
16000 19000
41000 52000
11000 14000
44000 57000
18000 22000
7000 3000
46000 48000
42000 55000
35000 27000
53000 42000
13000 6000
29000 35000
43000 32000
30000 40000
30000 36000
29000 23000
47000 39000

