27200 14400
19600 14000
11600 19200
10800 21200
25600 15200
11200 18800
10000 4000
30400 14800
22400 15600
20400 28400
26800 24800
6000 2000
8800 13200
21200 29200
5200 8400
19600 26400
8000 11600
13600 7600
18000 20800
24000 22400
17200 26000
26000 26800
14800 5200
8800 4800
22400 19600
23600 21600
23600 9600
12400 14000
27600 14000
29600 20400
24000 14800
10800 2400
9200 4000
22000 23200
6800 2000
20400 10800
31600 23600
17200 4400
20000 27200
16000 6400
1200 800
1200 5600
30000 28000
24800 18800
2800 6400
14000 8800
9600 12400
4400 5200
28800 16000
18400 15200
20000 28800
17600 9200
18000 16400
23600 22000
19200 7200
20000 24400
17600 16800
23200 12000
9600 11200
4800 6000
800 2400
26000 10800
16000 23600
24400 18000
4800 10800
3200 7600
12800 5600
12400 3200
14800 12000
21200 9600
7600 2400
18000 12000
400 1200
12800 13600
14400 16000
3200 2400
20000 22800
16400 24800
20800 12800
22800 15600
20000 18000
10800 10400
15200 8000
7200 8000
30800 18400
26400 23600
14800 18400
18800 17600
7200 5600
21200 24000
20000 8400
7600 14400
8400 4000
13200 17200
28400 25600
14000 25200
16400 20400
11600 14800
21600 9200
31200 20800

