24800 9600
17200 10800
22800 8800
2800 11600
4400 5200
19600 10000
18800 11600
15200 9600
20400 1200
15600 12000
17600 4000
18400 3600
20400 11200
7600 11200
23200 1200
18000 7600
20800 13200
24400 9200
800 2800
22400 4800
2800 2400
24400 11200
19600 8800
1600 3200
17200 8800
16800 7200
18400 1200
18400 8800
22400 9600
10000 9200
21600 3600
21200 5600
18000 8800
19200 11600
17600 13200
7600 6400
14800 10000
17200 6800
2400 9200
15600 7200
2800 2000
18800 2000
16400 11600
21200 13200
20800 9200
8400 5600
5200 7200
8800 9200
8800 2800
19200 7200
6800 5200
9200 6800
13200 7600
11200 4800
5600 3600
5200 3600
7200 3600
8000 6000
13600 6400
6000 7200
13200 4800
7600 5200
7200 5600
8400 6800
4800 5200
13200 4400
9600 5200
9200 4800
12400 7200
14800 7200
14800 5600
10400 7200
3600 3600
11600 5600
10800 5200
8000 7200
7600 4400
6000 4000
6800 6800
5600 6000
3600 5200
6400 7200
12000 4800
11600 3600
7200 6800
6000 3200
8400 3600
4000 4000
12000 4400
14400 4400
14000 6000
13600 5600
12000 6000
10000 3600
12800 6000
8800 5600
14400 5600
12400 3600
4000 6000
5600 5200

