This is e-pTeX, Version 3.1415926-p3.3-110825-2.5 (utf8.sjis) (TeX Live 2012/W32TeX) (format=platex 2013.1.4)  29 JAN 2013 13:50
entering extended mode
 restricted \write18 enabled.
 %&-line parsing enabled.
**personal.tex
(./personal.tex
pLaTeX2e <2006/11/10>+0 (based on LaTeX2e <2011/06/27> patch level 0)
Babel <v3.8m> and hyphenation patterns for english, german-x-2012-05-30, ngerma
n-x-2012-05-30, afrikaans, ancientgreek, ibycus, arabic, armenian, basque, bulg
arian, catalan, pinyin, coptic, croatian, czech, danish, dutch, ukenglish, usen
glishmax, esperanto, estonian, ethiopic, farsi, finnish, french, friulan, galic
ian, german, ngerman, swissgerman, monogreek, greek, hungarian, icelandic, assa
mese, bengali, gujarati, hindi, kannada, malayalam, marathi, oriya, panjabi, ta
mil, telugu, indonesian, interlingua, irish, italian, kurmanji, latin, latvian,
 lithuanian, mongolian, mongolianlmc, bokmal, nynorsk, polish, portuguese, roma
nian, romansh, russian, sanskrit, serbian, serbianc, slovak, slovenian, spanish
, swedish, turkish, turkmen, ukrainian, uppersorbian, welsh, dumylang, nohyphen
ation, loaded.
! Undefined control sequence.
l.2 \Name
         {石井　祥悟}
? 
! Emergency stop.
l.2 \Name
         {石井　祥悟}
End of file on the terminal!

 
Here is how much of TeX's memory you used:
 5 strings out of 494054
 54 string characters out of 6159315
 52003 words of memory out of 5000000
 3531 multiletter control sequences out of 15000+600000
 7511 words of font info for 31 fonts, out of 8000000 for 9000
 745 hyphenation exceptions out of 8191
 5i,0n,1p,32b,8s stack positions out of 5000i,500n,10000p,500000b,50000s
No pages of output.
